This file contains any messages produced by compilers while
running configure, to aid debugging if configure makes a mistake.

It was created by Prx Core configure 1.0.0, which was
generated by GNU Autoconf 2.69.  Invocation command line was

  $ ./configure --prefix=/ --disable-tests --disable-zmq

## --------- ##
## Platform. ##
## --------- ##

hostname = m5079.contaboserver.net
uname -m = x86_64
uname -r = 4.4.0-138-generic
uname -s = Linux
uname -v = #164-Ubuntu SMP Tue Oct 2 17:16:02 UTC 2018

/usr/bin/uname -p = unknown
/bin/uname -X     = unknown

/bin/arch              = unknown
/usr/bin/arch -k       = unknown
/usr/convex/getsysinfo = unknown
/usr/bin/hostinfo      = unknown
/bin/machine           = unknown
/usr/bin/oslevel       = unknown
/bin/universe          = unknown

PATH: /usr/local/sbin
PATH: /usr/local/bin
PATH: /usr/sbin
PATH: /usr/bin
PATH: /sbin
PATH: /bin
PATH: /usr/games
PATH: /usr/local/games


## ----------- ##
## Core tests. ##
## ----------- ##

configure:2807: loading site script /root/proxynode/depends/x86_64-apple-darwin11/share/config.site
| depends_prefix="`dirname ${ac_site_file}`/.."
| 
| cross_compiling=maybe
| host_alias=x86_64-apple-darwin11
| ac_tool_prefix=${host_alias}-
| 
| if test -z $with_boost; then
|   with_boost=$depends_prefix
| fi
| if test -z $with_qt_plugindir; then
|   with_qt_plugindir=$depends_prefix/plugins
| fi
| if test -z $with_qt_translationdir; then
|   with_qt_translationdir=$depends_prefix/translations
| fi
| if test -z $with_qt_bindir && test -z ""; then
|   with_qt_bindir=$depends_prefix/native/bin
| fi
| if test -z $with_protoc_bindir && test -z ""; then
|   with_protoc_bindir=$depends_prefix/native/bin
| fi
| 
| 
| if test -z $enable_wallet && test -n ""; then
|   enable_wallet=no
| fi
| 
| if test -z $with_miniupnpc && test -n ""; then
|   with_miniupnpc=no
| fi
| 
| if test -z $with_gui && test -n ""; then
|   with_gui=no
| fi
| 
| if test xdarwin = xdarwin; then
|   BREW=no
|   PORT=no
| fi
| 
| if test xdarwin = xmingw32; then
|   if test -z $with_qt_incdir; then
|     with_qt_incdir=$depends_prefix/include
|   fi
|   if test -z $with_qt_libdir; then
|     with_qt_libdir=$depends_prefix/lib
|   fi
| fi
| 
| PATH=$depends_prefix/native/bin:$PATH
| PKG_CONFIG="`which pkg-config` --static"
| 
| # These two need to remain exported because pkg-config does not see them
| # otherwise. That means they must be unexported at the end of configure.ac to
| # avoid ruining the cache. Sigh.
| export PKG_CONFIG_PATH=$depends_prefix/share/pkgconfig:$depends_prefix/lib/pkgconfig
| if test -z ""; then
|   export PKGCONFIG_LIBDIR=
| fi
| 
| CPPFLAGS="-I$depends_prefix/include/ $CPPFLAGS"
| LDFLAGS="-L$depends_prefix/lib $LDFLAGS"
| 
| CC="/root/proxynode/depends/x86_64-apple-darwin11/native/bin/clang -target x86_64-apple-darwin11 -mmacosx-version-min=10.8 --sysroot /root/proxynode/depends/SDKs/MacOSX10.11.sdk -mlinker-version=253.9"
| CXX="/root/proxynode/depends/x86_64-apple-darwin11/native/bin/clang++ -target x86_64-apple-darwin11 -mmacosx-version-min=10.8 --sysroot /root/proxynode/depends/SDKs/MacOSX10.11.sdk -mlinker-version=253.9 -stdlib=libc++"
| OBJC="${CC}"
| CCACHE=$depends_prefix/native/bin/ccache
| PYTHONPATH=$depends_prefix/native/lib/python/dist-packages:$PYTHONPATH
| 
| if test -n "/root/proxynode/depends/x86_64-apple-darwin11/native/bin/x86_64-apple-darwin11-ar"; then
|   AR=/root/proxynode/depends/x86_64-apple-darwin11/native/bin/x86_64-apple-darwin11-ar
|   ac_cv_path_ac_pt_AR=${AR}
| fi
| 
| if test -n "/root/proxynode/depends/x86_64-apple-darwin11/native/bin/x86_64-apple-darwin11-ranlib"; then
|   RANLIB=/root/proxynode/depends/x86_64-apple-darwin11/native/bin/x86_64-apple-darwin11-ranlib
|   ac_cv_path_ac_pt_RANLIB=${RANLIB}
| fi
| 
| if test -n "/root/proxynode/depends/x86_64-apple-darwin11/native/bin/x86_64-apple-darwin11-nm"; then
|   NM=/root/proxynode/depends/x86_64-apple-darwin11/native/bin/x86_64-apple-darwin11-nm
|   ac_cv_path_ac_pt_NM=${NM}
| fi
| 
| if test -n ""; then
|   enable_reduce_exports=no
| fi
| 
| if test -n "-pipe -O2"; then
|   CFLAGS="-pipe -O2 $CFLAGS"
| fi
| if test -n "-pipe -O2"; then
|   CXXFLAGS="-pipe -O2 $CXXFLAGS"
| fi
| if test -n ""; then
|   CPPFLAGS=" $CPPFLAGS"
| fi
| if test -n ""; then
|   LDFLAGS=" $LDFLAGS"
| fi
configure:2941: checking build system type
configure:2955: result: x86_64-pc-linux-gnu
configure:2975: checking host system type
configure:2988: result: x86_64-apple-darwin11
configure:3031: checking for a BSD-compatible install
configure:3099: result: /usr/bin/install -c
configure:3110: checking whether build environment is sane
configure:3165: result: yes
configure:3224: checking for x86_64-apple-darwin11-strip
configure:3240: found /root/proxynode/depends/x86_64-apple-darwin11/share/../native/bin/x86_64-apple-darwin11-strip
configure:3251: result: x86_64-apple-darwin11-strip
configure:3316: checking for a thread-safe mkdir -p
configure:3355: result: /bin/mkdir -p
configure:3362: checking for gawk
configure:3392: result: no
configure:3362: checking for mawk
configure:3378: found /usr/bin/mawk
configure:3389: result: mawk
configure:3400: checking whether make sets $(MAKE)
configure:3422: result: yes
configure:3451: checking whether make supports nested variables
configure:3468: result: yes
configure:3587: checking whether to enable maintainer-specific portions of Makefiles
configure:3596: result: yes
configure:3621: checking whether make supports nested variables
configure:3638: result: yes
configure:3767: checking for C++ compiler version
configure:3776: /root/proxynode/depends/x86_64-apple-darwin11/native/bin/clang++ -target x86_64-apple-darwin11 -mmacosx-version-min=10.8 --sysroot /root/proxynode/depends/SDKs/MacOSX10.11.sdk -mlinker-version=253.9 -stdlib=libc++ --version >&5
clang version 3.7.1 (tags/RELEASE_371/final)
Target: x86_64-apple-darwin11
Thread model: posix
configure:3787: $? = 0
configure:3776: /root/proxynode/depends/x86_64-apple-darwin11/native/bin/clang++ -target x86_64-apple-darwin11 -mmacosx-version-min=10.8 --sysroot /root/proxynode/depends/SDKs/MacOSX10.11.sdk -mlinker-version=253.9 -stdlib=libc++ -v >&5
clang version 3.7.1 (tags/RELEASE_371/final)
Target: x86_64-apple-darwin11
Thread model: posix
clang: warning: argument unused during compilation: '-mmacosx-version-min=10.8'
clang: warning: argument unused during compilation: '-mlinker-version=253.9'
clang: warning: argument unused during compilation: '-stdlib=libc++'
configure:3787: $? = 0
configure:3776: /root/proxynode/depends/x86_64-apple-darwin11/native/bin/clang++ -target x86_64-apple-darwin11 -mmacosx-version-min=10.8 --sysroot /root/proxynode/depends/SDKs/MacOSX10.11.sdk -mlinker-version=253.9 -stdlib=libc++ -V >&5
clang: error: argument to '-V' is missing (expected 1 value)
clang: error: no input files
configure:3787: $? = 1
configure:3776: /root/proxynode/depends/x86_64-apple-darwin11/native/bin/clang++ -target x86_64-apple-darwin11 -mmacosx-version-min=10.8 --sysroot /root/proxynode/depends/SDKs/MacOSX10.11.sdk -mlinker-version=253.9 -stdlib=libc++ -qversion >&5
clang: error: unknown argument: '-qversion'
clang: error: no input files
configure:3787: $? = 1
configure:3807: checking whether the C++ compiler works
configure:3829: /root/proxynode/depends/x86_64-apple-darwin11/native/bin/clang++ -target x86_64-apple-darwin11 -mmacosx-version-min=10.8 --sysroot /root/proxynode/depends/SDKs/MacOSX10.11.sdk -mlinker-version=253.9 -stdlib=libc++ -pipe -O2  -I/root/proxynode/depends/x86_64-apple-darwin11/share/../include/  -L/root/proxynode/depends/x86_64-apple-darwin11/share/../lib  conftest.cpp  >&5
configure:3833: $? = 0
configure:3881: result: yes
configure:3884: checking for C++ compiler default output file name
configure:3886: result: a.out
configure:3892: checking for suffix of executables
configure:3899: /root/proxynode/depends/x86_64-apple-darwin11/native/bin/clang++ -target x86_64-apple-darwin11 -mmacosx-version-min=10.8 --sysroot /root/proxynode/depends/SDKs/MacOSX10.11.sdk -mlinker-version=253.9 -stdlib=libc++ -o conftest -pipe -O2  -I/root/proxynode/depends/x86_64-apple-darwin11/share/../include/  -L/root/proxynode/depends/x86_64-apple-darwin11/share/../lib  conftest.cpp  >&5
configure:3903: $? = 0
configure:3925: result: 
configure:3947: checking whether we are cross compiling
configure:3955: /root/proxynode/depends/x86_64-apple-darwin11/native/bin/clang++ -target x86_64-apple-darwin11 -mmacosx-version-min=10.8 --sysroot /root/proxynode/depends/SDKs/MacOSX10.11.sdk -mlinker-version=253.9 -stdlib=libc++ -o conftest -pipe -O2  -I/root/proxynode/depends/x86_64-apple-darwin11/share/../include/  -L/root/proxynode/depends/x86_64-apple-darwin11/share/../lib  conftest.cpp  >&5
configure:3959: $? = 0
configure:3966: ./conftest
./configure: line 3968: ./conftest: cannot execute binary file: Exec format error
configure:3970: $? = 126
configure:3985: result: yes
configure:3990: checking for suffix of object files
configure:4012: /root/proxynode/depends/x86_64-apple-darwin11/native/bin/clang++ -target x86_64-apple-darwin11 -mmacosx-version-min=10.8 --sysroot /root/proxynode/depends/SDKs/MacOSX10.11.sdk -mlinker-version=253.9 -stdlib=libc++ -c -pipe -O2  -I/root/proxynode/depends/x86_64-apple-darwin11/share/../include/  conftest.cpp >&5
configure:4016: $? = 0
configure:4037: result: o
configure:4041: checking whether we are using the GNU C++ compiler
configure:4060: /root/proxynode/depends/x86_64-apple-darwin11/native/bin/clang++ -target x86_64-apple-darwin11 -mmacosx-version-min=10.8 --sysroot /root/proxynode/depends/SDKs/MacOSX10.11.sdk -mlinker-version=253.9 -stdlib=libc++ -c -pipe -O2  -I/root/proxynode/depends/x86_64-apple-darwin11/share/../include/  conftest.cpp >&5
configure:4060: $? = 0
configure:4069: result: yes
configure:4078: checking whether /root/proxynode/depends/x86_64-apple-darwin11/native/bin/clang++ -target x86_64-apple-darwin11 -mmacosx-version-min=10.8 --sysroot /root/proxynode/depends/SDKs/MacOSX10.11.sdk -mlinker-version=253.9 -stdlib=libc++ accepts -g
configure:4098: /root/proxynode/depends/x86_64-apple-darwin11/native/bin/clang++ -target x86_64-apple-darwin11 -mmacosx-version-min=10.8 --sysroot /root/proxynode/depends/SDKs/MacOSX10.11.sdk -mlinker-version=253.9 -stdlib=libc++ -c -g -I/root/proxynode/depends/x86_64-apple-darwin11/share/../include/  conftest.cpp >&5
configure:4098: $? = 0
configure:4139: result: yes
configure:4173: checking for style of include used by make
configure:4201: result: GNU
configure:4227: checking dependency style of /root/proxynode/depends/x86_64-apple-darwin11/native/bin/clang++ -target x86_64-apple-darwin11 -mmacosx-version-min=10.8 --sysroot /root/proxynode/depends/SDKs/MacOSX10.11.sdk -mlinker-version=253.9 -stdlib=libc++
configure:4338: result: gcc3
configure:4367: checking whether /root/proxynode/depends/x86_64-apple-darwin11/native/bin/clang++ -target x86_64-apple-darwin11 -mmacosx-version-min=10.8 --sysroot /root/proxynode/depends/SDKs/MacOSX10.11.sdk -mlinker-version=253.9 -stdlib=libc++ supports C++11 features by default
configure:4661: /root/proxynode/depends/x86_64-apple-darwin11/native/bin/clang++ -target x86_64-apple-darwin11 -mmacosx-version-min=10.8 --sysroot /root/proxynode/depends/SDKs/MacOSX10.11.sdk -mlinker-version=253.9 -stdlib=libc++ -c -pipe -O2  -I/root/proxynode/depends/x86_64-apple-darwin11/share/../include/  conftest.cpp >&5
conftest.cpp:20:2: error: "This is not a C++11 compiler"
#error "This is not a C++11 compiler"
 ^
1 error generated.
configure:4661: $? = 1
configure: failed program was:
| /* confdefs.h */
| #define PACKAGE_NAME "Prx Core"
| #define PACKAGE_TARNAME "prx"
| #define PACKAGE_VERSION "1.0.0"
| #define PACKAGE_STRING "Prx Core 1.0.0"
| #define PACKAGE_BUGREPORT "www.prx.org"
| #define PACKAGE_URL ""
| /* end confdefs.h.  */
| 
| 
| // If the compiler admits that it is not ready for C++11, why torture it?
| // Hopefully, this will speed up the test.
| 
| #ifndef __cplusplus
| 
| #error "This is not a C++ compiler"
| 
| #elif __cplusplus < 201103L
| 
| #error "This is not a C++11 compiler"
| 
| #else
| 
| namespace cxx11
| {
| 
|   namespace test_static_assert
|   {
| 
|     template <typename T>
|     struct check
|     {
|       static_assert(sizeof(int) <= sizeof(T), "not big enough");
|     };
| 
|   }
| 
|   namespace test_final_override
|   {
| 
|     struct Base
|     {
|       virtual void f() {}
|     };
| 
|     struct Derived : public Base
|     {
|       virtual void f() override {}
|     };
| 
|   }
| 
|   namespace test_double_right_angle_brackets
|   {
| 
|     template < typename T >
|     struct check {};
| 
|     typedef check<void> single_type;
|     typedef check<check<void>> double_type;
|     typedef check<check<check<void>>> triple_type;
|     typedef check<check<check<check<void>>>> quadruple_type;
| 
|   }
| 
|   namespace test_decltype
|   {
| 
|     int
|     f()
|     {
|       int a = 1;
|       decltype(a) b = 2;
|       return a + b;
|     }
| 
|   }
| 
|   namespace test_type_deduction
|   {
| 
|     template < typename T1, typename T2 >
|     struct is_same
|     {
|       static const bool value = false;
|     };
| 
|     template < typename T >
|     struct is_same<T, T>
|     {
|       static const bool value = true;
|     };
| 
|     template < typename T1, typename T2 >
|     auto
|     add(T1 a1, T2 a2) -> decltype(a1 + a2)
|     {
|       return a1 + a2;
|     }
| 
|     int
|     test(const int c, volatile int v)
|     {
|       static_assert(is_same<int, decltype(0)>::value == true, "");
|       static_assert(is_same<int, decltype(c)>::value == false, "");
|       static_assert(is_same<int, decltype(v)>::value == false, "");
|       auto ac = c;
|       auto av = v;
|       auto sumi = ac + av + 'x';
|       auto sumf = ac + av + 1.0;
|       static_assert(is_same<int, decltype(ac)>::value == true, "");
|       static_assert(is_same<int, decltype(av)>::value == true, "");
|       static_assert(is_same<int, decltype(sumi)>::value == true, "");
|       static_assert(is_same<int, decltype(sumf)>::value == false, "");
|       static_assert(is_same<int, decltype(add(c, v))>::value == true, "");
|       return (sumf > 0.0) ? sumi : add(c, v);
|     }
| 
|   }
| 
|   namespace test_noexcept
|   {
| 
|     int f() { return 0; }
|     int g() noexcept { return 0; }
| 
|     static_assert(noexcept(f()) == false, "");
|     static_assert(noexcept(g()) == true, "");
| 
|   }
| 
|   namespace test_constexpr
|   {
| 
|     template < typename CharT >
|     unsigned long constexpr
|     strlen_c_r(const CharT *const s, const unsigned long acc) noexcept
|     {
|       return *s ? strlen_c_r(s + 1, acc + 1) : acc;
|     }
| 
|     template < typename CharT >
|     unsigned long constexpr
|     strlen_c(const CharT *const s) noexcept
|     {
|       return strlen_c_r(s, 0UL);
|     }
| 
|     static_assert(strlen_c("") == 0UL, "");
|     static_assert(strlen_c("1") == 1UL, "");
|     static_assert(strlen_c("example") == 7UL, "");
|     static_assert(strlen_c("another\0example") == 7UL, "");
| 
|   }
| 
|   namespace test_rvalue_references
|   {
| 
|     template < int N >
|     struct answer
|     {
|       static constexpr int value = N;
|     };
| 
|     answer<1> f(int&)       { return answer<1>(); }
|     answer<2> f(const int&) { return answer<2>(); }
|     answer<3> f(int&&)      { return answer<3>(); }
| 
|     void
|     test()
|     {
|       int i = 0;
|       const int c = 0;
|       static_assert(decltype(f(i))::value == 1, "");
|       static_assert(decltype(f(c))::value == 2, "");
|       static_assert(decltype(f(0))::value == 3, "");
|     }
| 
|   }
| 
|   namespace test_uniform_initialization
|   {
| 
|     struct test
|     {
|       static const int zero {};
|       static const int one {1};
|     };
| 
|     static_assert(test::zero == 0, "");
|     static_assert(test::one == 1, "");
| 
|   }
| 
|   namespace test_lambdas
|   {
| 
|     void
|     test1()
|     {
|       auto lambda1 = [](){};
|       auto lambda2 = lambda1;
|       lambda1();
|       lambda2();
|     }
| 
|     int
|     test2()
|     {
|       auto a = [](int i, int j){ return i + j; }(1, 2);
|       auto b = []() -> int { return '0'; }();
|       auto c = [=](){ return a + b; }();
|       auto d = [&](){ return c; }();
|       auto e = [a, &b](int x) mutable {
|         const auto identity = [](int y){ return y; };
|         for (auto i = 0; i < a; ++i)
|           a += b--;
|         return x + identity(a + b);
|       }(0);
|       return a + b + c + d + e;
|     }
| 
|     int
|     test3()
|     {
|       const auto nullary = [](){ return 0; };
|       const auto unary = [](int x){ return x; };
|       using nullary_t = decltype(nullary);
|       using unary_t = decltype(unary);
|       const auto higher1st = [](nullary_t f){ return f(); };
|       const auto higher2nd = [unary](nullary_t f1){
|         return [unary, f1](unary_t f2){ return f2(unary(f1())); };
|       };
|       return higher1st(nullary) + higher2nd(nullary)(unary);
|     }
| 
|   }
| 
|   namespace test_variadic_templates
|   {
| 
|     template <int...>
|     struct sum;
| 
|     template <int N0, int... N1toN>
|     struct sum<N0, N1toN...>
|     {
|       static constexpr auto value = N0 + sum<N1toN...>::value;
|     };
| 
|     template <>
|     struct sum<>
|     {
|       static constexpr auto value = 0;
|     };
| 
|     static_assert(sum<>::value == 0, "");
|     static_assert(sum<1>::value == 1, "");
|     static_assert(sum<23>::value == 23, "");
|     static_assert(sum<1, 2>::value == 3, "");
|     static_assert(sum<5, 5, 11>::value == 21, "");
|     static_assert(sum<2, 3, 5, 7, 11, 13>::value == 41, "");
| 
|   }
| 
|   // http://stackoverflow.com/questions/13728184/template-aliases-and-sfinae
|   // Clang 3.1 fails with headers of libstd++ 4.8.3 when using std::function
|   // because of this.
|   namespace test_template_alias_sfinae
|   {
| 
|     struct foo {};
| 
|     template<typename T>
|     using member = typename T::member_type;
| 
|     template<typename T>
|     void func(...) {}
| 
|     template<typename T>
|     void func(member<T>*) {}
| 
|     void test();
| 
|     void test() { func<foo>(0); }
| 
|   }
| 
| }  // namespace cxx11
| 
| #endif  // __cplusplus >= 201103L
| 
| 
| 
configure:4668: result: no
configure:4679: checking whether /root/proxynode/depends/x86_64-apple-darwin11/native/bin/clang++ -target x86_64-apple-darwin11 -mmacosx-version-min=10.8 --sysroot /root/proxynode/depends/SDKs/MacOSX10.11.sdk -mlinker-version=253.9 -stdlib=libc++ supports C++11 features with -std=c++11
configure:4975: /root/proxynode/depends/x86_64-apple-darwin11/native/bin/clang++ -target x86_64-apple-darwin11 -mmacosx-version-min=10.8 --sysroot /root/proxynode/depends/SDKs/MacOSX10.11.sdk -mlinker-version=253.9 -stdlib=libc++ -std=c++11 -c -pipe -O2  -I/root/proxynode/depends/x86_64-apple-darwin11/share/../include/  conftest.cpp >&5
configure:4975: $? = 0
configure:4984: result: yes
configure:5034: checking for x86_64-apple-darwin11-g++
configure:5061: result: /root/proxynode/depends/x86_64-apple-darwin11/native/bin/clang++ -target x86_64-apple-darwin11 -mmacosx-version-min=10.8 --sysroot /root/proxynode/depends/SDKs/MacOSX10.11.sdk -mlinker-version=253.9 -stdlib=libc++ -std=c++11
configure:5130: checking for Objective C++ compiler version
configure:5139: /root/proxynode/depends/x86_64-apple-darwin11/native/bin/clang++ -target x86_64-apple-darwin11 -mmacosx-version-min=10.8 --sysroot /root/proxynode/depends/SDKs/MacOSX10.11.sdk -mlinker-version=253.9 -stdlib=libc++ -std=c++11 --version >&5
clang version 3.7.1 (tags/RELEASE_371/final)
Target: x86_64-apple-darwin11
Thread model: posix
configure:5150: $? = 0
configure:5139: /root/proxynode/depends/x86_64-apple-darwin11/native/bin/clang++ -target x86_64-apple-darwin11 -mmacosx-version-min=10.8 --sysroot /root/proxynode/depends/SDKs/MacOSX10.11.sdk -mlinker-version=253.9 -stdlib=libc++ -std=c++11 -v >&5
clang version 3.7.1 (tags/RELEASE_371/final)
Target: x86_64-apple-darwin11
Thread model: posix
clang: warning: argument unused during compilation: '-mmacosx-version-min=10.8'
clang: warning: argument unused during compilation: '-mlinker-version=253.9'
clang: warning: argument unused during compilation: '-stdlib=libc++'
clang: warning: argument unused during compilation: '-std=c++11'
configure:5150: $? = 0
configure:5139: /root/proxynode/depends/x86_64-apple-darwin11/native/bin/clang++ -target x86_64-apple-darwin11 -mmacosx-version-min=10.8 --sysroot /root/proxynode/depends/SDKs/MacOSX10.11.sdk -mlinker-version=253.9 -stdlib=libc++ -std=c++11 -V >&5
clang: error: argument to '-V' is missing (expected 1 value)
clang: error: no input files
configure:5150: $? = 1
configure:5139: /root/proxynode/depends/x86_64-apple-darwin11/native/bin/clang++ -target x86_64-apple-darwin11 -mmacosx-version-min=10.8 --sysroot /root/proxynode/depends/SDKs/MacOSX10.11.sdk -mlinker-version=253.9 -stdlib=libc++ -std=c++11 -qversion >&5
clang: error: unknown argument: '-qversion'
clang: error: no input files
configure:5150: $? = 1
configure:5154: checking whether we are using the GNU Objective C++ compiler
configure:5173: /root/proxynode/depends/x86_64-apple-darwin11/native/bin/clang++ -target x86_64-apple-darwin11 -mmacosx-version-min=10.8 --sysroot /root/proxynode/depends/SDKs/MacOSX10.11.sdk -mlinker-version=253.9 -stdlib=libc++ -std=c++11 -c  -I/root/proxynode/depends/x86_64-apple-darwin11/share/../include/  conftest.mm >&5
configure:5173: $? = 0
configure:5182: result: yes
configure:5191: checking whether /root/proxynode/depends/x86_64-apple-darwin11/native/bin/clang++ -target x86_64-apple-darwin11 -mmacosx-version-min=10.8 --sysroot /root/proxynode/depends/SDKs/MacOSX10.11.sdk -mlinker-version=253.9 -stdlib=libc++ -std=c++11 accepts -g
configure:5211: /root/proxynode/depends/x86_64-apple-darwin11/native/bin/clang++ -target x86_64-apple-darwin11 -mmacosx-version-min=10.8 --sysroot /root/proxynode/depends/SDKs/MacOSX10.11.sdk -mlinker-version=253.9 -stdlib=libc++ -std=c++11 -c -g -I/root/proxynode/depends/x86_64-apple-darwin11/share/../include/  conftest.mm >&5
configure:5211: $? = 0
configure:5252: result: yes
configure:5277: checking dependency style of /root/proxynode/depends/x86_64-apple-darwin11/native/bin/clang++ -target x86_64-apple-darwin11 -mmacosx-version-min=10.8 --sysroot /root/proxynode/depends/SDKs/MacOSX10.11.sdk -mlinker-version=253.9 -stdlib=libc++ -std=c++11
configure:5386: result: gcc3
configure:5448: checking how to print strings
configure:5475: result: printf
configure:5504: checking for x86_64-apple-darwin11-gcc
configure:5531: result: /root/proxynode/depends/x86_64-apple-darwin11/native/bin/clang -target x86_64-apple-darwin11 -mmacosx-version-min=10.8 --sysroot /root/proxynode/depends/SDKs/MacOSX10.11.sdk -mlinker-version=253.9
configure:5800: checking for C compiler version
configure:5809: /root/proxynode/depends/x86_64-apple-darwin11/native/bin/clang -target x86_64-apple-darwin11 -mmacosx-version-min=10.8 --sysroot /root/proxynode/depends/SDKs/MacOSX10.11.sdk -mlinker-version=253.9 --version >&5
clang version 3.7.1 (tags/RELEASE_371/final)
Target: x86_64-apple-darwin11
Thread model: posix
configure:5820: $? = 0
configure:5809: /root/proxynode/depends/x86_64-apple-darwin11/native/bin/clang -target x86_64-apple-darwin11 -mmacosx-version-min=10.8 --sysroot /root/proxynode/depends/SDKs/MacOSX10.11.sdk -mlinker-version=253.9 -v >&5
clang version 3.7.1 (tags/RELEASE_371/final)
Target: x86_64-apple-darwin11
Thread model: posix
clang: warning: argument unused during compilation: '-mmacosx-version-min=10.8'
clang: warning: argument unused during compilation: '-mlinker-version=253.9'
configure:5820: $? = 0
configure:5809: /root/proxynode/depends/x86_64-apple-darwin11/native/bin/clang -target x86_64-apple-darwin11 -mmacosx-version-min=10.8 --sysroot /root/proxynode/depends/SDKs/MacOSX10.11.sdk -mlinker-version=253.9 -V >&5
clang: error: argument to '-V' is missing (expected 1 value)
clang: error: no input files
configure:5820: $? = 1
configure:5809: /root/proxynode/depends/x86_64-apple-darwin11/native/bin/clang -target x86_64-apple-darwin11 -mmacosx-version-min=10.8 --sysroot /root/proxynode/depends/SDKs/MacOSX10.11.sdk -mlinker-version=253.9 -qversion >&5
clang: error: unknown argument: '-qversion'
clang: error: no input files
configure:5820: $? = 1
configure:5824: checking whether we are using the GNU C compiler
configure:5843: /root/proxynode/depends/x86_64-apple-darwin11/native/bin/clang -target x86_64-apple-darwin11 -mmacosx-version-min=10.8 --sysroot /root/proxynode/depends/SDKs/MacOSX10.11.sdk -mlinker-version=253.9 -c -pipe -O2  -I/root/proxynode/depends/x86_64-apple-darwin11/share/../include/  conftest.c >&5
configure:5843: $? = 0
configure:5852: result: yes
configure:5861: checking whether /root/proxynode/depends/x86_64-apple-darwin11/native/bin/clang -target x86_64-apple-darwin11 -mmacosx-version-min=10.8 --sysroot /root/proxynode/depends/SDKs/MacOSX10.11.sdk -mlinker-version=253.9 accepts -g
configure:5881: /root/proxynode/depends/x86_64-apple-darwin11/native/bin/clang -target x86_64-apple-darwin11 -mmacosx-version-min=10.8 --sysroot /root/proxynode/depends/SDKs/MacOSX10.11.sdk -mlinker-version=253.9 -c -g -I/root/proxynode/depends/x86_64-apple-darwin11/share/../include/  conftest.c >&5
configure:5881: $? = 0
configure:5922: result: yes
configure:5939: checking for /root/proxynode/depends/x86_64-apple-darwin11/native/bin/clang -target x86_64-apple-darwin11 -mmacosx-version-min=10.8 --sysroot /root/proxynode/depends/SDKs/MacOSX10.11.sdk -mlinker-version=253.9 option to accept ISO C89
configure:6002: /root/proxynode/depends/x86_64-apple-darwin11/native/bin/clang -target x86_64-apple-darwin11 -mmacosx-version-min=10.8 --sysroot /root/proxynode/depends/SDKs/MacOSX10.11.sdk -mlinker-version=253.9  -c -pipe -O2  -I/root/proxynode/depends/x86_64-apple-darwin11/share/../include/  conftest.c >&5
configure:6002: $? = 0
configure:6015: result: none needed
configure:6040: checking whether /root/proxynode/depends/x86_64-apple-darwin11/native/bin/clang -target x86_64-apple-darwin11 -mmacosx-version-min=10.8 --sysroot /root/proxynode/depends/SDKs/MacOSX10.11.sdk -mlinker-version=253.9 understands -c and -o together
configure:6062: /root/proxynode/depends/x86_64-apple-darwin11/native/bin/clang -target x86_64-apple-darwin11 -mmacosx-version-min=10.8 --sysroot /root/proxynode/depends/SDKs/MacOSX10.11.sdk -mlinker-version=253.9 -c conftest.c -o conftest2.o
configure:6065: $? = 0
configure:6062: /root/proxynode/depends/x86_64-apple-darwin11/native/bin/clang -target x86_64-apple-darwin11 -mmacosx-version-min=10.8 --sysroot /root/proxynode/depends/SDKs/MacOSX10.11.sdk -mlinker-version=253.9 -c conftest.c -o conftest2.o
configure:6065: $? = 0
configure:6077: result: yes
configure:6096: checking dependency style of /root/proxynode/depends/x86_64-apple-darwin11/native/bin/clang -target x86_64-apple-darwin11 -mmacosx-version-min=10.8 --sysroot /root/proxynode/depends/SDKs/MacOSX10.11.sdk -mlinker-version=253.9
configure:6207: result: gcc3
configure:6222: checking for a sed that does not truncate output
configure:6286: result: /bin/sed
configure:6304: checking for grep that handles long lines and -e
configure:6362: result: /bin/grep
configure:6367: checking for egrep
configure:6429: result: /bin/grep -E
configure:6434: checking for fgrep
configure:6496: result: /bin/grep -F
configure:6531: checking for ld used by /root/proxynode/depends/x86_64-apple-darwin11/native/bin/clang -target x86_64-apple-darwin11 -mmacosx-version-min=10.8 --sysroot /root/proxynode/depends/SDKs/MacOSX10.11.sdk -mlinker-version=253.9
configure:6598: result: /root/proxynode/depends/x86_64-apple-darwin11/native/bin/x86_64-apple-darwin11-ld
configure:6605: checking if the linker (/root/proxynode/depends/x86_64-apple-darwin11/native/bin/x86_64-apple-darwin11-ld) is GNU ld
configure:6620: result: no
configure:6632: checking for BSD- or MS-compatible name lister (nm)
configure:6686: result: /root/proxynode/depends/x86_64-apple-darwin11/native/bin/x86_64-apple-darwin11-nm
configure:6816: checking the name lister (/root/proxynode/depends/x86_64-apple-darwin11/native/bin/x86_64-apple-darwin11-nm) interface
configure:6823: /root/proxynode/depends/x86_64-apple-darwin11/native/bin/clang -target x86_64-apple-darwin11 -mmacosx-version-min=10.8 --sysroot /root/proxynode/depends/SDKs/MacOSX10.11.sdk -mlinker-version=253.9 -c -pipe -O2  -I/root/proxynode/depends/x86_64-apple-darwin11/share/../include/  conftest.c >&5
configure:6826: /root/proxynode/depends/x86_64-apple-darwin11/native/bin/x86_64-apple-darwin11-nm "conftest.o"
configure:6829: output
0000000000000000 S _some_variable
configure:6836: result: BSD nm
configure:6839: checking whether ln -s works
configure:6843: result: yes
configure:6851: checking the maximum length of command line arguments
configure:6982: result: 1572864
configure:7030: checking how to convert x86_64-pc-linux-gnu file names to x86_64-apple-darwin11 format
configure:7070: result: func_convert_file_noop
configure:7077: checking how to convert x86_64-pc-linux-gnu file names to toolchain format
configure:7097: result: func_convert_file_noop
configure:7104: checking for /root/proxynode/depends/x86_64-apple-darwin11/native/bin/x86_64-apple-darwin11-ld option to reload object files
configure:7111: result: -r
configure:7145: checking for x86_64-apple-darwin11-objdump
configure:7175: result: no
configure:7185: checking for objdump
configure:7201: found /usr/bin/objdump
configure:7212: result: objdump
configure:7224: WARNING: using cross tools not prefixed with host triplet
configure:7244: checking how to recognize dependent libraries
configure:7444: result: pass_all
configure:7489: checking for x86_64-apple-darwin11-dlltool
configure:7519: result: no
configure:7529: checking for dlltool
configure:7559: result: no
configure:7589: checking how to associate runtime and link libraries
configure:7616: result: printf %s\n
configure:7633: checking for x86_64-apple-darwin11-ar
configure:7660: result: /root/proxynode/depends/x86_64-apple-darwin11/native/bin/x86_64-apple-darwin11-ar
configure:7741: checking for archiver @FILE support
configure:7758: /root/proxynode/depends/x86_64-apple-darwin11/native/bin/clang -target x86_64-apple-darwin11 -mmacosx-version-min=10.8 --sysroot /root/proxynode/depends/SDKs/MacOSX10.11.sdk -mlinker-version=253.9 -c -pipe -O2  -I/root/proxynode/depends/x86_64-apple-darwin11/share/../include/  conftest.c >&5
configure:7758: $? = 0
configure:7761: /root/proxynode/depends/x86_64-apple-darwin11/native/bin/x86_64-apple-darwin11-ar cru libconftest.a @conftest.lst >&5
x86_64-apple-darwin11-ar: @conftest.lst: No such file or directory
configure:7764: $? = 1
configure:7784: result: no
configure:7802: checking for x86_64-apple-darwin11-strip
configure:7829: result: x86_64-apple-darwin11-strip
configure:7901: checking for x86_64-apple-darwin11-ranlib
configure:7928: result: /root/proxynode/depends/x86_64-apple-darwin11/native/bin/x86_64-apple-darwin11-ranlib
configure:8070: checking command to parse /root/proxynode/depends/x86_64-apple-darwin11/native/bin/x86_64-apple-darwin11-nm output from /root/proxynode/depends/x86_64-apple-darwin11/native/bin/clang -target x86_64-apple-darwin11 -mmacosx-version-min=10.8 --sysroot /root/proxynode/depends/SDKs/MacOSX10.11.sdk -mlinker-version=253.9 object
configure:8223: /root/proxynode/depends/x86_64-apple-darwin11/native/bin/clang -target x86_64-apple-darwin11 -mmacosx-version-min=10.8 --sysroot /root/proxynode/depends/SDKs/MacOSX10.11.sdk -mlinker-version=253.9 -c -pipe -O2  -I/root/proxynode/depends/x86_64-apple-darwin11/share/../include/  conftest.c >&5
configure:8226: $? = 0
configure:8230: /root/proxynode/depends/x86_64-apple-darwin11/native/bin/x86_64-apple-darwin11-nm conftest.o \| sed -n -e 's/^.*[ ]\([BCDEGRST][BCDEGRST]*\)[ ][ ]*\([_A-Za-z][_A-Za-z0-9]*\)$/\1 \2 \2/p' | sed '/ __gnu_lto/d' \> conftest.nm
configure:8233: $? = 0
cannot find nm_test_var in conftest.nm
configure:8223: /root/proxynode/depends/x86_64-apple-darwin11/native/bin/clang -target x86_64-apple-darwin11 -mmacosx-version-min=10.8 --sysroot /root/proxynode/depends/SDKs/MacOSX10.11.sdk -mlinker-version=253.9 -c -pipe -O2  -I/root/proxynode/depends/x86_64-apple-darwin11/share/../include/  conftest.c >&5
configure:8226: $? = 0
configure:8230: /root/proxynode/depends/x86_64-apple-darwin11/native/bin/x86_64-apple-darwin11-nm conftest.o \| sed -n -e 's/^.*[ ]\([BCDEGRST][BCDEGRST]*\)[ ][ ]*_\([_A-Za-z][_A-Za-z0-9]*\)$/\1 _\2 \2/p' | sed '/ __gnu_lto/d' \> conftest.nm
configure:8233: $? = 0
configure:8299: /root/proxynode/depends/x86_64-apple-darwin11/native/bin/clang -target x86_64-apple-darwin11 -mmacosx-version-min=10.8 --sysroot /root/proxynode/depends/SDKs/MacOSX10.11.sdk -mlinker-version=253.9 -o conftest -pipe -O2  -I/root/proxynode/depends/x86_64-apple-darwin11/share/../include/  -L/root/proxynode/depends/x86_64-apple-darwin11/share/../lib  conftest.c conftstm.o >&5
configure:8302: $? = 0
configure:8340: result: ok
configure:8387: checking for sysroot
configure:8417: result: no
configure:8424: checking for a working dd
configure:8462: result: /bin/dd
configure:8466: checking how to truncate binary pipes
configure:8481: result: /bin/dd bs=4096 count=1
configure:8770: checking for x86_64-apple-darwin11-mt
configure:8800: result: no
configure:8810: checking for mt
configure:8826: found /bin/mt
configure:8837: result: mt
configure:8860: checking if mt is a manifest tool
configure:8866: mt '-?'
configure:8874: result: no
configure:8890: checking for x86_64-apple-darwin11-dsymutil
configure:8906: found /root/proxynode/depends/x86_64-apple-darwin11/share/../native/bin/x86_64-apple-darwin11-dsymutil
configure:8917: result: x86_64-apple-darwin11-dsymutil
configure:8982: checking for x86_64-apple-darwin11-nmedit
configure:8998: found /root/proxynode/depends/x86_64-apple-darwin11/share/../native/bin/x86_64-apple-darwin11-nmedit
configure:9009: result: x86_64-apple-darwin11-nmedit
configure:9074: checking for x86_64-apple-darwin11-lipo
configure:9090: found /root/proxynode/depends/x86_64-apple-darwin11/share/../native/bin/x86_64-apple-darwin11-lipo
configure:9101: result: x86_64-apple-darwin11-lipo
configure:9166: checking for x86_64-apple-darwin11-otool
configure:9182: found /root/proxynode/depends/x86_64-apple-darwin11/share/../native/bin/x86_64-apple-darwin11-otool
configure:9193: result: x86_64-apple-darwin11-otool
configure:9258: checking for x86_64-apple-darwin11-otool64
configure:9288: result: no
configure:9298: checking for otool64
configure:9328: result: no
configure:9373: checking for -single_module linker flag
/root/proxynode/depends/x86_64-apple-darwin11/native/bin/clang -target x86_64-apple-darwin11 -mmacosx-version-min=10.8 --sysroot /root/proxynode/depends/SDKs/MacOSX10.11.sdk -mlinker-version=253.9 -pipe -O2  -L/root/proxynode/depends/x86_64-apple-darwin11/share/../lib  -o libconftest.dylib -dynamiclib -Wl,-single_module conftest.c
configure:9406: result: yes
configure:9409: checking for -exported_symbols_list linker flag
configure:9429: /root/proxynode/depends/x86_64-apple-darwin11/native/bin/clang -target x86_64-apple-darwin11 -mmacosx-version-min=10.8 --sysroot /root/proxynode/depends/SDKs/MacOSX10.11.sdk -mlinker-version=253.9 -o conftest -pipe -O2  -I/root/proxynode/depends/x86_64-apple-darwin11/share/../include/  -L/root/proxynode/depends/x86_64-apple-darwin11/share/../lib  -Wl,-exported_symbols_list,conftest.sym conftest.c  >&5
configure:9429: $? = 0
configure:9439: result: yes
configure:9442: checking for -force_load linker flag
/root/proxynode/depends/x86_64-apple-darwin11/native/bin/clang -target x86_64-apple-darwin11 -mmacosx-version-min=10.8 --sysroot /root/proxynode/depends/SDKs/MacOSX10.11.sdk -mlinker-version=253.9 -pipe -O2  -c -o conftest.o conftest.c
/root/proxynode/depends/x86_64-apple-darwin11/native/bin/x86_64-apple-darwin11-ar cru libconftest.a conftest.o
/root/proxynode/depends/x86_64-apple-darwin11/native/bin/x86_64-apple-darwin11-ranlib libconftest.a
/root/proxynode/depends/x86_64-apple-darwin11/native/bin/clang -target x86_64-apple-darwin11 -mmacosx-version-min=10.8 --sysroot /root/proxynode/depends/SDKs/MacOSX10.11.sdk -mlinker-version=253.9 -pipe -O2  -L/root/proxynode/depends/x86_64-apple-darwin11/share/../lib  -o conftest conftest.c -Wl,-force_load,./libconftest.a
configure:9474: result: yes
configure:9551: checking how to run the C preprocessor
configure:9582: /root/proxynode/depends/x86_64-apple-darwin11/native/bin/clang -target x86_64-apple-darwin11 -mmacosx-version-min=10.8 --sysroot /root/proxynode/depends/SDKs/MacOSX10.11.sdk -mlinker-version=253.9 -E -I/root/proxynode/depends/x86_64-apple-darwin11/share/../include/  conftest.c
configure:9582: $? = 0
configure:9596: /root/proxynode/depends/x86_64-apple-darwin11/native/bin/clang -target x86_64-apple-darwin11 -mmacosx-version-min=10.8 --sysroot /root/proxynode/depends/SDKs/MacOSX10.11.sdk -mlinker-version=253.9 -E -I/root/proxynode/depends/x86_64-apple-darwin11/share/../include/  conftest.c
conftest.c:10:10: fatal error: 'ac_nonexistent.h' file not found
#include <ac_nonexistent.h>
         ^
1 error generated.
configure:9596: $? = 1
configure: failed program was:
| /* confdefs.h */
| #define PACKAGE_NAME "Prx Core"
| #define PACKAGE_TARNAME "prx"
| #define PACKAGE_VERSION "1.0.0"
| #define PACKAGE_STRING "Prx Core 1.0.0"
| #define PACKAGE_BUGREPORT "www.prx.org"
| #define PACKAGE_URL ""
| #define HAVE_CXX11 1
| /* end confdefs.h.  */
| #include <ac_nonexistent.h>
configure:9621: result: /root/proxynode/depends/x86_64-apple-darwin11/native/bin/clang -target x86_64-apple-darwin11 -mmacosx-version-min=10.8 --sysroot /root/proxynode/depends/SDKs/MacOSX10.11.sdk -mlinker-version=253.9 -E
configure:9641: /root/proxynode/depends/x86_64-apple-darwin11/native/bin/clang -target x86_64-apple-darwin11 -mmacosx-version-min=10.8 --sysroot /root/proxynode/depends/SDKs/MacOSX10.11.sdk -mlinker-version=253.9 -E -I/root/proxynode/depends/x86_64-apple-darwin11/share/../include/  conftest.c
configure:9641: $? = 0
configure:9655: /root/proxynode/depends/x86_64-apple-darwin11/native/bin/clang -target x86_64-apple-darwin11 -mmacosx-version-min=10.8 --sysroot /root/proxynode/depends/SDKs/MacOSX10.11.sdk -mlinker-version=253.9 -E -I/root/proxynode/depends/x86_64-apple-darwin11/share/../include/  conftest.c
conftest.c:10:10: fatal error: 'ac_nonexistent.h' file not found
#include <ac_nonexistent.h>
         ^
1 error generated.
configure:9655: $? = 1
configure: failed program was:
| /* confdefs.h */
| #define PACKAGE_NAME "Prx Core"
| #define PACKAGE_TARNAME "prx"
| #define PACKAGE_VERSION "1.0.0"
| #define PACKAGE_STRING "Prx Core 1.0.0"
| #define PACKAGE_BUGREPORT "www.prx.org"
| #define PACKAGE_URL ""
| #define HAVE_CXX11 1
| /* end confdefs.h.  */
| #include <ac_nonexistent.h>
configure:9684: checking for ANSI C header files
configure:9704: /root/proxynode/depends/x86_64-apple-darwin11/native/bin/clang -target x86_64-apple-darwin11 -mmacosx-version-min=10.8 --sysroot /root/proxynode/depends/SDKs/MacOSX10.11.sdk -mlinker-version=253.9 -c -pipe -O2  -I/root/proxynode/depends/x86_64-apple-darwin11/share/../include/  conftest.c >&5
configure:9704: $? = 0
configure:9788: result: yes
configure:9801: checking for sys/types.h
configure:9801: /root/proxynode/depends/x86_64-apple-darwin11/native/bin/clang -target x86_64-apple-darwin11 -mmacosx-version-min=10.8 --sysroot /root/proxynode/depends/SDKs/MacOSX10.11.sdk -mlinker-version=253.9 -c -pipe -O2  -I/root/proxynode/depends/x86_64-apple-darwin11/share/../include/  conftest.c >&5
configure:9801: $? = 0
configure:9801: result: yes
configure:9801: checking for sys/stat.h
configure:9801: /root/proxynode/depends/x86_64-apple-darwin11/native/bin/clang -target x86_64-apple-darwin11 -mmacosx-version-min=10.8 --sysroot /root/proxynode/depends/SDKs/MacOSX10.11.sdk -mlinker-version=253.9 -c -pipe -O2  -I/root/proxynode/depends/x86_64-apple-darwin11/share/../include/  conftest.c >&5
configure:9801: $? = 0
configure:9801: result: yes
configure:9801: checking for stdlib.h
configure:9801: /root/proxynode/depends/x86_64-apple-darwin11/native/bin/clang -target x86_64-apple-darwin11 -mmacosx-version-min=10.8 --sysroot /root/proxynode/depends/SDKs/MacOSX10.11.sdk -mlinker-version=253.9 -c -pipe -O2  -I/root/proxynode/depends/x86_64-apple-darwin11/share/../include/  conftest.c >&5
configure:9801: $? = 0
configure:9801: result: yes
configure:9801: checking for string.h
configure:9801: /root/proxynode/depends/x86_64-apple-darwin11/native/bin/clang -target x86_64-apple-darwin11 -mmacosx-version-min=10.8 --sysroot /root/proxynode/depends/SDKs/MacOSX10.11.sdk -mlinker-version=253.9 -c -pipe -O2  -I/root/proxynode/depends/x86_64-apple-darwin11/share/../include/  conftest.c >&5
configure:9801: $? = 0
configure:9801: result: yes
configure:9801: checking for memory.h
configure:9801: /root/proxynode/depends/x86_64-apple-darwin11/native/bin/clang -target x86_64-apple-darwin11 -mmacosx-version-min=10.8 --sysroot /root/proxynode/depends/SDKs/MacOSX10.11.sdk -mlinker-version=253.9 -c -pipe -O2  -I/root/proxynode/depends/x86_64-apple-darwin11/share/../include/  conftest.c >&5
configure:9801: $? = 0
configure:9801: result: yes
configure:9801: checking for strings.h
configure:9801: /root/proxynode/depends/x86_64-apple-darwin11/native/bin/clang -target x86_64-apple-darwin11 -mmacosx-version-min=10.8 --sysroot /root/proxynode/depends/SDKs/MacOSX10.11.sdk -mlinker-version=253.9 -c -pipe -O2  -I/root/proxynode/depends/x86_64-apple-darwin11/share/../include/  conftest.c >&5
configure:9801: $? = 0
configure:9801: result: yes
configure:9801: checking for inttypes.h
configure:9801: /root/proxynode/depends/x86_64-apple-darwin11/native/bin/clang -target x86_64-apple-darwin11 -mmacosx-version-min=10.8 --sysroot /root/proxynode/depends/SDKs/MacOSX10.11.sdk -mlinker-version=253.9 -c -pipe -O2  -I/root/proxynode/depends/x86_64-apple-darwin11/share/../include/  conftest.c >&5
configure:9801: $? = 0
configure:9801: result: yes
configure:9801: checking for stdint.h
configure:9801: /root/proxynode/depends/x86_64-apple-darwin11/native/bin/clang -target x86_64-apple-darwin11 -mmacosx-version-min=10.8 --sysroot /root/proxynode/depends/SDKs/MacOSX10.11.sdk -mlinker-version=253.9 -c -pipe -O2  -I/root/proxynode/depends/x86_64-apple-darwin11/share/../include/  conftest.c >&5
configure:9801: $? = 0
configure:9801: result: yes
configure:9801: checking for unistd.h
configure:9801: /root/proxynode/depends/x86_64-apple-darwin11/native/bin/clang -target x86_64-apple-darwin11 -mmacosx-version-min=10.8 --sysroot /root/proxynode/depends/SDKs/MacOSX10.11.sdk -mlinker-version=253.9 -c -pipe -O2  -I/root/proxynode/depends/x86_64-apple-darwin11/share/../include/  conftest.c >&5
configure:9801: $? = 0
configure:9801: result: yes
configure:9815: checking for dlfcn.h
configure:9815: /root/proxynode/depends/x86_64-apple-darwin11/native/bin/clang -target x86_64-apple-darwin11 -mmacosx-version-min=10.8 --sysroot /root/proxynode/depends/SDKs/MacOSX10.11.sdk -mlinker-version=253.9 -c -pipe -O2  -I/root/proxynode/depends/x86_64-apple-darwin11/share/../include/  conftest.c >&5
configure:9815: $? = 0
configure:9815: result: yes
configure:10080: checking for objdir
configure:10095: result: .libs
configure:10359: checking if /root/proxynode/depends/x86_64-apple-darwin11/native/bin/clang -target x86_64-apple-darwin11 -mmacosx-version-min=10.8 --sysroot /root/proxynode/depends/SDKs/MacOSX10.11.sdk -mlinker-version=253.9 supports -fno-rtti -fno-exceptions
configure:10377: /root/proxynode/depends/x86_64-apple-darwin11/native/bin/clang -target x86_64-apple-darwin11 -mmacosx-version-min=10.8 --sysroot /root/proxynode/depends/SDKs/MacOSX10.11.sdk -mlinker-version=253.9 -c -pipe -O2  -I/root/proxynode/depends/x86_64-apple-darwin11/share/../include/  -fno-rtti -fno-exceptions conftest.c >&5
configure:10381: $? = 0
configure:10394: result: yes
configure:10752: checking for /root/proxynode/depends/x86_64-apple-darwin11/native/bin/clang -target x86_64-apple-darwin11 -mmacosx-version-min=10.8 --sysroot /root/proxynode/depends/SDKs/MacOSX10.11.sdk -mlinker-version=253.9 option to produce PIC
configure:10759: result: -fno-common -DPIC
configure:10767: checking if /root/proxynode/depends/x86_64-apple-darwin11/native/bin/clang -target x86_64-apple-darwin11 -mmacosx-version-min=10.8 --sysroot /root/proxynode/depends/SDKs/MacOSX10.11.sdk -mlinker-version=253.9 PIC flag -fno-common -DPIC works
configure:10785: /root/proxynode/depends/x86_64-apple-darwin11/native/bin/clang -target x86_64-apple-darwin11 -mmacosx-version-min=10.8 --sysroot /root/proxynode/depends/SDKs/MacOSX10.11.sdk -mlinker-version=253.9 -c -pipe -O2  -I/root/proxynode/depends/x86_64-apple-darwin11/share/../include/  -fno-common -DPIC -DPIC conftest.c >&5
configure:10789: $? = 0
configure:10802: result: yes
configure:10831: checking if /root/proxynode/depends/x86_64-apple-darwin11/native/bin/clang -target x86_64-apple-darwin11 -mmacosx-version-min=10.8 --sysroot /root/proxynode/depends/SDKs/MacOSX10.11.sdk -mlinker-version=253.9 static flag -static works
configure:10859: result: no
configure:10874: checking if /root/proxynode/depends/x86_64-apple-darwin11/native/bin/clang -target x86_64-apple-darwin11 -mmacosx-version-min=10.8 --sysroot /root/proxynode/depends/SDKs/MacOSX10.11.sdk -mlinker-version=253.9 supports -c -o file.o
configure:10895: /root/proxynode/depends/x86_64-apple-darwin11/native/bin/clang -target x86_64-apple-darwin11 -mmacosx-version-min=10.8 --sysroot /root/proxynode/depends/SDKs/MacOSX10.11.sdk -mlinker-version=253.9 -c -pipe -O2  -I/root/proxynode/depends/x86_64-apple-darwin11/share/../include/  -o out/conftest2.o conftest.c >&5
configure:10899: $? = 0
configure:10921: result: yes
configure:10929: checking if /root/proxynode/depends/x86_64-apple-darwin11/native/bin/clang -target x86_64-apple-darwin11 -mmacosx-version-min=10.8 --sysroot /root/proxynode/depends/SDKs/MacOSX10.11.sdk -mlinker-version=253.9 supports -c -o file.o
configure:10976: result: yes
configure:11009: checking whether the /root/proxynode/depends/x86_64-apple-darwin11/native/bin/clang -target x86_64-apple-darwin11 -mmacosx-version-min=10.8 --sysroot /root/proxynode/depends/SDKs/MacOSX10.11.sdk -mlinker-version=253.9 linker (/root/proxynode/depends/x86_64-apple-darwin11/native/bin/x86_64-apple-darwin11-ld) supports shared libraries
configure:12272: result: yes
configure:12512: checking dynamic linker characteristics
configure:13342: result: darwin11 dyld
configure:13464: checking how to hardcode library paths into programs
configure:13489: result: immediate
configure:14037: checking whether stripping libraries is possible
configure:14051: result: yes
configure:14077: checking if libtool supports shared libraries
configure:14079: result: yes
configure:14082: checking whether to build shared libraries
configure:14107: result: yes
configure:14110: checking whether to build static libraries
configure:14114: result: yes
configure:14137: checking how to run the C++ preprocessor
configure:14164: /root/proxynode/depends/x86_64-apple-darwin11/native/bin/clang++ -target x86_64-apple-darwin11 -mmacosx-version-min=10.8 --sysroot /root/proxynode/depends/SDKs/MacOSX10.11.sdk -mlinker-version=253.9 -stdlib=libc++ -std=c++11 -E -I/root/proxynode/depends/x86_64-apple-darwin11/share/../include/  conftest.cpp
configure:14164: $? = 0
configure:14178: /root/proxynode/depends/x86_64-apple-darwin11/native/bin/clang++ -target x86_64-apple-darwin11 -mmacosx-version-min=10.8 --sysroot /root/proxynode/depends/SDKs/MacOSX10.11.sdk -mlinker-version=253.9 -stdlib=libc++ -std=c++11 -E -I/root/proxynode/depends/x86_64-apple-darwin11/share/../include/  conftest.cpp
conftest.cpp:22:10: fatal error: 'ac_nonexistent.h' file not found
#include <ac_nonexistent.h>
         ^
1 error generated.
configure:14178: $? = 1
configure: failed program was:
| /* confdefs.h */
| #define PACKAGE_NAME "Prx Core"
| #define PACKAGE_TARNAME "prx"
| #define PACKAGE_VERSION "1.0.0"
| #define PACKAGE_STRING "Prx Core 1.0.0"
| #define PACKAGE_BUGREPORT "www.prx.org"
| #define PACKAGE_URL ""
| #define HAVE_CXX11 1
| #define STDC_HEADERS 1
| #define HAVE_SYS_TYPES_H 1
| #define HAVE_SYS_STAT_H 1
| #define HAVE_STDLIB_H 1
| #define HAVE_STRING_H 1
| #define HAVE_MEMORY_H 1
| #define HAVE_STRINGS_H 1
| #define HAVE_INTTYPES_H 1
| #define HAVE_STDINT_H 1
| #define HAVE_UNISTD_H 1
| #define HAVE_DLFCN_H 1
| #define LT_OBJDIR ".libs/"
| /* end confdefs.h.  */
| #include <ac_nonexistent.h>
configure:14203: result: /root/proxynode/depends/x86_64-apple-darwin11/native/bin/clang++ -target x86_64-apple-darwin11 -mmacosx-version-min=10.8 --sysroot /root/proxynode/depends/SDKs/MacOSX10.11.sdk -mlinker-version=253.9 -stdlib=libc++ -std=c++11 -E
configure:14223: /root/proxynode/depends/x86_64-apple-darwin11/native/bin/clang++ -target x86_64-apple-darwin11 -mmacosx-version-min=10.8 --sysroot /root/proxynode/depends/SDKs/MacOSX10.11.sdk -mlinker-version=253.9 -stdlib=libc++ -std=c++11 -E -I/root/proxynode/depends/x86_64-apple-darwin11/share/../include/  conftest.cpp
configure:14223: $? = 0
configure:14237: /root/proxynode/depends/x86_64-apple-darwin11/native/bin/clang++ -target x86_64-apple-darwin11 -mmacosx-version-min=10.8 --sysroot /root/proxynode/depends/SDKs/MacOSX10.11.sdk -mlinker-version=253.9 -stdlib=libc++ -std=c++11 -E -I/root/proxynode/depends/x86_64-apple-darwin11/share/../include/  conftest.cpp
conftest.cpp:22:10: fatal error: 'ac_nonexistent.h' file not found
#include <ac_nonexistent.h>
         ^
1 error generated.
configure:14237: $? = 1
configure: failed program was:
| /* confdefs.h */
| #define PACKAGE_NAME "Prx Core"
| #define PACKAGE_TARNAME "prx"
| #define PACKAGE_VERSION "1.0.0"
| #define PACKAGE_STRING "Prx Core 1.0.0"
| #define PACKAGE_BUGREPORT "www.prx.org"
| #define PACKAGE_URL ""
| #define HAVE_CXX11 1
| #define STDC_HEADERS 1
| #define HAVE_SYS_TYPES_H 1
| #define HAVE_SYS_STAT_H 1
| #define HAVE_STDLIB_H 1
| #define HAVE_STRING_H 1
| #define HAVE_MEMORY_H 1
| #define HAVE_STRINGS_H 1
| #define HAVE_INTTYPES_H 1
| #define HAVE_STDINT_H 1
| #define HAVE_UNISTD_H 1
| #define HAVE_DLFCN_H 1
| #define LT_OBJDIR ".libs/"
| /* end confdefs.h.  */
| #include <ac_nonexistent.h>
configure:14399: checking for ld used by /root/proxynode/depends/x86_64-apple-darwin11/native/bin/clang++ -target x86_64-apple-darwin11 -mmacosx-version-min=10.8 --sysroot /root/proxynode/depends/SDKs/MacOSX10.11.sdk -mlinker-version=253.9 -stdlib=libc++ -std=c++11
configure:14466: result: /root/proxynode/depends/x86_64-apple-darwin11/native/bin/x86_64-apple-darwin11-ld
configure:14473: checking if the linker (/root/proxynode/depends/x86_64-apple-darwin11/native/bin/x86_64-apple-darwin11-ld) is GNU ld
configure:14488: result: no
configure:14543: checking whether the /root/proxynode/depends/x86_64-apple-darwin11/native/bin/clang++ -target x86_64-apple-darwin11 -mmacosx-version-min=10.8 --sysroot /root/proxynode/depends/SDKs/MacOSX10.11.sdk -mlinker-version=253.9 -stdlib=libc++ -std=c++11 linker (/root/proxynode/depends/x86_64-apple-darwin11/native/bin/x86_64-apple-darwin11-ld) supports shared libraries
configure:15616: result: yes
configure:15652: /root/proxynode/depends/x86_64-apple-darwin11/native/bin/clang++ -target x86_64-apple-darwin11 -mmacosx-version-min=10.8 --sysroot /root/proxynode/depends/SDKs/MacOSX10.11.sdk -mlinker-version=253.9 -stdlib=libc++ -std=c++11 -c -pipe -O2  -I/root/proxynode/depends/x86_64-apple-darwin11/share/../include/  conftest.cpp >&5
configure:15655: $? = 0
configure:16136: checking for /root/proxynode/depends/x86_64-apple-darwin11/native/bin/clang++ -target x86_64-apple-darwin11 -mmacosx-version-min=10.8 --sysroot /root/proxynode/depends/SDKs/MacOSX10.11.sdk -mlinker-version=253.9 -stdlib=libc++ -std=c++11 option to produce PIC
configure:16143: result: -fno-common -DPIC
configure:16151: checking if /root/proxynode/depends/x86_64-apple-darwin11/native/bin/clang++ -target x86_64-apple-darwin11 -mmacosx-version-min=10.8 --sysroot /root/proxynode/depends/SDKs/MacOSX10.11.sdk -mlinker-version=253.9 -stdlib=libc++ -std=c++11 PIC flag -fno-common -DPIC works
configure:16169: /root/proxynode/depends/x86_64-apple-darwin11/native/bin/clang++ -target x86_64-apple-darwin11 -mmacosx-version-min=10.8 --sysroot /root/proxynode/depends/SDKs/MacOSX10.11.sdk -mlinker-version=253.9 -stdlib=libc++ -std=c++11 -c -pipe -O2  -I/root/proxynode/depends/x86_64-apple-darwin11/share/../include/  -fno-common -DPIC -DPIC conftest.cpp >&5
configure:16173: $? = 0
configure:16186: result: yes
configure:16209: checking if /root/proxynode/depends/x86_64-apple-darwin11/native/bin/clang++ -target x86_64-apple-darwin11 -mmacosx-version-min=10.8 --sysroot /root/proxynode/depends/SDKs/MacOSX10.11.sdk -mlinker-version=253.9 -stdlib=libc++ -std=c++11 static flag -static works
configure:16237: result: no
configure:16249: checking if /root/proxynode/depends/x86_64-apple-darwin11/native/bin/clang++ -target x86_64-apple-darwin11 -mmacosx-version-min=10.8 --sysroot /root/proxynode/depends/SDKs/MacOSX10.11.sdk -mlinker-version=253.9 -stdlib=libc++ -std=c++11 supports -c -o file.o
configure:16270: /root/proxynode/depends/x86_64-apple-darwin11/native/bin/clang++ -target x86_64-apple-darwin11 -mmacosx-version-min=10.8 --sysroot /root/proxynode/depends/SDKs/MacOSX10.11.sdk -mlinker-version=253.9 -stdlib=libc++ -std=c++11 -c -pipe -O2  -I/root/proxynode/depends/x86_64-apple-darwin11/share/../include/  -o out/conftest2.o conftest.cpp >&5
configure:16274: $? = 0
configure:16296: result: yes
configure:16301: checking if /root/proxynode/depends/x86_64-apple-darwin11/native/bin/clang++ -target x86_64-apple-darwin11 -mmacosx-version-min=10.8 --sysroot /root/proxynode/depends/SDKs/MacOSX10.11.sdk -mlinker-version=253.9 -stdlib=libc++ -std=c++11 supports -c -o file.o
configure:16348: result: yes
configure:16378: checking whether the /root/proxynode/depends/x86_64-apple-darwin11/native/bin/clang++ -target x86_64-apple-darwin11 -mmacosx-version-min=10.8 --sysroot /root/proxynode/depends/SDKs/MacOSX10.11.sdk -mlinker-version=253.9 -stdlib=libc++ -std=c++11 linker (/root/proxynode/depends/x86_64-apple-darwin11/native/bin/x86_64-apple-darwin11-ld) supports shared libraries
configure:16421: result: yes
configure:16562: checking dynamic linker characteristics
configure:17319: result: darwin11 dyld
configure:17384: checking how to hardcode library paths into programs
configure:17409: result: immediate
configure:17474: checking for x86_64-apple-darwin11-ar
configure:17504: result: /root/proxynode/depends/x86_64-apple-darwin11/native/bin/x86_64-apple-darwin11-ar
configure:17572: checking for x86_64-apple-darwin11-ranlib
configure:17602: result: /root/proxynode/depends/x86_64-apple-darwin11/native/bin/x86_64-apple-darwin11-ranlib
configure:17670: checking for x86_64-apple-darwin11-strip
configure:17688: found /root/proxynode/depends/x86_64-apple-darwin11/share/../native/bin/x86_64-apple-darwin11-strip
configure:17700: result: /root/proxynode/depends/x86_64-apple-darwin11/share/../native/bin/x86_64-apple-darwin11-strip
configure:17768: checking for x86_64-apple-darwin11-gcov
configure:17801: result: no
configure:17811: checking for gcov
configure:17829: found /usr/bin/gcov
configure:17841: result: /usr/bin/gcov
configure:17865: checking for lcov
configure:17898: result: no
configure:17905: checking for java
configure:17938: result: no
configure:17947: checking for python3
configure:17965: found /usr/bin/python3
configure:17977: result: /usr/bin/python3
configure:17990: checking for genhtml
configure:18023: result: no
configure:18030: checking for git
configure:18048: found /usr/bin/git
configure:18060: result: /usr/bin/git
configure:18070: checking for ccache
configure:18100: result: /root/proxynode/depends/x86_64-apple-darwin11/share/../native/bin/ccache
configure:18110: checking for xgettext
configure:18143: result: no
configure:18150: checking for hexdump
configure:18168: found /usr/bin/hexdump
configure:18180: result: /usr/bin/hexdump
configure:18191: checking for x86_64-apple-darwin11-readelf
configure:18224: result: no
configure:18234: checking for readelf
configure:18252: found /usr/bin/readelf
configure:18264: result: /usr/bin/readelf
configure:18289: checking for x86_64-apple-darwin11-c++filt
configure:18322: result: no
configure:18332: checking for c++filt
configure:18350: found /usr/bin/c++filt
configure:18362: result: /usr/bin/c++filt
configure:18387: checking for x86_64-apple-darwin11-objcopy
configure:18420: result: no
configure:18430: checking for objcopy
configure:18448: found /usr/bin/objcopy
configure:18460: result: /usr/bin/objcopy
configure:18588: checking for x86_64-apple-darwin11-pkg-config
configure:18618: result: /usr/bin/pkg-config --static
configure:18686: checking pkg-config is at least version 0.9.0
configure:18689: result: yes
configure:20026: checking for x86_64-apple-darwin11-install_name_tool
configure:20044: found /root/proxynode/depends/x86_64-apple-darwin11/share/../native/bin/x86_64-apple-darwin11-install_name_tool
configure:20056: result: /root/proxynode/depends/x86_64-apple-darwin11/share/../native/bin/x86_64-apple-darwin11-install_name_tool
configure:20124: checking for x86_64-apple-darwin11-otool
configure:20142: found /root/proxynode/depends/x86_64-apple-darwin11/share/../native/bin/x86_64-apple-darwin11-otool
configure:20154: result: /root/proxynode/depends/x86_64-apple-darwin11/share/../native/bin/x86_64-apple-darwin11-otool
configure:20223: checking for genisoimage
configure:20241: found /root/proxynode/depends/x86_64-apple-darwin11/share/../native/bin/genisoimage
configure:20253: result: /root/proxynode/depends/x86_64-apple-darwin11/share/../native/bin/genisoimage
configure:20269: checking for rsvg-convert
configure:20287: found /usr/bin/rsvg-convert
configure:20299: result: /usr/bin/rsvg-convert
configure:20315: checking for convert
configure:20333: found /usr/bin/convert
configure:20345: result: /usr/bin/convert
configure:20361: checking for tiffcp
configure:20379: found /usr/bin/tiffcp
configure:20391: result: /usr/bin/tiffcp
configure:20409: checking whether the linker accepts -Wl,-headerpad_max_install_names
configure:20428: /root/proxynode/depends/x86_64-apple-darwin11/native/bin/clang++ -target x86_64-apple-darwin11 -mmacosx-version-min=10.8 --sysroot /root/proxynode/depends/SDKs/MacOSX10.11.sdk -mlinker-version=253.9 -stdlib=libc++ -std=c++11 -o conftest -pipe -O2  -I/root/proxynode/depends/x86_64-apple-darwin11/share/../include/  -DBOOST_SPIRIT_THREADSAFE -DHAVE_BUILD_INFO -D__STDC_FORMAT_MACROS -L/root/proxynode/depends/x86_64-apple-darwin11/share/../lib   -Wl,-headerpad_max_install_names conftest.cpp  >&5
configure:20428: $? = 0
configure:20437: result: yes
configure:20524: checking whether byte ordering is bigendian
configure:20539: /root/proxynode/depends/x86_64-apple-darwin11/native/bin/clang++ -target x86_64-apple-darwin11 -mmacosx-version-min=10.8 --sysroot /root/proxynode/depends/SDKs/MacOSX10.11.sdk -mlinker-version=253.9 -stdlib=libc++ -std=c++11 -c -pipe -O2  -I/root/proxynode/depends/x86_64-apple-darwin11/share/../include/  -DBOOST_SPIRIT_THREADSAFE -DHAVE_BUILD_INFO -D__STDC_FORMAT_MACROS -DMAC_OSX conftest.cpp >&5
configure:20539: $? = 0
configure:20584: /root/proxynode/depends/x86_64-apple-darwin11/native/bin/clang++ -target x86_64-apple-darwin11 -mmacosx-version-min=10.8 --sysroot /root/proxynode/depends/SDKs/MacOSX10.11.sdk -mlinker-version=253.9 -stdlib=libc++ -std=c++11 -c -pipe -O2  -I/root/proxynode/depends/x86_64-apple-darwin11/share/../include/  -DBOOST_SPIRIT_THREADSAFE -DHAVE_BUILD_INFO -D__STDC_FORMAT_MACROS -DMAC_OSX conftest.cpp >&5
configure:20584: $? = 0
configure:20602: /root/proxynode/depends/x86_64-apple-darwin11/native/bin/clang++ -target x86_64-apple-darwin11 -mmacosx-version-min=10.8 --sysroot /root/proxynode/depends/SDKs/MacOSX10.11.sdk -mlinker-version=253.9 -stdlib=libc++ -std=c++11 -c -pipe -O2  -I/root/proxynode/depends/x86_64-apple-darwin11/share/../include/  -DBOOST_SPIRIT_THREADSAFE -DHAVE_BUILD_INFO -D__STDC_FORMAT_MACROS -DMAC_OSX conftest.cpp >&5
conftest.cpp:29:11: error: expected ';' after expression
                 not big endian
                        ^
                        ;
conftest.cpp:29:8: error: use of undeclared identifier 'big'
                 not big endian
                     ^
conftest.cpp:29:12: error: use of undeclared identifier 'endian'
                 not big endian
                         ^
3 errors generated.
configure:20602: $? = 1
configure: failed program was:
| /* confdefs.h */
| #define PACKAGE_NAME "Prx Core"
| #define PACKAGE_TARNAME "prx"
| #define PACKAGE_VERSION "1.0.0"
| #define PACKAGE_STRING "Prx Core 1.0.0"
| #define PACKAGE_BUGREPORT "www.prx.org"
| #define PACKAGE_URL ""
| #define HAVE_CXX11 1
| #define STDC_HEADERS 1
| #define HAVE_SYS_TYPES_H 1
| #define HAVE_SYS_STAT_H 1
| #define HAVE_STDLIB_H 1
| #define HAVE_STRING_H 1
| #define HAVE_MEMORY_H 1
| #define HAVE_STRINGS_H 1
| #define HAVE_INTTYPES_H 1
| #define HAVE_STDINT_H 1
| #define HAVE_UNISTD_H 1
| #define HAVE_DLFCN_H 1
| #define LT_OBJDIR ".libs/"
| /* end confdefs.h.  */
| #include <sys/types.h>
| 		#include <sys/param.h>
| 
| int
| main ()
| {
| #if BYTE_ORDER != BIG_ENDIAN
| 		 not big endian
| 		#endif
| 
|   ;
|   return 0;
| }
configure:20730: result: no
configure:20860: checking if compiler needs -Werror to reject unknown flags
configure:20876: /root/proxynode/depends/x86_64-apple-darwin11/native/bin/clang -target x86_64-apple-darwin11 -mmacosx-version-min=10.8 --sysroot /root/proxynode/depends/SDKs/MacOSX10.11.sdk -mlinker-version=253.9 -c -pipe -O2  -Werror -Wunknown-warning-option -Wsizeof-array-argument -I/root/proxynode/depends/x86_64-apple-darwin11/share/../include/  -DBOOST_SPIRIT_THREADSAFE -DHAVE_BUILD_INFO -D__STDC_FORMAT_MACROS -DMAC_OSX conftest.c >&5
configure:20876: $? = 0
configure:20877: result: yes
configure:20897: checking whether pthreads work with -pthread
configure:20985: /root/proxynode/depends/x86_64-apple-darwin11/native/bin/clang -target x86_64-apple-darwin11 -mmacosx-version-min=10.8 --sysroot /root/proxynode/depends/SDKs/MacOSX10.11.sdk -mlinker-version=253.9 -o conftest -pipe -O2  -pthread -Werror -I/root/proxynode/depends/x86_64-apple-darwin11/share/../include/  -DBOOST_SPIRIT_THREADSAFE -DHAVE_BUILD_INFO -D__STDC_FORMAT_MACROS -DMAC_OSX -L/root/proxynode/depends/x86_64-apple-darwin11/share/../lib  -Wl,-headerpad_max_install_names conftest.c   >&5
configure:20985: $? = 0
configure:20994: result: yes
configure:21013: checking for joinable pthread attribute
configure:21028: /root/proxynode/depends/x86_64-apple-darwin11/native/bin/clang -target x86_64-apple-darwin11 -mmacosx-version-min=10.8 --sysroot /root/proxynode/depends/SDKs/MacOSX10.11.sdk -mlinker-version=253.9 -o conftest -pipe -O2  -pthread -I/root/proxynode/depends/x86_64-apple-darwin11/share/../include/  -DBOOST_SPIRIT_THREADSAFE -DHAVE_BUILD_INFO -D__STDC_FORMAT_MACROS -DMAC_OSX -L/root/proxynode/depends/x86_64-apple-darwin11/share/../lib  -Wl,-headerpad_max_install_names conftest.c   >&5
configure:21028: $? = 0
configure:21034: result: PTHREAD_CREATE_JOINABLE
configure:21044: checking if more special flags are required for pthreads
configure:21059: result: -D_THREAD_SAFE
configure:21065: checking for PTHREAD_PRIO_INHERIT
configure:21082: /root/proxynode/depends/x86_64-apple-darwin11/native/bin/clang -target x86_64-apple-darwin11 -mmacosx-version-min=10.8 --sysroot /root/proxynode/depends/SDKs/MacOSX10.11.sdk -mlinker-version=253.9 -o conftest -pipe -O2  -pthread -I/root/proxynode/depends/x86_64-apple-darwin11/share/../include/  -DBOOST_SPIRIT_THREADSAFE -DHAVE_BUILD_INFO -D__STDC_FORMAT_MACROS -DMAC_OSX -L/root/proxynode/depends/x86_64-apple-darwin11/share/../lib  -Wl,-headerpad_max_install_names conftest.c   >&5
configure:21082: $? = 0
configure:21091: result: yes
configure:21201: checking for special C compiler options needed for large files
configure:21246: result: no
configure:21252: checking for _FILE_OFFSET_BITS value needed for large files
configure:21277: /root/proxynode/depends/x86_64-apple-darwin11/native/bin/clang++ -target x86_64-apple-darwin11 -mmacosx-version-min=10.8 --sysroot /root/proxynode/depends/SDKs/MacOSX10.11.sdk -mlinker-version=253.9 -stdlib=libc++ -std=c++11 -c -pipe -O2  -I/root/proxynode/depends/x86_64-apple-darwin11/share/../include/  -DBOOST_SPIRIT_THREADSAFE -DHAVE_BUILD_INFO -D__STDC_FORMAT_MACROS -DMAC_OSX conftest.cpp >&5
configure:21277: $? = 0
configure:21309: result: no
configure:21395: checking whether strerror_r is declared
configure:21395: /root/proxynode/depends/x86_64-apple-darwin11/native/bin/clang++ -target x86_64-apple-darwin11 -mmacosx-version-min=10.8 --sysroot /root/proxynode/depends/SDKs/MacOSX10.11.sdk -mlinker-version=253.9 -stdlib=libc++ -std=c++11 -c -pipe -O2  -I/root/proxynode/depends/x86_64-apple-darwin11/share/../include/  -DBOOST_SPIRIT_THREADSAFE -DHAVE_BUILD_INFO -D__STDC_FORMAT_MACROS -DMAC_OSX conftest.cpp >&5
configure:21395: $? = 0
configure:21395: result: yes
configure:21408: checking for strerror_r
configure:21408: /root/proxynode/depends/x86_64-apple-darwin11/native/bin/clang++ -target x86_64-apple-darwin11 -mmacosx-version-min=10.8 --sysroot /root/proxynode/depends/SDKs/MacOSX10.11.sdk -mlinker-version=253.9 -stdlib=libc++ -std=c++11 -o conftest -pipe -O2  -I/root/proxynode/depends/x86_64-apple-darwin11/share/../include/  -DBOOST_SPIRIT_THREADSAFE -DHAVE_BUILD_INFO -D__STDC_FORMAT_MACROS -DMAC_OSX -L/root/proxynode/depends/x86_64-apple-darwin11/share/../lib  -Wl,-headerpad_max_install_names conftest.cpp  >&5
configure:21408: $? = 0
configure:21408: result: yes
configure:21417: checking whether strerror_r returns char *
configure:21441: /root/proxynode/depends/x86_64-apple-darwin11/native/bin/clang++ -target x86_64-apple-darwin11 -mmacosx-version-min=10.8 --sysroot /root/proxynode/depends/SDKs/MacOSX10.11.sdk -mlinker-version=253.9 -stdlib=libc++ -std=c++11 -c -pipe -O2  -I/root/proxynode/depends/x86_64-apple-darwin11/share/../include/  -DBOOST_SPIRIT_THREADSAFE -DHAVE_BUILD_INFO -D__STDC_FORMAT_MACROS -DMAC_OSX conftest.cpp >&5
conftest.cpp:64:13: error: indirection requires pointer operand ('int' invalid)
          char x = *strerror_r (0, buf, sizeof buf);
                   ^~~~~~~~~~~~~~~~~~~~~~~~~~~~~~~~
conftest.cpp:65:10: error: cannot initialize a variable of type 'char *' with an rvalue of type 'int'
          char *p = strerror_r (0, buf, sizeof buf);
                ^   ~~~~~~~~~~~~~~~~~~~~~~~~~~~~~~~
2 errors generated.
configure:21441: $? = 1
configure: failed program was:
| /* confdefs.h */
| #define PACKAGE_NAME "Prx Core"
| #define PACKAGE_TARNAME "prx"
| #define PACKAGE_VERSION "1.0.0"
| #define PACKAGE_STRING "Prx Core 1.0.0"
| #define PACKAGE_BUGREPORT "www.prx.org"
| #define PACKAGE_URL ""
| #define HAVE_CXX11 1
| #define STDC_HEADERS 1
| #define HAVE_SYS_TYPES_H 1
| #define HAVE_SYS_STAT_H 1
| #define HAVE_STDLIB_H 1
| #define HAVE_STRING_H 1
| #define HAVE_MEMORY_H 1
| #define HAVE_STRINGS_H 1
| #define HAVE_INTTYPES_H 1
| #define HAVE_STDINT_H 1
| #define HAVE_UNISTD_H 1
| #define HAVE_DLFCN_H 1
| #define LT_OBJDIR ".libs/"
| #define HAVE_PTHREAD_PRIO_INHERIT 1
| #define HAVE_PTHREAD 1
| #define HAVE_DECL_STRERROR_R 1
| #define HAVE_STRERROR_R 1
| /* end confdefs.h.  */
| #include <stdio.h>
| #ifdef HAVE_SYS_TYPES_H
| # include <sys/types.h>
| #endif
| #ifdef HAVE_SYS_STAT_H
| # include <sys/stat.h>
| #endif
| #ifdef STDC_HEADERS
| # include <stdlib.h>
| # include <stddef.h>
| #else
| # ifdef HAVE_STDLIB_H
| #  include <stdlib.h>
| # endif
| #endif
| #ifdef HAVE_STRING_H
| # if !defined STDC_HEADERS && defined HAVE_MEMORY_H
| #  include <memory.h>
| # endif
| # include <string.h>
| #endif
| #ifdef HAVE_STRINGS_H
| # include <strings.h>
| #endif
| #ifdef HAVE_INTTYPES_H
| # include <inttypes.h>
| #endif
| #ifdef HAVE_STDINT_H
| # include <stdint.h>
| #endif
| #ifdef HAVE_UNISTD_H
| # include <unistd.h>
| #endif
| int
| main ()
| {
| 
| 	  char buf[100];
| 	  char x = *strerror_r (0, buf, sizeof buf);
| 	  char *p = strerror_r (0, buf, sizeof buf);
| 	  return !p || x;
| 
|   ;
|   return 0;
| }
configure:21479: result: no
configure:21500: checking whether the linker accepts -Wl,--large-address-aware
configure:21519: /root/proxynode/depends/x86_64-apple-darwin11/native/bin/clang++ -target x86_64-apple-darwin11 -mmacosx-version-min=10.8 --sysroot /root/proxynode/depends/SDKs/MacOSX10.11.sdk -mlinker-version=253.9 -stdlib=libc++ -std=c++11 -o conftest -pipe -O2  -I/root/proxynode/depends/x86_64-apple-darwin11/share/../include/  -DBOOST_SPIRIT_THREADSAFE -DHAVE_BUILD_INFO -D__STDC_FORMAT_MACROS -DMAC_OSX -L/root/proxynode/depends/x86_64-apple-darwin11/share/../lib  -Wl,-headerpad_max_install_names  -Wl,--large-address-aware conftest.cpp  >&5
ld: unknown option: --large-address-aware
clang: error: linker command failed with exit code 1 (use -v to see invocation)
configure:21519: $? = 1
configure: failed program was:
| /* confdefs.h */
| #define PACKAGE_NAME "Prx Core"
| #define PACKAGE_TARNAME "prx"
| #define PACKAGE_VERSION "1.0.0"
| #define PACKAGE_STRING "Prx Core 1.0.0"
| #define PACKAGE_BUGREPORT "www.prx.org"
| #define PACKAGE_URL ""
| #define HAVE_CXX11 1
| #define STDC_HEADERS 1
| #define HAVE_SYS_TYPES_H 1
| #define HAVE_SYS_STAT_H 1
| #define HAVE_STDLIB_H 1
| #define HAVE_STRING_H 1
| #define HAVE_MEMORY_H 1
| #define HAVE_STRINGS_H 1
| #define HAVE_INTTYPES_H 1
| #define HAVE_STDINT_H 1
| #define HAVE_UNISTD_H 1
| #define HAVE_DLFCN_H 1
| #define LT_OBJDIR ".libs/"
| #define HAVE_PTHREAD_PRIO_INHERIT 1
| #define HAVE_PTHREAD 1
| #define HAVE_DECL_STRERROR_R 1
| #define HAVE_STRERROR_R 1
| /* end confdefs.h.  */
| 
| int
| main ()
| {
| 
|   ;
|   return 0;
| }
configure:21528: result: no
configure:21540: checking for __attribute__((visibility))
configure:21562: /root/proxynode/depends/x86_64-apple-darwin11/native/bin/clang++ -target x86_64-apple-darwin11 -mmacosx-version-min=10.8 --sysroot /root/proxynode/depends/SDKs/MacOSX10.11.sdk -mlinker-version=253.9 -stdlib=libc++ -std=c++11 -o conftest -pipe -O2  -I/root/proxynode/depends/x86_64-apple-darwin11/share/../include/  -DBOOST_SPIRIT_THREADSAFE -DHAVE_BUILD_INFO -D__STDC_FORMAT_MACROS -DMAC_OSX -L/root/proxynode/depends/x86_64-apple-darwin11/share/../lib  -Wl,-headerpad_max_install_names conftest.cpp  >&5
configure:21562: $? = 0
configure:21575: result: yes
configure:21591: checking for __attribute__((dllexport))
configure:21612: /root/proxynode/depends/x86_64-apple-darwin11/native/bin/clang++ -target x86_64-apple-darwin11 -mmacosx-version-min=10.8 --sysroot /root/proxynode/depends/SDKs/MacOSX10.11.sdk -mlinker-version=253.9 -stdlib=libc++ -std=c++11 -o conftest -pipe -O2  -I/root/proxynode/depends/x86_64-apple-darwin11/share/../include/  -DBOOST_SPIRIT_THREADSAFE -DHAVE_BUILD_INFO -D__STDC_FORMAT_MACROS -DMAC_OSX -L/root/proxynode/depends/x86_64-apple-darwin11/share/../lib  -Wl,-headerpad_max_install_names conftest.cpp  >&5
conftest.cpp:29:36: warning: unknown attribute 'dllexport' ignored [-Wunknown-attributes]
                    __attribute__((dllexport)) int foo( void ) { return 0; }
                                   ^
1 warning generated.
configure:21612: $? = 0
configure:21625: result: no
configure:21641: checking for __attribute__((dllimport))
configure:21662: /root/proxynode/depends/x86_64-apple-darwin11/native/bin/clang++ -target x86_64-apple-darwin11 -mmacosx-version-min=10.8 --sysroot /root/proxynode/depends/SDKs/MacOSX10.11.sdk -mlinker-version=253.9 -stdlib=libc++ -std=c++11 -o conftest -pipe -O2  -I/root/proxynode/depends/x86_64-apple-darwin11/share/../include/  -DBOOST_SPIRIT_THREADSAFE -DHAVE_BUILD_INFO -D__STDC_FORMAT_MACROS -DMAC_OSX -L/root/proxynode/depends/x86_64-apple-darwin11/share/../lib  -Wl,-headerpad_max_install_names conftest.cpp  >&5
conftest.cpp:29:52: warning: unknown attribute 'dllimport' ignored [-Wunknown-attributes]
                    int foo( void ) __attribute__((dllimport));
                                                   ^
1 warning generated.
configure:21662: $? = 0
configure:21675: result: no
configure:21728: checking whether C++ compiler accepts -Wstack-protector
configure:21747: /root/proxynode/depends/x86_64-apple-darwin11/native/bin/clang++ -target x86_64-apple-darwin11 -mmacosx-version-min=10.8 --sysroot /root/proxynode/depends/SDKs/MacOSX10.11.sdk -mlinker-version=253.9 -stdlib=libc++ -std=c++11 -c -pipe -O2   -Wstack-protector -I/root/proxynode/depends/x86_64-apple-darwin11/share/../include/  -DBOOST_SPIRIT_THREADSAFE -DHAVE_BUILD_INFO -D__STDC_FORMAT_MACROS -DMAC_OSX conftest.cpp >&5
configure:21747: $? = 0
configure:21755: result: yes
configure:21763: checking whether C++ compiler accepts -fstack-protector-all
configure:21782: /root/proxynode/depends/x86_64-apple-darwin11/native/bin/clang++ -target x86_64-apple-darwin11 -mmacosx-version-min=10.8 --sysroot /root/proxynode/depends/SDKs/MacOSX10.11.sdk -mlinker-version=253.9 -stdlib=libc++ -std=c++11 -c -pipe -O2   -fstack-protector-all -I/root/proxynode/depends/x86_64-apple-darwin11/share/../include/  -DBOOST_SPIRIT_THREADSAFE -DHAVE_BUILD_INFO -D__STDC_FORMAT_MACROS -DMAC_OSX conftest.cpp >&5
configure:21782: $? = 0
configure:21790: result: yes
configure:21800: checking whether C++ preprocessor accepts -D_FORTIFY_SOURCE=2
configure:21819: /root/proxynode/depends/x86_64-apple-darwin11/native/bin/clang++ -target x86_64-apple-darwin11 -mmacosx-version-min=10.8 --sysroot /root/proxynode/depends/SDKs/MacOSX10.11.sdk -mlinker-version=253.9 -stdlib=libc++ -std=c++11 -E -I/root/proxynode/depends/x86_64-apple-darwin11/share/../include/  -DBOOST_SPIRIT_THREADSAFE -DHAVE_BUILD_INFO -D__STDC_FORMAT_MACROS -DMAC_OSX  -D_FORTIFY_SOURCE=2 conftest.cpp
configure:21819: $? = 0
configure:21827: result: yes
configure:21831: checking whether C++ preprocessor accepts -U_FORTIFY_SOURCE
configure:21850: /root/proxynode/depends/x86_64-apple-darwin11/native/bin/clang++ -target x86_64-apple-darwin11 -mmacosx-version-min=10.8 --sysroot /root/proxynode/depends/SDKs/MacOSX10.11.sdk -mlinker-version=253.9 -stdlib=libc++ -std=c++11 -E -I/root/proxynode/depends/x86_64-apple-darwin11/share/../include/  -DBOOST_SPIRIT_THREADSAFE -DHAVE_BUILD_INFO -D__STDC_FORMAT_MACROS -DMAC_OSX  -U_FORTIFY_SOURCE conftest.cpp
configure:21850: $? = 0
configure:21858: result: yes
configure:21875: checking whether the linker accepts -Wl,--dynamicbase
configure:21894: /root/proxynode/depends/x86_64-apple-darwin11/native/bin/clang++ -target x86_64-apple-darwin11 -mmacosx-version-min=10.8 --sysroot /root/proxynode/depends/SDKs/MacOSX10.11.sdk -mlinker-version=253.9 -stdlib=libc++ -std=c++11 -o conftest -pipe -O2  -I/root/proxynode/depends/x86_64-apple-darwin11/share/../include/  -DBOOST_SPIRIT_THREADSAFE -DHAVE_BUILD_INFO -D__STDC_FORMAT_MACROS -DMAC_OSX -L/root/proxynode/depends/x86_64-apple-darwin11/share/../lib  -Wl,-headerpad_max_install_names  -Wl,--dynamicbase conftest.cpp  >&5
ld: unknown option: --dynamicbase
clang: error: linker command failed with exit code 1 (use -v to see invocation)
configure:21894: $? = 1
configure: failed program was:
| /* confdefs.h */
| #define PACKAGE_NAME "Prx Core"
| #define PACKAGE_TARNAME "prx"
| #define PACKAGE_VERSION "1.0.0"
| #define PACKAGE_STRING "Prx Core 1.0.0"
| #define PACKAGE_BUGREPORT "www.prx.org"
| #define PACKAGE_URL ""
| #define HAVE_CXX11 1
| #define STDC_HEADERS 1
| #define HAVE_SYS_TYPES_H 1
| #define HAVE_SYS_STAT_H 1
| #define HAVE_STDLIB_H 1
| #define HAVE_STRING_H 1
| #define HAVE_MEMORY_H 1
| #define HAVE_STRINGS_H 1
| #define HAVE_INTTYPES_H 1
| #define HAVE_STDINT_H 1
| #define HAVE_UNISTD_H 1
| #define HAVE_DLFCN_H 1
| #define LT_OBJDIR ".libs/"
| #define HAVE_PTHREAD_PRIO_INHERIT 1
| #define HAVE_PTHREAD 1
| #define HAVE_DECL_STRERROR_R 1
| #define HAVE_STRERROR_R 1
| #define HAVE_FUNC_ATTRIBUTE_VISIBILITY 1
| /* end confdefs.h.  */
| 
| int
| main ()
| {
| 
|   ;
|   return 0;
| }
configure:21903: result: no
configure:21911: checking whether the linker accepts -Wl,--nxcompat
configure:21930: /root/proxynode/depends/x86_64-apple-darwin11/native/bin/clang++ -target x86_64-apple-darwin11 -mmacosx-version-min=10.8 --sysroot /root/proxynode/depends/SDKs/MacOSX10.11.sdk -mlinker-version=253.9 -stdlib=libc++ -std=c++11 -o conftest -pipe -O2  -I/root/proxynode/depends/x86_64-apple-darwin11/share/../include/  -DBOOST_SPIRIT_THREADSAFE -DHAVE_BUILD_INFO -D__STDC_FORMAT_MACROS -DMAC_OSX -L/root/proxynode/depends/x86_64-apple-darwin11/share/../lib  -Wl,-headerpad_max_install_names  -Wl,--nxcompat conftest.cpp  >&5
ld: unknown option: --nxcompat
clang: error: linker command failed with exit code 1 (use -v to see invocation)
configure:21930: $? = 1
configure: failed program was:
| /* confdefs.h */
| #define PACKAGE_NAME "Prx Core"
| #define PACKAGE_TARNAME "prx"
| #define PACKAGE_VERSION "1.0.0"
| #define PACKAGE_STRING "Prx Core 1.0.0"
| #define PACKAGE_BUGREPORT "www.prx.org"
| #define PACKAGE_URL ""
| #define HAVE_CXX11 1
| #define STDC_HEADERS 1
| #define HAVE_SYS_TYPES_H 1
| #define HAVE_SYS_STAT_H 1
| #define HAVE_STDLIB_H 1
| #define HAVE_STRING_H 1
| #define HAVE_MEMORY_H 1
| #define HAVE_STRINGS_H 1
| #define HAVE_INTTYPES_H 1
| #define HAVE_STDINT_H 1
| #define HAVE_UNISTD_H 1
| #define HAVE_DLFCN_H 1
| #define LT_OBJDIR ".libs/"
| #define HAVE_PTHREAD_PRIO_INHERIT 1
| #define HAVE_PTHREAD 1
| #define HAVE_DECL_STRERROR_R 1
| #define HAVE_STRERROR_R 1
| #define HAVE_FUNC_ATTRIBUTE_VISIBILITY 1
| /* end confdefs.h.  */
| 
| int
| main ()
| {
| 
|   ;
|   return 0;
| }
configure:21939: result: no
configure:21947: checking whether the linker accepts -Wl,-z,relro
configure:21966: /root/proxynode/depends/x86_64-apple-darwin11/native/bin/clang++ -target x86_64-apple-darwin11 -mmacosx-version-min=10.8 --sysroot /root/proxynode/depends/SDKs/MacOSX10.11.sdk -mlinker-version=253.9 -stdlib=libc++ -std=c++11 -o conftest -pipe -O2  -I/root/proxynode/depends/x86_64-apple-darwin11/share/../include/  -DBOOST_SPIRIT_THREADSAFE -DHAVE_BUILD_INFO -D__STDC_FORMAT_MACROS -DMAC_OSX -L/root/proxynode/depends/x86_64-apple-darwin11/share/../lib  -Wl,-headerpad_max_install_names  -Wl,-z,relro conftest.cpp  >&5
ld: unknown option: -z
clang: error: linker command failed with exit code 1 (use -v to see invocation)
configure:21966: $? = 1
configure: failed program was:
| /* confdefs.h */
| #define PACKAGE_NAME "Prx Core"
| #define PACKAGE_TARNAME "prx"
| #define PACKAGE_VERSION "1.0.0"
| #define PACKAGE_STRING "Prx Core 1.0.0"
| #define PACKAGE_BUGREPORT "www.prx.org"
| #define PACKAGE_URL ""
| #define HAVE_CXX11 1
| #define STDC_HEADERS 1
| #define HAVE_SYS_TYPES_H 1
| #define HAVE_SYS_STAT_H 1
| #define HAVE_STDLIB_H 1
| #define HAVE_STRING_H 1
| #define HAVE_MEMORY_H 1
| #define HAVE_STRINGS_H 1
| #define HAVE_INTTYPES_H 1
| #define HAVE_STDINT_H 1
| #define HAVE_UNISTD_H 1
| #define HAVE_DLFCN_H 1
| #define LT_OBJDIR ".libs/"
| #define HAVE_PTHREAD_PRIO_INHERIT 1
| #define HAVE_PTHREAD 1
| #define HAVE_DECL_STRERROR_R 1
| #define HAVE_STRERROR_R 1
| #define HAVE_FUNC_ATTRIBUTE_VISIBILITY 1
| /* end confdefs.h.  */
| 
| int
| main ()
| {
| 
|   ;
|   return 0;
| }
configure:21975: result: no
configure:21983: checking whether the linker accepts -Wl,-z,now
configure:22002: /root/proxynode/depends/x86_64-apple-darwin11/native/bin/clang++ -target x86_64-apple-darwin11 -mmacosx-version-min=10.8 --sysroot /root/proxynode/depends/SDKs/MacOSX10.11.sdk -mlinker-version=253.9 -stdlib=libc++ -std=c++11 -o conftest -pipe -O2  -I/root/proxynode/depends/x86_64-apple-darwin11/share/../include/  -DBOOST_SPIRIT_THREADSAFE -DHAVE_BUILD_INFO -D__STDC_FORMAT_MACROS -DMAC_OSX -L/root/proxynode/depends/x86_64-apple-darwin11/share/../lib  -Wl,-headerpad_max_install_names  -Wl,-z,now conftest.cpp  >&5
ld: unknown option: -z
clang: error: linker command failed with exit code 1 (use -v to see invocation)
configure:22002: $? = 1
configure: failed program was:
| /* confdefs.h */
| #define PACKAGE_NAME "Prx Core"
| #define PACKAGE_TARNAME "prx"
| #define PACKAGE_VERSION "1.0.0"
| #define PACKAGE_STRING "Prx Core 1.0.0"
| #define PACKAGE_BUGREPORT "www.prx.org"
| #define PACKAGE_URL ""
| #define HAVE_CXX11 1
| #define STDC_HEADERS 1
| #define HAVE_SYS_TYPES_H 1
| #define HAVE_SYS_STAT_H 1
| #define HAVE_STDLIB_H 1
| #define HAVE_STRING_H 1
| #define HAVE_MEMORY_H 1
| #define HAVE_STRINGS_H 1
| #define HAVE_INTTYPES_H 1
| #define HAVE_STDINT_H 1
| #define HAVE_UNISTD_H 1
| #define HAVE_DLFCN_H 1
| #define LT_OBJDIR ".libs/"
| #define HAVE_PTHREAD_PRIO_INHERIT 1
| #define HAVE_PTHREAD 1
| #define HAVE_DECL_STRERROR_R 1
| #define HAVE_STRERROR_R 1
| #define HAVE_FUNC_ATTRIBUTE_VISIBILITY 1
| /* end confdefs.h.  */
| 
| int
| main ()
| {
| 
|   ;
|   return 0;
| }
configure:22011: result: no
configure:22022: checking whether C++ compiler accepts -fPIC
configure:22041: /root/proxynode/depends/x86_64-apple-darwin11/native/bin/clang++ -target x86_64-apple-darwin11 -mmacosx-version-min=10.8 --sysroot /root/proxynode/depends/SDKs/MacOSX10.11.sdk -mlinker-version=253.9 -stdlib=libc++ -std=c++11 -c -pipe -O2   -fPIC -I/root/proxynode/depends/x86_64-apple-darwin11/share/../include/  -DBOOST_SPIRIT_THREADSAFE -DHAVE_BUILD_INFO -D__STDC_FORMAT_MACROS -DMAC_OSX conftest.cpp >&5
configure:22041: $? = 0
configure:22049: result: yes
configure:22057: checking whether the linker accepts -pic
configure:22076: /root/proxynode/depends/x86_64-apple-darwin11/native/bin/clang++ -target x86_64-apple-darwin11 -mmacosx-version-min=10.8 --sysroot /root/proxynode/depends/SDKs/MacOSX10.11.sdk -mlinker-version=253.9 -stdlib=libc++ -std=c++11 -o conftest -pipe -O2  -I/root/proxynode/depends/x86_64-apple-darwin11/share/../include/  -DBOOST_SPIRIT_THREADSAFE -DHAVE_BUILD_INFO -D__STDC_FORMAT_MACROS -DMAC_OSX -L/root/proxynode/depends/x86_64-apple-darwin11/share/../lib  -Wl,-headerpad_max_install_names  -pic conftest.cpp  >&5
clang: error: unknown argument: '-pic'
configure:22076: $? = 1
configure: failed program was:
| /* confdefs.h */
| #define PACKAGE_NAME "Prx Core"
| #define PACKAGE_TARNAME "prx"
| #define PACKAGE_VERSION "1.0.0"
| #define PACKAGE_STRING "Prx Core 1.0.0"
| #define PACKAGE_BUGREPORT "www.prx.org"
| #define PACKAGE_URL ""
| #define HAVE_CXX11 1
| #define STDC_HEADERS 1
| #define HAVE_SYS_TYPES_H 1
| #define HAVE_SYS_STAT_H 1
| #define HAVE_STDLIB_H 1
| #define HAVE_STRING_H 1
| #define HAVE_MEMORY_H 1
| #define HAVE_STRINGS_H 1
| #define HAVE_INTTYPES_H 1
| #define HAVE_STDINT_H 1
| #define HAVE_UNISTD_H 1
| #define HAVE_DLFCN_H 1
| #define LT_OBJDIR ".libs/"
| #define HAVE_PTHREAD_PRIO_INHERIT 1
| #define HAVE_PTHREAD 1
| #define HAVE_DECL_STRERROR_R 1
| #define HAVE_STRERROR_R 1
| #define HAVE_FUNC_ATTRIBUTE_VISIBILITY 1
| /* end confdefs.h.  */
| 
| int
| main ()
| {
| 
|   ;
|   return 0;
| }
configure:22085: result: no
configure:22148: checking whether the linker accepts -Wl,-dead_strip
configure:22167: /root/proxynode/depends/x86_64-apple-darwin11/native/bin/clang++ -target x86_64-apple-darwin11 -mmacosx-version-min=10.8 --sysroot /root/proxynode/depends/SDKs/MacOSX10.11.sdk -mlinker-version=253.9 -stdlib=libc++ -std=c++11 -o conftest -pipe -O2   -Wstack-protector -fstack-protector-all -fPIC -I/root/proxynode/depends/x86_64-apple-darwin11/share/../include/  -DBOOST_SPIRIT_THREADSAFE -DHAVE_BUILD_INFO -D__STDC_FORMAT_MACROS -DMAC_OSX  -U_FORTIFY_SOURCE -D_FORTIFY_SOURCE=2 -L/root/proxynode/depends/x86_64-apple-darwin11/share/../lib  -Wl,-headerpad_max_install_names   -Wl,-dead_strip conftest.cpp  >&5
configure:22167: $? = 0
configure:22176: result: yes
configure:22189: checking endian.h usability
configure:22189: /root/proxynode/depends/x86_64-apple-darwin11/native/bin/clang++ -target x86_64-apple-darwin11 -mmacosx-version-min=10.8 --sysroot /root/proxynode/depends/SDKs/MacOSX10.11.sdk -mlinker-version=253.9 -stdlib=libc++ -std=c++11 -c -pipe -O2   -Wstack-protector -fstack-protector-all -fPIC -I/root/proxynode/depends/x86_64-apple-darwin11/share/../include/  -DBOOST_SPIRIT_THREADSAFE -DHAVE_BUILD_INFO -D__STDC_FORMAT_MACROS -DMAC_OSX  -U_FORTIFY_SOURCE -D_FORTIFY_SOURCE=2 conftest.cpp >&5
conftest.cpp:60:10: fatal error: 'endian.h' file not found
#include <endian.h>
         ^
1 error generated.
configure:22189: $? = 1
configure: failed program was:
| /* confdefs.h */
| #define PACKAGE_NAME "Prx Core"
| #define PACKAGE_TARNAME "prx"
| #define PACKAGE_VERSION "1.0.0"
| #define PACKAGE_STRING "Prx Core 1.0.0"
| #define PACKAGE_BUGREPORT "www.prx.org"
| #define PACKAGE_URL ""
| #define HAVE_CXX11 1
| #define STDC_HEADERS 1
| #define HAVE_SYS_TYPES_H 1
| #define HAVE_SYS_STAT_H 1
| #define HAVE_STDLIB_H 1
| #define HAVE_STRING_H 1
| #define HAVE_MEMORY_H 1
| #define HAVE_STRINGS_H 1
| #define HAVE_INTTYPES_H 1
| #define HAVE_STDINT_H 1
| #define HAVE_UNISTD_H 1
| #define HAVE_DLFCN_H 1
| #define LT_OBJDIR ".libs/"
| #define HAVE_PTHREAD_PRIO_INHERIT 1
| #define HAVE_PTHREAD 1
| #define HAVE_DECL_STRERROR_R 1
| #define HAVE_STRERROR_R 1
| #define HAVE_FUNC_ATTRIBUTE_VISIBILITY 1
| /* end confdefs.h.  */
| #include <stdio.h>
| #ifdef HAVE_SYS_TYPES_H
| # include <sys/types.h>
| #endif
| #ifdef HAVE_SYS_STAT_H
| # include <sys/stat.h>
| #endif
| #ifdef STDC_HEADERS
| # include <stdlib.h>
| # include <stddef.h>
| #else
| # ifdef HAVE_STDLIB_H
| #  include <stdlib.h>
| # endif
| #endif
| #ifdef HAVE_STRING_H
| # if !defined STDC_HEADERS && defined HAVE_MEMORY_H
| #  include <memory.h>
| # endif
| # include <string.h>
| #endif
| #ifdef HAVE_STRINGS_H
| # include <strings.h>
| #endif
| #ifdef HAVE_INTTYPES_H
| # include <inttypes.h>
| #endif
| #ifdef HAVE_STDINT_H
| # include <stdint.h>
| #endif
| #ifdef HAVE_UNISTD_H
| # include <unistd.h>
| #endif
| #include <endian.h>
configure:22189: result: no
configure:22189: checking endian.h presence
configure:22189: /root/proxynode/depends/x86_64-apple-darwin11/native/bin/clang++ -target x86_64-apple-darwin11 -mmacosx-version-min=10.8 --sysroot /root/proxynode/depends/SDKs/MacOSX10.11.sdk -mlinker-version=253.9 -stdlib=libc++ -std=c++11 -E -I/root/proxynode/depends/x86_64-apple-darwin11/share/../include/  -DBOOST_SPIRIT_THREADSAFE -DHAVE_BUILD_INFO -D__STDC_FORMAT_MACROS -DMAC_OSX  -U_FORTIFY_SOURCE -D_FORTIFY_SOURCE=2 conftest.cpp
conftest.cpp:27:10: fatal error: 'endian.h' file not found
#include <endian.h>
         ^
1 error generated.
configure:22189: $? = 1
configure: failed program was:
| /* confdefs.h */
| #define PACKAGE_NAME "Prx Core"
| #define PACKAGE_TARNAME "prx"
| #define PACKAGE_VERSION "1.0.0"
| #define PACKAGE_STRING "Prx Core 1.0.0"
| #define PACKAGE_BUGREPORT "www.prx.org"
| #define PACKAGE_URL ""
| #define HAVE_CXX11 1
| #define STDC_HEADERS 1
| #define HAVE_SYS_TYPES_H 1
| #define HAVE_SYS_STAT_H 1
| #define HAVE_STDLIB_H 1
| #define HAVE_STRING_H 1
| #define HAVE_MEMORY_H 1
| #define HAVE_STRINGS_H 1
| #define HAVE_INTTYPES_H 1
| #define HAVE_STDINT_H 1
| #define HAVE_UNISTD_H 1
| #define HAVE_DLFCN_H 1
| #define LT_OBJDIR ".libs/"
| #define HAVE_PTHREAD_PRIO_INHERIT 1
| #define HAVE_PTHREAD 1
| #define HAVE_DECL_STRERROR_R 1
| #define HAVE_STRERROR_R 1
| #define HAVE_FUNC_ATTRIBUTE_VISIBILITY 1
| /* end confdefs.h.  */
| #include <endian.h>
configure:22189: result: no
configure:22189: checking for endian.h
configure:22189: result: no
configure:22189: checking stdio.h usability
configure:22189: /root/proxynode/depends/x86_64-apple-darwin11/native/bin/clang++ -target x86_64-apple-darwin11 -mmacosx-version-min=10.8 --sysroot /root/proxynode/depends/SDKs/MacOSX10.11.sdk -mlinker-version=253.9 -stdlib=libc++ -std=c++11 -c -pipe -O2   -Wstack-protector -fstack-protector-all -fPIC -I/root/proxynode/depends/x86_64-apple-darwin11/share/../include/  -DBOOST_SPIRIT_THREADSAFE -DHAVE_BUILD_INFO -D__STDC_FORMAT_MACROS -DMAC_OSX  -U_FORTIFY_SOURCE -D_FORTIFY_SOURCE=2 conftest.cpp >&5
configure:22189: $? = 0
configure:22189: result: yes
configure:22189: checking stdio.h presence
configure:22189: /root/proxynode/depends/x86_64-apple-darwin11/native/bin/clang++ -target x86_64-apple-darwin11 -mmacosx-version-min=10.8 --sysroot /root/proxynode/depends/SDKs/MacOSX10.11.sdk -mlinker-version=253.9 -stdlib=libc++ -std=c++11 -E -I/root/proxynode/depends/x86_64-apple-darwin11/share/../include/  -DBOOST_SPIRIT_THREADSAFE -DHAVE_BUILD_INFO -D__STDC_FORMAT_MACROS -DMAC_OSX  -U_FORTIFY_SOURCE -D_FORTIFY_SOURCE=2 conftest.cpp
configure:22189: $? = 0
configure:22189: result: yes
configure:22189: checking for stdio.h
configure:22189: result: yes
configure:22189: checking for stdlib.h
configure:22189: result: yes
configure:22189: checking for unistd.h
configure:22189: result: yes
configure:22189: checking for strings.h
configure:22189: result: yes
configure:22189: checking for sys/types.h
configure:22189: result: yes
configure:22189: checking for sys/stat.h
configure:22189: result: yes
configure:22189: checking sys/select.h usability
configure:22189: /root/proxynode/depends/x86_64-apple-darwin11/native/bin/clang++ -target x86_64-apple-darwin11 -mmacosx-version-min=10.8 --sysroot /root/proxynode/depends/SDKs/MacOSX10.11.sdk -mlinker-version=253.9 -stdlib=libc++ -std=c++11 -c -pipe -O2   -Wstack-protector -fstack-protector-all -fPIC -I/root/proxynode/depends/x86_64-apple-darwin11/share/../include/  -DBOOST_SPIRIT_THREADSAFE -DHAVE_BUILD_INFO -D__STDC_FORMAT_MACROS -DMAC_OSX  -U_FORTIFY_SOURCE -D_FORTIFY_SOURCE=2 conftest.cpp >&5
configure:22189: $? = 0
configure:22189: result: yes
configure:22189: checking sys/select.h presence
configure:22189: /root/proxynode/depends/x86_64-apple-darwin11/native/bin/clang++ -target x86_64-apple-darwin11 -mmacosx-version-min=10.8 --sysroot /root/proxynode/depends/SDKs/MacOSX10.11.sdk -mlinker-version=253.9 -stdlib=libc++ -std=c++11 -E -I/root/proxynode/depends/x86_64-apple-darwin11/share/../include/  -DBOOST_SPIRIT_THREADSAFE -DHAVE_BUILD_INFO -D__STDC_FORMAT_MACROS -DMAC_OSX  -U_FORTIFY_SOURCE -D_FORTIFY_SOURCE=2 conftest.cpp
configure:22189: $? = 0
configure:22189: result: yes
configure:22189: checking for sys/select.h
configure:22189: result: yes
configure:22189: checking sys/prctl.h usability
configure:22189: /root/proxynode/depends/x86_64-apple-darwin11/native/bin/clang++ -target x86_64-apple-darwin11 -mmacosx-version-min=10.8 --sysroot /root/proxynode/depends/SDKs/MacOSX10.11.sdk -mlinker-version=253.9 -stdlib=libc++ -std=c++11 -c -pipe -O2   -Wstack-protector -fstack-protector-all -fPIC -I/root/proxynode/depends/x86_64-apple-darwin11/share/../include/  -DBOOST_SPIRIT_THREADSAFE -DHAVE_BUILD_INFO -D__STDC_FORMAT_MACROS -DMAC_OSX  -U_FORTIFY_SOURCE -D_FORTIFY_SOURCE=2 conftest.cpp >&5
conftest.cpp:67:10: fatal error: 'sys/prctl.h' file not found
#include <sys/prctl.h>
         ^
1 error generated.
configure:22189: $? = 1
configure: failed program was:
| /* confdefs.h */
| #define PACKAGE_NAME "Prx Core"
| #define PACKAGE_TARNAME "prx"
| #define PACKAGE_VERSION "1.0.0"
| #define PACKAGE_STRING "Prx Core 1.0.0"
| #define PACKAGE_BUGREPORT "www.prx.org"
| #define PACKAGE_URL ""
| #define HAVE_CXX11 1
| #define STDC_HEADERS 1
| #define HAVE_SYS_TYPES_H 1
| #define HAVE_SYS_STAT_H 1
| #define HAVE_STDLIB_H 1
| #define HAVE_STRING_H 1
| #define HAVE_MEMORY_H 1
| #define HAVE_STRINGS_H 1
| #define HAVE_INTTYPES_H 1
| #define HAVE_STDINT_H 1
| #define HAVE_UNISTD_H 1
| #define HAVE_DLFCN_H 1
| #define LT_OBJDIR ".libs/"
| #define HAVE_PTHREAD_PRIO_INHERIT 1
| #define HAVE_PTHREAD 1
| #define HAVE_DECL_STRERROR_R 1
| #define HAVE_STRERROR_R 1
| #define HAVE_FUNC_ATTRIBUTE_VISIBILITY 1
| #define HAVE_STDIO_H 1
| #define HAVE_STDLIB_H 1
| #define HAVE_UNISTD_H 1
| #define HAVE_STRINGS_H 1
| #define HAVE_SYS_TYPES_H 1
| #define HAVE_SYS_STAT_H 1
| #define HAVE_SYS_SELECT_H 1
| /* end confdefs.h.  */
| #include <stdio.h>
| #ifdef HAVE_SYS_TYPES_H
| # include <sys/types.h>
| #endif
| #ifdef HAVE_SYS_STAT_H
| # include <sys/stat.h>
| #endif
| #ifdef STDC_HEADERS
| # include <stdlib.h>
| # include <stddef.h>
| #else
| # ifdef HAVE_STDLIB_H
| #  include <stdlib.h>
| # endif
| #endif
| #ifdef HAVE_STRING_H
| # if !defined STDC_HEADERS && defined HAVE_MEMORY_H
| #  include <memory.h>
| # endif
| # include <string.h>
| #endif
| #ifdef HAVE_STRINGS_H
| # include <strings.h>
| #endif
| #ifdef HAVE_INTTYPES_H
| # include <inttypes.h>
| #endif
| #ifdef HAVE_STDINT_H
| # include <stdint.h>
| #endif
| #ifdef HAVE_UNISTD_H
| # include <unistd.h>
| #endif
| #include <sys/prctl.h>
configure:22189: result: no
configure:22189: checking sys/prctl.h presence
configure:22189: /root/proxynode/depends/x86_64-apple-darwin11/native/bin/clang++ -target x86_64-apple-darwin11 -mmacosx-version-min=10.8 --sysroot /root/proxynode/depends/SDKs/MacOSX10.11.sdk -mlinker-version=253.9 -stdlib=libc++ -std=c++11 -E -I/root/proxynode/depends/x86_64-apple-darwin11/share/../include/  -DBOOST_SPIRIT_THREADSAFE -DHAVE_BUILD_INFO -D__STDC_FORMAT_MACROS -DMAC_OSX  -U_FORTIFY_SOURCE -D_FORTIFY_SOURCE=2 conftest.cpp
conftest.cpp:34:10: fatal error: 'sys/prctl.h' file not found
#include <sys/prctl.h>
         ^
1 error generated.
configure:22189: $? = 1
configure: failed program was:
| /* confdefs.h */
| #define PACKAGE_NAME "Prx Core"
| #define PACKAGE_TARNAME "prx"
| #define PACKAGE_VERSION "1.0.0"
| #define PACKAGE_STRING "Prx Core 1.0.0"
| #define PACKAGE_BUGREPORT "www.prx.org"
| #define PACKAGE_URL ""
| #define HAVE_CXX11 1
| #define STDC_HEADERS 1
| #define HAVE_SYS_TYPES_H 1
| #define HAVE_SYS_STAT_H 1
| #define HAVE_STDLIB_H 1
| #define HAVE_STRING_H 1
| #define HAVE_MEMORY_H 1
| #define HAVE_STRINGS_H 1
| #define HAVE_INTTYPES_H 1
| #define HAVE_STDINT_H 1
| #define HAVE_UNISTD_H 1
| #define HAVE_DLFCN_H 1
| #define LT_OBJDIR ".libs/"
| #define HAVE_PTHREAD_PRIO_INHERIT 1
| #define HAVE_PTHREAD 1
| #define HAVE_DECL_STRERROR_R 1
| #define HAVE_STRERROR_R 1
| #define HAVE_FUNC_ATTRIBUTE_VISIBILITY 1
| #define HAVE_STDIO_H 1
| #define HAVE_STDLIB_H 1
| #define HAVE_UNISTD_H 1
| #define HAVE_STRINGS_H 1
| #define HAVE_SYS_TYPES_H 1
| #define HAVE_SYS_STAT_H 1
| #define HAVE_SYS_SELECT_H 1
| /* end confdefs.h.  */
| #include <sys/prctl.h>
configure:22189: result: no
configure:22189: checking for sys/prctl.h
configure:22189: result: no
configure:22199: checking for library containing getaddrinfo_a
configure:22230: /root/proxynode/depends/x86_64-apple-darwin11/native/bin/clang++ -target x86_64-apple-darwin11 -mmacosx-version-min=10.8 --sysroot /root/proxynode/depends/SDKs/MacOSX10.11.sdk -mlinker-version=253.9 -stdlib=libc++ -std=c++11 -o conftest -pipe -O2   -Wstack-protector -fstack-protector-all -fPIC -I/root/proxynode/depends/x86_64-apple-darwin11/share/../include/  -DBOOST_SPIRIT_THREADSAFE -DHAVE_BUILD_INFO -D__STDC_FORMAT_MACROS -DMAC_OSX  -U_FORTIFY_SOURCE -D_FORTIFY_SOURCE=2 -L/root/proxynode/depends/x86_64-apple-darwin11/share/../lib  -Wl,-headerpad_max_install_names  -Wl,-dead_strip conftest.cpp  >&5
Undefined symbols for architecture x86_64:
  "_getaddrinfo_a", referenced from:
      _main in conftest-53fcc4.o
ld: symbol(s) not found for architecture x86_64
clang: error: linker command failed with exit code 1 (use -v to see invocation)
configure:22230: $? = 1
configure: failed program was:
| /* confdefs.h */
| #define PACKAGE_NAME "Prx Core"
| #define PACKAGE_TARNAME "prx"
| #define PACKAGE_VERSION "1.0.0"
| #define PACKAGE_STRING "Prx Core 1.0.0"
| #define PACKAGE_BUGREPORT "www.prx.org"
| #define PACKAGE_URL ""
| #define HAVE_CXX11 1
| #define STDC_HEADERS 1
| #define HAVE_SYS_TYPES_H 1
| #define HAVE_SYS_STAT_H 1
| #define HAVE_STDLIB_H 1
| #define HAVE_STRING_H 1
| #define HAVE_MEMORY_H 1
| #define HAVE_STRINGS_H 1
| #define HAVE_INTTYPES_H 1
| #define HAVE_STDINT_H 1
| #define HAVE_UNISTD_H 1
| #define HAVE_DLFCN_H 1
| #define LT_OBJDIR ".libs/"
| #define HAVE_PTHREAD_PRIO_INHERIT 1
| #define HAVE_PTHREAD 1
| #define HAVE_DECL_STRERROR_R 1
| #define HAVE_STRERROR_R 1
| #define HAVE_FUNC_ATTRIBUTE_VISIBILITY 1
| #define HAVE_STDIO_H 1
| #define HAVE_STDLIB_H 1
| #define HAVE_UNISTD_H 1
| #define HAVE_STRINGS_H 1
| #define HAVE_SYS_TYPES_H 1
| #define HAVE_SYS_STAT_H 1
| #define HAVE_SYS_SELECT_H 1
| /* end confdefs.h.  */
| 
| /* Override any GCC internal prototype to avoid an error.
|    Use char because int might match the return type of a GCC
|    builtin and then its argument prototype would still apply.  */
| #ifdef __cplusplus
| extern "C"
| #endif
| char getaddrinfo_a ();
| int
| main ()
| {
| return getaddrinfo_a ();
|   ;
|   return 0;
| }
configure:22230: /root/proxynode/depends/x86_64-apple-darwin11/native/bin/clang++ -target x86_64-apple-darwin11 -mmacosx-version-min=10.8 --sysroot /root/proxynode/depends/SDKs/MacOSX10.11.sdk -mlinker-version=253.9 -stdlib=libc++ -std=c++11 -o conftest -pipe -O2   -Wstack-protector -fstack-protector-all -fPIC -I/root/proxynode/depends/x86_64-apple-darwin11/share/../include/  -DBOOST_SPIRIT_THREADSAFE -DHAVE_BUILD_INFO -D__STDC_FORMAT_MACROS -DMAC_OSX  -U_FORTIFY_SOURCE -D_FORTIFY_SOURCE=2 -L/root/proxynode/depends/x86_64-apple-darwin11/share/../lib  -Wl,-headerpad_max_install_names  -Wl,-dead_strip conftest.cpp -lanl   >&5
ld: library not found for -lanl
clang: error: linker command failed with exit code 1 (use -v to see invocation)
configure:22230: $? = 1
configure: failed program was:
| /* confdefs.h */
| #define PACKAGE_NAME "Prx Core"
| #define PACKAGE_TARNAME "prx"
| #define PACKAGE_VERSION "1.0.0"
| #define PACKAGE_STRING "Prx Core 1.0.0"
| #define PACKAGE_BUGREPORT "www.prx.org"
| #define PACKAGE_URL ""
| #define HAVE_CXX11 1
| #define STDC_HEADERS 1
| #define HAVE_SYS_TYPES_H 1
| #define HAVE_SYS_STAT_H 1
| #define HAVE_STDLIB_H 1
| #define HAVE_STRING_H 1
| #define HAVE_MEMORY_H 1
| #define HAVE_STRINGS_H 1
| #define HAVE_INTTYPES_H 1
| #define HAVE_STDINT_H 1
| #define HAVE_UNISTD_H 1
| #define HAVE_DLFCN_H 1
| #define LT_OBJDIR ".libs/"
| #define HAVE_PTHREAD_PRIO_INHERIT 1
| #define HAVE_PTHREAD 1
| #define HAVE_DECL_STRERROR_R 1
| #define HAVE_STRERROR_R 1
| #define HAVE_FUNC_ATTRIBUTE_VISIBILITY 1
| #define HAVE_STDIO_H 1
| #define HAVE_STDLIB_H 1
| #define HAVE_UNISTD_H 1
| #define HAVE_STRINGS_H 1
| #define HAVE_SYS_TYPES_H 1
| #define HAVE_SYS_STAT_H 1
| #define HAVE_SYS_SELECT_H 1
| /* end confdefs.h.  */
| 
| /* Override any GCC internal prototype to avoid an error.
|    Use char because int might match the return type of a GCC
|    builtin and then its argument prototype would still apply.  */
| #ifdef __cplusplus
| extern "C"
| #endif
| char getaddrinfo_a ();
| int
| main ()
| {
| return getaddrinfo_a ();
|   ;
|   return 0;
| }
configure:22247: result: no
configure:22257: checking for library containing inet_pton
configure:22288: /root/proxynode/depends/x86_64-apple-darwin11/native/bin/clang++ -target x86_64-apple-darwin11 -mmacosx-version-min=10.8 --sysroot /root/proxynode/depends/SDKs/MacOSX10.11.sdk -mlinker-version=253.9 -stdlib=libc++ -std=c++11 -o conftest -pipe -O2   -Wstack-protector -fstack-protector-all -fPIC -I/root/proxynode/depends/x86_64-apple-darwin11/share/../include/  -DBOOST_SPIRIT_THREADSAFE -DHAVE_BUILD_INFO -D__STDC_FORMAT_MACROS -DMAC_OSX  -U_FORTIFY_SOURCE -D_FORTIFY_SOURCE=2 -L/root/proxynode/depends/x86_64-apple-darwin11/share/../lib  -Wl,-headerpad_max_install_names  -Wl,-dead_strip conftest.cpp  >&5
configure:22288: $? = 0
configure:22305: result: none required
configure:22316: checking whether strnlen is declared
configure:22316: /root/proxynode/depends/x86_64-apple-darwin11/native/bin/clang++ -target x86_64-apple-darwin11 -mmacosx-version-min=10.8 --sysroot /root/proxynode/depends/SDKs/MacOSX10.11.sdk -mlinker-version=253.9 -stdlib=libc++ -std=c++11 -c -pipe -O2   -Wstack-protector -fstack-protector-all -fPIC -I/root/proxynode/depends/x86_64-apple-darwin11/share/../include/  -DBOOST_SPIRIT_THREADSAFE -DHAVE_BUILD_INFO -D__STDC_FORMAT_MACROS -DMAC_OSX  -U_FORTIFY_SOURCE -D_FORTIFY_SOURCE=2 conftest.cpp >&5
configure:22316: $? = 0
configure:22316: result: yes
configure:22328: checking whether le32toh is declared
configure:22328: /root/proxynode/depends/x86_64-apple-darwin11/native/bin/clang++ -target x86_64-apple-darwin11 -mmacosx-version-min=10.8 --sysroot /root/proxynode/depends/SDKs/MacOSX10.11.sdk -mlinker-version=253.9 -stdlib=libc++ -std=c++11 -c -pipe -O2   -Wstack-protector -fstack-protector-all -fPIC -I/root/proxynode/depends/x86_64-apple-darwin11/share/../include/  -DBOOST_SPIRIT_THREADSAFE -DHAVE_BUILD_INFO -D__STDC_FORMAT_MACROS -DMAC_OSX  -U_FORTIFY_SOURCE -D_FORTIFY_SOURCE=2 conftest.cpp >&5
conftest.cpp:45:10: error: use of undeclared identifier 'le32toh'
  (void) le32toh;
         ^
1 error generated.
configure:22328: $? = 1
configure: failed program was:
| /* confdefs.h */
| #define PACKAGE_NAME "Prx Core"
| #define PACKAGE_TARNAME "prx"
| #define PACKAGE_VERSION "1.0.0"
| #define PACKAGE_STRING "Prx Core 1.0.0"
| #define PACKAGE_BUGREPORT "www.prx.org"
| #define PACKAGE_URL ""
| #define HAVE_CXX11 1
| #define STDC_HEADERS 1
| #define HAVE_SYS_TYPES_H 1
| #define HAVE_SYS_STAT_H 1
| #define HAVE_STDLIB_H 1
| #define HAVE_STRING_H 1
| #define HAVE_MEMORY_H 1
| #define HAVE_STRINGS_H 1
| #define HAVE_INTTYPES_H 1
| #define HAVE_STDINT_H 1
| #define HAVE_UNISTD_H 1
| #define HAVE_DLFCN_H 1
| #define LT_OBJDIR ".libs/"
| #define HAVE_PTHREAD_PRIO_INHERIT 1
| #define HAVE_PTHREAD 1
| #define HAVE_DECL_STRERROR_R 1
| #define HAVE_STRERROR_R 1
| #define HAVE_FUNC_ATTRIBUTE_VISIBILITY 1
| #define HAVE_STDIO_H 1
| #define HAVE_STDLIB_H 1
| #define HAVE_UNISTD_H 1
| #define HAVE_STRINGS_H 1
| #define HAVE_SYS_TYPES_H 1
| #define HAVE_SYS_STAT_H 1
| #define HAVE_SYS_SELECT_H 1
| #define HAVE_INET_PTON 1
| #define HAVE_DECL_STRNLEN 1
| /* end confdefs.h.  */
| #if HAVE_ENDIAN_H
|                  #include <endian.h>
|                  #endif
| 
| int
| main ()
| {
| #ifndef le32toh
| #ifdef __cplusplus
|   (void) le32toh;
| #else
|   (void) le32toh;
| #endif
| #endif
| 
|   ;
|   return 0;
| }
configure:22328: result: no
configure:22341: checking whether le64toh is declared
configure:22341: /root/proxynode/depends/x86_64-apple-darwin11/native/bin/clang++ -target x86_64-apple-darwin11 -mmacosx-version-min=10.8 --sysroot /root/proxynode/depends/SDKs/MacOSX10.11.sdk -mlinker-version=253.9 -stdlib=libc++ -std=c++11 -c -pipe -O2   -Wstack-protector -fstack-protector-all -fPIC -I/root/proxynode/depends/x86_64-apple-darwin11/share/../include/  -DBOOST_SPIRIT_THREADSAFE -DHAVE_BUILD_INFO -D__STDC_FORMAT_MACROS -DMAC_OSX  -U_FORTIFY_SOURCE -D_FORTIFY_SOURCE=2 conftest.cpp >&5
conftest.cpp:46:10: error: use of undeclared identifier 'le64toh'
  (void) le64toh;
         ^
1 error generated.
configure:22341: $? = 1
configure: failed program was:
| /* confdefs.h */
| #define PACKAGE_NAME "Prx Core"
| #define PACKAGE_TARNAME "prx"
| #define PACKAGE_VERSION "1.0.0"
| #define PACKAGE_STRING "Prx Core 1.0.0"
| #define PACKAGE_BUGREPORT "www.prx.org"
| #define PACKAGE_URL ""
| #define HAVE_CXX11 1
| #define STDC_HEADERS 1
| #define HAVE_SYS_TYPES_H 1
| #define HAVE_SYS_STAT_H 1
| #define HAVE_STDLIB_H 1
| #define HAVE_STRING_H 1
| #define HAVE_MEMORY_H 1
| #define HAVE_STRINGS_H 1
| #define HAVE_INTTYPES_H 1
| #define HAVE_STDINT_H 1
| #define HAVE_UNISTD_H 1
| #define HAVE_DLFCN_H 1
| #define LT_OBJDIR ".libs/"
| #define HAVE_PTHREAD_PRIO_INHERIT 1
| #define HAVE_PTHREAD 1
| #define HAVE_DECL_STRERROR_R 1
| #define HAVE_STRERROR_R 1
| #define HAVE_FUNC_ATTRIBUTE_VISIBILITY 1
| #define HAVE_STDIO_H 1
| #define HAVE_STDLIB_H 1
| #define HAVE_UNISTD_H 1
| #define HAVE_STRINGS_H 1
| #define HAVE_SYS_TYPES_H 1
| #define HAVE_SYS_STAT_H 1
| #define HAVE_SYS_SELECT_H 1
| #define HAVE_INET_PTON 1
| #define HAVE_DECL_STRNLEN 1
| #define HAVE_DECL_LE32TOH 0
| /* end confdefs.h.  */
| #if HAVE_ENDIAN_H
|                  #include <endian.h>
|                  #endif
| 
| int
| main ()
| {
| #ifndef le64toh
| #ifdef __cplusplus
|   (void) le64toh;
| #else
|   (void) le64toh;
| #endif
| #endif
| 
|   ;
|   return 0;
| }
configure:22341: result: no
configure:22354: checking whether htole32 is declared
configure:22354: /root/proxynode/depends/x86_64-apple-darwin11/native/bin/clang++ -target x86_64-apple-darwin11 -mmacosx-version-min=10.8 --sysroot /root/proxynode/depends/SDKs/MacOSX10.11.sdk -mlinker-version=253.9 -stdlib=libc++ -std=c++11 -c -pipe -O2   -Wstack-protector -fstack-protector-all -fPIC -I/root/proxynode/depends/x86_64-apple-darwin11/share/../include/  -DBOOST_SPIRIT_THREADSAFE -DHAVE_BUILD_INFO -D__STDC_FORMAT_MACROS -DMAC_OSX  -U_FORTIFY_SOURCE -D_FORTIFY_SOURCE=2 conftest.cpp >&5
conftest.cpp:47:10: error: use of undeclared identifier 'htole32'
  (void) htole32;
         ^
1 error generated.
configure:22354: $? = 1
configure: failed program was:
| /* confdefs.h */
| #define PACKAGE_NAME "Prx Core"
| #define PACKAGE_TARNAME "prx"
| #define PACKAGE_VERSION "1.0.0"
| #define PACKAGE_STRING "Prx Core 1.0.0"
| #define PACKAGE_BUGREPORT "www.prx.org"
| #define PACKAGE_URL ""
| #define HAVE_CXX11 1
| #define STDC_HEADERS 1
| #define HAVE_SYS_TYPES_H 1
| #define HAVE_SYS_STAT_H 1
| #define HAVE_STDLIB_H 1
| #define HAVE_STRING_H 1
| #define HAVE_MEMORY_H 1
| #define HAVE_STRINGS_H 1
| #define HAVE_INTTYPES_H 1
| #define HAVE_STDINT_H 1
| #define HAVE_UNISTD_H 1
| #define HAVE_DLFCN_H 1
| #define LT_OBJDIR ".libs/"
| #define HAVE_PTHREAD_PRIO_INHERIT 1
| #define HAVE_PTHREAD 1
| #define HAVE_DECL_STRERROR_R 1
| #define HAVE_STRERROR_R 1
| #define HAVE_FUNC_ATTRIBUTE_VISIBILITY 1
| #define HAVE_STDIO_H 1
| #define HAVE_STDLIB_H 1
| #define HAVE_UNISTD_H 1
| #define HAVE_STRINGS_H 1
| #define HAVE_SYS_TYPES_H 1
| #define HAVE_SYS_STAT_H 1
| #define HAVE_SYS_SELECT_H 1
| #define HAVE_INET_PTON 1
| #define HAVE_DECL_STRNLEN 1
| #define HAVE_DECL_LE32TOH 0
| #define HAVE_DECL_LE64TOH 0
| /* end confdefs.h.  */
| #if HAVE_ENDIAN_H
|                  #include <endian.h>
|                  #endif
| 
| int
| main ()
| {
| #ifndef htole32
| #ifdef __cplusplus
|   (void) htole32;
| #else
|   (void) htole32;
| #endif
| #endif
| 
|   ;
|   return 0;
| }
configure:22354: result: no
configure:22367: checking whether htole64 is declared
configure:22367: /root/proxynode/depends/x86_64-apple-darwin11/native/bin/clang++ -target x86_64-apple-darwin11 -mmacosx-version-min=10.8 --sysroot /root/proxynode/depends/SDKs/MacOSX10.11.sdk -mlinker-version=253.9 -stdlib=libc++ -std=c++11 -c -pipe -O2   -Wstack-protector -fstack-protector-all -fPIC -I/root/proxynode/depends/x86_64-apple-darwin11/share/../include/  -DBOOST_SPIRIT_THREADSAFE -DHAVE_BUILD_INFO -D__STDC_FORMAT_MACROS -DMAC_OSX  -U_FORTIFY_SOURCE -D_FORTIFY_SOURCE=2 conftest.cpp >&5
conftest.cpp:48:10: error: use of undeclared identifier 'htole64'
  (void) htole64;
         ^
1 error generated.
configure:22367: $? = 1
configure: failed program was:
| /* confdefs.h */
| #define PACKAGE_NAME "Prx Core"
| #define PACKAGE_TARNAME "prx"
| #define PACKAGE_VERSION "1.0.0"
| #define PACKAGE_STRING "Prx Core 1.0.0"
| #define PACKAGE_BUGREPORT "www.prx.org"
| #define PACKAGE_URL ""
| #define HAVE_CXX11 1
| #define STDC_HEADERS 1
| #define HAVE_SYS_TYPES_H 1
| #define HAVE_SYS_STAT_H 1
| #define HAVE_STDLIB_H 1
| #define HAVE_STRING_H 1
| #define HAVE_MEMORY_H 1
| #define HAVE_STRINGS_H 1
| #define HAVE_INTTYPES_H 1
| #define HAVE_STDINT_H 1
| #define HAVE_UNISTD_H 1
| #define HAVE_DLFCN_H 1
| #define LT_OBJDIR ".libs/"
| #define HAVE_PTHREAD_PRIO_INHERIT 1
| #define HAVE_PTHREAD 1
| #define HAVE_DECL_STRERROR_R 1
| #define HAVE_STRERROR_R 1
| #define HAVE_FUNC_ATTRIBUTE_VISIBILITY 1
| #define HAVE_STDIO_H 1
| #define HAVE_STDLIB_H 1
| #define HAVE_UNISTD_H 1
| #define HAVE_STRINGS_H 1
| #define HAVE_SYS_TYPES_H 1
| #define HAVE_SYS_STAT_H 1
| #define HAVE_SYS_SELECT_H 1
| #define HAVE_INET_PTON 1
| #define HAVE_DECL_STRNLEN 1
| #define HAVE_DECL_LE32TOH 0
| #define HAVE_DECL_LE64TOH 0
| #define HAVE_DECL_HTOLE32 0
| /* end confdefs.h.  */
| #if HAVE_ENDIAN_H
|                  #include <endian.h>
|                  #endif
| 
| int
| main ()
| {
| #ifndef htole64
| #ifdef __cplusplus
|   (void) htole64;
| #else
|   (void) htole64;
| #endif
| #endif
| 
|   ;
|   return 0;
| }
configure:22367: result: no
configure:22380: checking whether be32toh is declared
configure:22380: /root/proxynode/depends/x86_64-apple-darwin11/native/bin/clang++ -target x86_64-apple-darwin11 -mmacosx-version-min=10.8 --sysroot /root/proxynode/depends/SDKs/MacOSX10.11.sdk -mlinker-version=253.9 -stdlib=libc++ -std=c++11 -c -pipe -O2   -Wstack-protector -fstack-protector-all -fPIC -I/root/proxynode/depends/x86_64-apple-darwin11/share/../include/  -DBOOST_SPIRIT_THREADSAFE -DHAVE_BUILD_INFO -D__STDC_FORMAT_MACROS -DMAC_OSX  -U_FORTIFY_SOURCE -D_FORTIFY_SOURCE=2 conftest.cpp >&5
conftest.cpp:49:10: error: use of undeclared identifier 'be32toh'
  (void) be32toh;
         ^
1 error generated.
configure:22380: $? = 1
configure: failed program was:
| /* confdefs.h */
| #define PACKAGE_NAME "Prx Core"
| #define PACKAGE_TARNAME "prx"
| #define PACKAGE_VERSION "1.0.0"
| #define PACKAGE_STRING "Prx Core 1.0.0"
| #define PACKAGE_BUGREPORT "www.prx.org"
| #define PACKAGE_URL ""
| #define HAVE_CXX11 1
| #define STDC_HEADERS 1
| #define HAVE_SYS_TYPES_H 1
| #define HAVE_SYS_STAT_H 1
| #define HAVE_STDLIB_H 1
| #define HAVE_STRING_H 1
| #define HAVE_MEMORY_H 1
| #define HAVE_STRINGS_H 1
| #define HAVE_INTTYPES_H 1
| #define HAVE_STDINT_H 1
| #define HAVE_UNISTD_H 1
| #define HAVE_DLFCN_H 1
| #define LT_OBJDIR ".libs/"
| #define HAVE_PTHREAD_PRIO_INHERIT 1
| #define HAVE_PTHREAD 1
| #define HAVE_DECL_STRERROR_R 1
| #define HAVE_STRERROR_R 1
| #define HAVE_FUNC_ATTRIBUTE_VISIBILITY 1
| #define HAVE_STDIO_H 1
| #define HAVE_STDLIB_H 1
| #define HAVE_UNISTD_H 1
| #define HAVE_STRINGS_H 1
| #define HAVE_SYS_TYPES_H 1
| #define HAVE_SYS_STAT_H 1
| #define HAVE_SYS_SELECT_H 1
| #define HAVE_INET_PTON 1
| #define HAVE_DECL_STRNLEN 1
| #define HAVE_DECL_LE32TOH 0
| #define HAVE_DECL_LE64TOH 0
| #define HAVE_DECL_HTOLE32 0
| #define HAVE_DECL_HTOLE64 0
| /* end confdefs.h.  */
| #if HAVE_ENDIAN_H
|                  #include <endian.h>
|                  #endif
| 
| int
| main ()
| {
| #ifndef be32toh
| #ifdef __cplusplus
|   (void) be32toh;
| #else
|   (void) be32toh;
| #endif
| #endif
| 
|   ;
|   return 0;
| }
configure:22380: result: no
configure:22393: checking whether be64toh is declared
configure:22393: /root/proxynode/depends/x86_64-apple-darwin11/native/bin/clang++ -target x86_64-apple-darwin11 -mmacosx-version-min=10.8 --sysroot /root/proxynode/depends/SDKs/MacOSX10.11.sdk -mlinker-version=253.9 -stdlib=libc++ -std=c++11 -c -pipe -O2   -Wstack-protector -fstack-protector-all -fPIC -I/root/proxynode/depends/x86_64-apple-darwin11/share/../include/  -DBOOST_SPIRIT_THREADSAFE -DHAVE_BUILD_INFO -D__STDC_FORMAT_MACROS -DMAC_OSX  -U_FORTIFY_SOURCE -D_FORTIFY_SOURCE=2 conftest.cpp >&5
conftest.cpp:50:10: error: use of undeclared identifier 'be64toh'
  (void) be64toh;
         ^
1 error generated.
configure:22393: $? = 1
configure: failed program was:
| /* confdefs.h */
| #define PACKAGE_NAME "Prx Core"
| #define PACKAGE_TARNAME "prx"
| #define PACKAGE_VERSION "1.0.0"
| #define PACKAGE_STRING "Prx Core 1.0.0"
| #define PACKAGE_BUGREPORT "www.prx.org"
| #define PACKAGE_URL ""
| #define HAVE_CXX11 1
| #define STDC_HEADERS 1
| #define HAVE_SYS_TYPES_H 1
| #define HAVE_SYS_STAT_H 1
| #define HAVE_STDLIB_H 1
| #define HAVE_STRING_H 1
| #define HAVE_MEMORY_H 1
| #define HAVE_STRINGS_H 1
| #define HAVE_INTTYPES_H 1
| #define HAVE_STDINT_H 1
| #define HAVE_UNISTD_H 1
| #define HAVE_DLFCN_H 1
| #define LT_OBJDIR ".libs/"
| #define HAVE_PTHREAD_PRIO_INHERIT 1
| #define HAVE_PTHREAD 1
| #define HAVE_DECL_STRERROR_R 1
| #define HAVE_STRERROR_R 1
| #define HAVE_FUNC_ATTRIBUTE_VISIBILITY 1
| #define HAVE_STDIO_H 1
| #define HAVE_STDLIB_H 1
| #define HAVE_UNISTD_H 1
| #define HAVE_STRINGS_H 1
| #define HAVE_SYS_TYPES_H 1
| #define HAVE_SYS_STAT_H 1
| #define HAVE_SYS_SELECT_H 1
| #define HAVE_INET_PTON 1
| #define HAVE_DECL_STRNLEN 1
| #define HAVE_DECL_LE32TOH 0
| #define HAVE_DECL_LE64TOH 0
| #define HAVE_DECL_HTOLE32 0
| #define HAVE_DECL_HTOLE64 0
| #define HAVE_DECL_BE32TOH 0
| /* end confdefs.h.  */
| #if HAVE_ENDIAN_H
|                  #include <endian.h>
|                  #endif
| 
| int
| main ()
| {
| #ifndef be64toh
| #ifdef __cplusplus
|   (void) be64toh;
| #else
|   (void) be64toh;
| #endif
| #endif
| 
|   ;
|   return 0;
| }
configure:22393: result: no
configure:22406: checking whether htobe32 is declared
configure:22406: /root/proxynode/depends/x86_64-apple-darwin11/native/bin/clang++ -target x86_64-apple-darwin11 -mmacosx-version-min=10.8 --sysroot /root/proxynode/depends/SDKs/MacOSX10.11.sdk -mlinker-version=253.9 -stdlib=libc++ -std=c++11 -c -pipe -O2   -Wstack-protector -fstack-protector-all -fPIC -I/root/proxynode/depends/x86_64-apple-darwin11/share/../include/  -DBOOST_SPIRIT_THREADSAFE -DHAVE_BUILD_INFO -D__STDC_FORMAT_MACROS -DMAC_OSX  -U_FORTIFY_SOURCE -D_FORTIFY_SOURCE=2 conftest.cpp >&5
conftest.cpp:51:10: error: use of undeclared identifier 'htobe32'
  (void) htobe32;
         ^
1 error generated.
configure:22406: $? = 1
configure: failed program was:
| /* confdefs.h */
| #define PACKAGE_NAME "Prx Core"
| #define PACKAGE_TARNAME "prx"
| #define PACKAGE_VERSION "1.0.0"
| #define PACKAGE_STRING "Prx Core 1.0.0"
| #define PACKAGE_BUGREPORT "www.prx.org"
| #define PACKAGE_URL ""
| #define HAVE_CXX11 1
| #define STDC_HEADERS 1
| #define HAVE_SYS_TYPES_H 1
| #define HAVE_SYS_STAT_H 1
| #define HAVE_STDLIB_H 1
| #define HAVE_STRING_H 1
| #define HAVE_MEMORY_H 1
| #define HAVE_STRINGS_H 1
| #define HAVE_INTTYPES_H 1
| #define HAVE_STDINT_H 1
| #define HAVE_UNISTD_H 1
| #define HAVE_DLFCN_H 1
| #define LT_OBJDIR ".libs/"
| #define HAVE_PTHREAD_PRIO_INHERIT 1
| #define HAVE_PTHREAD 1
| #define HAVE_DECL_STRERROR_R 1
| #define HAVE_STRERROR_R 1
| #define HAVE_FUNC_ATTRIBUTE_VISIBILITY 1
| #define HAVE_STDIO_H 1
| #define HAVE_STDLIB_H 1
| #define HAVE_UNISTD_H 1
| #define HAVE_STRINGS_H 1
| #define HAVE_SYS_TYPES_H 1
| #define HAVE_SYS_STAT_H 1
| #define HAVE_SYS_SELECT_H 1
| #define HAVE_INET_PTON 1
| #define HAVE_DECL_STRNLEN 1
| #define HAVE_DECL_LE32TOH 0
| #define HAVE_DECL_LE64TOH 0
| #define HAVE_DECL_HTOLE32 0
| #define HAVE_DECL_HTOLE64 0
| #define HAVE_DECL_BE32TOH 0
| #define HAVE_DECL_BE64TOH 0
| /* end confdefs.h.  */
| #if HAVE_ENDIAN_H
|                  #include <endian.h>
|                  #endif
| 
| int
| main ()
| {
| #ifndef htobe32
| #ifdef __cplusplus
|   (void) htobe32;
| #else
|   (void) htobe32;
| #endif
| #endif
| 
|   ;
|   return 0;
| }
configure:22406: result: no
configure:22419: checking whether htobe64 is declared
configure:22419: /root/proxynode/depends/x86_64-apple-darwin11/native/bin/clang++ -target x86_64-apple-darwin11 -mmacosx-version-min=10.8 --sysroot /root/proxynode/depends/SDKs/MacOSX10.11.sdk -mlinker-version=253.9 -stdlib=libc++ -std=c++11 -c -pipe -O2   -Wstack-protector -fstack-protector-all -fPIC -I/root/proxynode/depends/x86_64-apple-darwin11/share/../include/  -DBOOST_SPIRIT_THREADSAFE -DHAVE_BUILD_INFO -D__STDC_FORMAT_MACROS -DMAC_OSX  -U_FORTIFY_SOURCE -D_FORTIFY_SOURCE=2 conftest.cpp >&5
conftest.cpp:52:10: error: use of undeclared identifier 'htobe64'
  (void) htobe64;
         ^
1 error generated.
configure:22419: $? = 1
configure: failed program was:
| /* confdefs.h */
| #define PACKAGE_NAME "Prx Core"
| #define PACKAGE_TARNAME "prx"
| #define PACKAGE_VERSION "1.0.0"
| #define PACKAGE_STRING "Prx Core 1.0.0"
| #define PACKAGE_BUGREPORT "www.prx.org"
| #define PACKAGE_URL ""
| #define HAVE_CXX11 1
| #define STDC_HEADERS 1
| #define HAVE_SYS_TYPES_H 1
| #define HAVE_SYS_STAT_H 1
| #define HAVE_STDLIB_H 1
| #define HAVE_STRING_H 1
| #define HAVE_MEMORY_H 1
| #define HAVE_STRINGS_H 1
| #define HAVE_INTTYPES_H 1
| #define HAVE_STDINT_H 1
| #define HAVE_UNISTD_H 1
| #define HAVE_DLFCN_H 1
| #define LT_OBJDIR ".libs/"
| #define HAVE_PTHREAD_PRIO_INHERIT 1
| #define HAVE_PTHREAD 1
| #define HAVE_DECL_STRERROR_R 1
| #define HAVE_STRERROR_R 1
| #define HAVE_FUNC_ATTRIBUTE_VISIBILITY 1
| #define HAVE_STDIO_H 1
| #define HAVE_STDLIB_H 1
| #define HAVE_UNISTD_H 1
| #define HAVE_STRINGS_H 1
| #define HAVE_SYS_TYPES_H 1
| #define HAVE_SYS_STAT_H 1
| #define HAVE_SYS_SELECT_H 1
| #define HAVE_INET_PTON 1
| #define HAVE_DECL_STRNLEN 1
| #define HAVE_DECL_LE32TOH 0
| #define HAVE_DECL_LE64TOH 0
| #define HAVE_DECL_HTOLE32 0
| #define HAVE_DECL_HTOLE64 0
| #define HAVE_DECL_BE32TOH 0
| #define HAVE_DECL_BE64TOH 0
| #define HAVE_DECL_HTOBE32 0
| /* end confdefs.h.  */
| #if HAVE_ENDIAN_H
|                  #include <endian.h>
|                  #endif
| 
| int
| main ()
| {
| #ifndef htobe64
| #ifdef __cplusplus
|   (void) htobe64;
| #else
|   (void) htobe64;
| #endif
| #endif
| 
|   ;
|   return 0;
| }
configure:22419: result: no
configure:22434: checking for MSG_NOSIGNAL
configure:22447: /root/proxynode/depends/x86_64-apple-darwin11/native/bin/clang++ -target x86_64-apple-darwin11 -mmacosx-version-min=10.8 --sysroot /root/proxynode/depends/SDKs/MacOSX10.11.sdk -mlinker-version=253.9 -stdlib=libc++ -std=c++11 -c -pipe -O2   -Wstack-protector -fstack-protector-all -fPIC -I/root/proxynode/depends/x86_64-apple-darwin11/share/../include/  -DBOOST_SPIRIT_THREADSAFE -DHAVE_BUILD_INFO -D__STDC_FORMAT_MACROS -DMAC_OSX  -U_FORTIFY_SOURCE -D_FORTIFY_SOURCE=2 conftest.cpp >&5
conftest.cpp:48:10: error: use of undeclared identifier 'MSG_NOSIGNAL'
 int f = MSG_NOSIGNAL;
         ^
1 error generated.
configure:22447: $? = 1
configure: failed program was:
| /* confdefs.h */
| #define PACKAGE_NAME "Prx Core"
| #define PACKAGE_TARNAME "prx"
| #define PACKAGE_VERSION "1.0.0"
| #define PACKAGE_STRING "Prx Core 1.0.0"
| #define PACKAGE_BUGREPORT "www.prx.org"
| #define PACKAGE_URL ""
| #define HAVE_CXX11 1
| #define STDC_HEADERS 1
| #define HAVE_SYS_TYPES_H 1
| #define HAVE_SYS_STAT_H 1
| #define HAVE_STDLIB_H 1
| #define HAVE_STRING_H 1
| #define HAVE_MEMORY_H 1
| #define HAVE_STRINGS_H 1
| #define HAVE_INTTYPES_H 1
| #define HAVE_STDINT_H 1
| #define HAVE_UNISTD_H 1
| #define HAVE_DLFCN_H 1
| #define LT_OBJDIR ".libs/"
| #define HAVE_PTHREAD_PRIO_INHERIT 1
| #define HAVE_PTHREAD 1
| #define HAVE_DECL_STRERROR_R 1
| #define HAVE_STRERROR_R 1
| #define HAVE_FUNC_ATTRIBUTE_VISIBILITY 1
| #define HAVE_STDIO_H 1
| #define HAVE_STDLIB_H 1
| #define HAVE_UNISTD_H 1
| #define HAVE_STRINGS_H 1
| #define HAVE_SYS_TYPES_H 1
| #define HAVE_SYS_STAT_H 1
| #define HAVE_SYS_SELECT_H 1
| #define HAVE_INET_PTON 1
| #define HAVE_DECL_STRNLEN 1
| #define HAVE_DECL_LE32TOH 0
| #define HAVE_DECL_LE64TOH 0
| #define HAVE_DECL_HTOLE32 0
| #define HAVE_DECL_HTOLE64 0
| #define HAVE_DECL_BE32TOH 0
| #define HAVE_DECL_BE64TOH 0
| #define HAVE_DECL_HTOBE32 0
| #define HAVE_DECL_HTOBE64 0
| /* end confdefs.h.  */
| #include <sys/socket.h>
| int
| main ()
| {
|  int f = MSG_NOSIGNAL;
|   ;
|   return 0;
| }
configure:22453: result: no
configure:22459: checking for library containing clock_gettime
configure:22490: /root/proxynode/depends/x86_64-apple-darwin11/native/bin/clang++ -target x86_64-apple-darwin11 -mmacosx-version-min=10.8 --sysroot /root/proxynode/depends/SDKs/MacOSX10.11.sdk -mlinker-version=253.9 -stdlib=libc++ -std=c++11 -o conftest -pipe -O2   -Wstack-protector -fstack-protector-all -fPIC -I/root/proxynode/depends/x86_64-apple-darwin11/share/../include/  -DBOOST_SPIRIT_THREADSAFE -DHAVE_BUILD_INFO -D__STDC_FORMAT_MACROS -DMAC_OSX  -U_FORTIFY_SOURCE -D_FORTIFY_SOURCE=2 -L/root/proxynode/depends/x86_64-apple-darwin11/share/../lib  -Wl,-headerpad_max_install_names  -Wl,-dead_strip conftest.cpp  >&5
Undefined symbols for architecture x86_64:
  "_clock_gettime", referenced from:
      _main in conftest-649515.o
ld: symbol(s) not found for architecture x86_64
clang: error: linker command failed with exit code 1 (use -v to see invocation)
configure:22490: $? = 1
configure: failed program was:
| /* confdefs.h */
| #define PACKAGE_NAME "Prx Core"
| #define PACKAGE_TARNAME "prx"
| #define PACKAGE_VERSION "1.0.0"
| #define PACKAGE_STRING "Prx Core 1.0.0"
| #define PACKAGE_BUGREPORT "www.prx.org"
| #define PACKAGE_URL ""
| #define HAVE_CXX11 1
| #define STDC_HEADERS 1
| #define HAVE_SYS_TYPES_H 1
| #define HAVE_SYS_STAT_H 1
| #define HAVE_STDLIB_H 1
| #define HAVE_STRING_H 1
| #define HAVE_MEMORY_H 1
| #define HAVE_STRINGS_H 1
| #define HAVE_INTTYPES_H 1
| #define HAVE_STDINT_H 1
| #define HAVE_UNISTD_H 1
| #define HAVE_DLFCN_H 1
| #define LT_OBJDIR ".libs/"
| #define HAVE_PTHREAD_PRIO_INHERIT 1
| #define HAVE_PTHREAD 1
| #define HAVE_DECL_STRERROR_R 1
| #define HAVE_STRERROR_R 1
| #define HAVE_FUNC_ATTRIBUTE_VISIBILITY 1
| #define HAVE_STDIO_H 1
| #define HAVE_STDLIB_H 1
| #define HAVE_UNISTD_H 1
| #define HAVE_STRINGS_H 1
| #define HAVE_SYS_TYPES_H 1
| #define HAVE_SYS_STAT_H 1
| #define HAVE_SYS_SELECT_H 1
| #define HAVE_INET_PTON 1
| #define HAVE_DECL_STRNLEN 1
| #define HAVE_DECL_LE32TOH 0
| #define HAVE_DECL_LE64TOH 0
| #define HAVE_DECL_HTOLE32 0
| #define HAVE_DECL_HTOLE64 0
| #define HAVE_DECL_BE32TOH 0
| #define HAVE_DECL_BE64TOH 0
| #define HAVE_DECL_HTOBE32 0
| #define HAVE_DECL_HTOBE64 0
| /* end confdefs.h.  */
| 
| /* Override any GCC internal prototype to avoid an error.
|    Use char because int might match the return type of a GCC
|    builtin and then its argument prototype would still apply.  */
| #ifdef __cplusplus
| extern "C"
| #endif
| char clock_gettime ();
| int
| main ()
| {
| return clock_gettime ();
|   ;
|   return 0;
| }
configure:22490: /root/proxynode/depends/x86_64-apple-darwin11/native/bin/clang++ -target x86_64-apple-darwin11 -mmacosx-version-min=10.8 --sysroot /root/proxynode/depends/SDKs/MacOSX10.11.sdk -mlinker-version=253.9 -stdlib=libc++ -std=c++11 -o conftest -pipe -O2   -Wstack-protector -fstack-protector-all -fPIC -I/root/proxynode/depends/x86_64-apple-darwin11/share/../include/  -DBOOST_SPIRIT_THREADSAFE -DHAVE_BUILD_INFO -D__STDC_FORMAT_MACROS -DMAC_OSX  -U_FORTIFY_SOURCE -D_FORTIFY_SOURCE=2 -L/root/proxynode/depends/x86_64-apple-darwin11/share/../lib  -Wl,-headerpad_max_install_names  -Wl,-dead_strip conftest.cpp -lrt   >&5
ld: library not found for -lrt
clang: error: linker command failed with exit code 1 (use -v to see invocation)
configure:22490: $? = 1
configure: failed program was:
| /* confdefs.h */
| #define PACKAGE_NAME "Prx Core"
| #define PACKAGE_TARNAME "prx"
| #define PACKAGE_VERSION "1.0.0"
| #define PACKAGE_STRING "Prx Core 1.0.0"
| #define PACKAGE_BUGREPORT "www.prx.org"
| #define PACKAGE_URL ""
| #define HAVE_CXX11 1
| #define STDC_HEADERS 1
| #define HAVE_SYS_TYPES_H 1
| #define HAVE_SYS_STAT_H 1
| #define HAVE_STDLIB_H 1
| #define HAVE_STRING_H 1
| #define HAVE_MEMORY_H 1
| #define HAVE_STRINGS_H 1
| #define HAVE_INTTYPES_H 1
| #define HAVE_STDINT_H 1
| #define HAVE_UNISTD_H 1
| #define HAVE_DLFCN_H 1
| #define LT_OBJDIR ".libs/"
| #define HAVE_PTHREAD_PRIO_INHERIT 1
| #define HAVE_PTHREAD 1
| #define HAVE_DECL_STRERROR_R 1
| #define HAVE_STRERROR_R 1
| #define HAVE_FUNC_ATTRIBUTE_VISIBILITY 1
| #define HAVE_STDIO_H 1
| #define HAVE_STDLIB_H 1
| #define HAVE_UNISTD_H 1
| #define HAVE_STRINGS_H 1
| #define HAVE_SYS_TYPES_H 1
| #define HAVE_SYS_STAT_H 1
| #define HAVE_SYS_SELECT_H 1
| #define HAVE_INET_PTON 1
| #define HAVE_DECL_STRNLEN 1
| #define HAVE_DECL_LE32TOH 0
| #define HAVE_DECL_LE64TOH 0
| #define HAVE_DECL_HTOLE32 0
| #define HAVE_DECL_HTOLE64 0
| #define HAVE_DECL_BE32TOH 0
| #define HAVE_DECL_BE64TOH 0
| #define HAVE_DECL_HTOBE32 0
| #define HAVE_DECL_HTOBE64 0
| /* end confdefs.h.  */
| 
| /* Override any GCC internal prototype to avoid an error.
|    Use char because int might match the return type of a GCC
|    builtin and then its argument prototype would still apply.  */
| #ifdef __cplusplus
| extern "C"
| #endif
| char clock_gettime ();
| int
| main ()
| {
| return clock_gettime ();
|   ;
|   return 0;
| }
configure:22507: result: no
configure:22516: checking for visibility attribute
configure:22525: /root/proxynode/depends/x86_64-apple-darwin11/native/bin/clang++ -target x86_64-apple-darwin11 -mmacosx-version-min=10.8 --sysroot /root/proxynode/depends/SDKs/MacOSX10.11.sdk -mlinker-version=253.9 -stdlib=libc++ -std=c++11 -o conftest -pipe -O2   -Wstack-protector -fstack-protector-all -fPIC -I/root/proxynode/depends/x86_64-apple-darwin11/share/../include/  -DBOOST_SPIRIT_THREADSAFE -DHAVE_BUILD_INFO -D__STDC_FORMAT_MACROS -DMAC_OSX  -U_FORTIFY_SOURCE -D_FORTIFY_SOURCE=2 -L/root/proxynode/depends/x86_64-apple-darwin11/share/../lib  -Wl,-headerpad_max_install_names  -Wl,-dead_strip conftest.cpp  >&5
configure:22525: $? = 0
configure:22530: result: yes
configure:22550: checking whether C++ compiler accepts -fvisibility=hidden
configure:22569: /root/proxynode/depends/x86_64-apple-darwin11/native/bin/clang++ -target x86_64-apple-darwin11 -mmacosx-version-min=10.8 --sysroot /root/proxynode/depends/SDKs/MacOSX10.11.sdk -mlinker-version=253.9 -stdlib=libc++ -std=c++11 -c -pipe -O2   -Wstack-protector -fstack-protector-all -fPIC  -fvisibility=hidden -I/root/proxynode/depends/x86_64-apple-darwin11/share/../include/  -DBOOST_SPIRIT_THREADSAFE -DHAVE_BUILD_INFO -D__STDC_FORMAT_MACROS -DMAC_OSX  -U_FORTIFY_SOURCE -D_FORTIFY_SOURCE=2 conftest.cpp >&5
configure:22569: $? = 0
configure:22577: result: yes
configure:22611: checking for Berkeley DB C++ headers
configure:22642: /root/proxynode/depends/x86_64-apple-darwin11/native/bin/clang++ -target x86_64-apple-darwin11 -mmacosx-version-min=10.8 --sysroot /root/proxynode/depends/SDKs/MacOSX10.11.sdk -mlinker-version=253.9 -stdlib=libc++ -std=c++11 -c -pipe -O2   -Wstack-protector -fstack-protector-all -fPIC -I/root/proxynode/depends/x86_64-apple-darwin11/share/../include/  -DBOOST_SPIRIT_THREADSAFE -DHAVE_BUILD_INFO -D__STDC_FORMAT_MACROS -DMAC_OSX  -U_FORTIFY_SOURCE -D_FORTIFY_SOURCE=2 conftest.cpp >&5
conftest.cpp:46:16: fatal error: 'bdb4.8/db_cxx.h' file not found
      #include <bdb4.8/db_cxx.h>
               ^
1 error generated.
configure:22642: $? = 1
configure: failed program was:
| /* confdefs.h */
| #define PACKAGE_NAME "Prx Core"
| #define PACKAGE_TARNAME "prx"
| #define PACKAGE_VERSION "1.0.0"
| #define PACKAGE_STRING "Prx Core 1.0.0"
| #define PACKAGE_BUGREPORT "www.prx.org"
| #define PACKAGE_URL ""
| #define HAVE_CXX11 1
| #define STDC_HEADERS 1
| #define HAVE_SYS_TYPES_H 1
| #define HAVE_SYS_STAT_H 1
| #define HAVE_STDLIB_H 1
| #define HAVE_STRING_H 1
| #define HAVE_MEMORY_H 1
| #define HAVE_STRINGS_H 1
| #define HAVE_INTTYPES_H 1
| #define HAVE_STDINT_H 1
| #define HAVE_UNISTD_H 1
| #define HAVE_DLFCN_H 1
| #define LT_OBJDIR ".libs/"
| #define HAVE_PTHREAD_PRIO_INHERIT 1
| #define HAVE_PTHREAD 1
| #define HAVE_DECL_STRERROR_R 1
| #define HAVE_STRERROR_R 1
| #define HAVE_FUNC_ATTRIBUTE_VISIBILITY 1
| #define HAVE_STDIO_H 1
| #define HAVE_STDLIB_H 1
| #define HAVE_UNISTD_H 1
| #define HAVE_STRINGS_H 1
| #define HAVE_SYS_TYPES_H 1
| #define HAVE_SYS_STAT_H 1
| #define HAVE_SYS_SELECT_H 1
| #define HAVE_INET_PTON 1
| #define HAVE_DECL_STRNLEN 1
| #define HAVE_DECL_LE32TOH 0
| #define HAVE_DECL_LE64TOH 0
| #define HAVE_DECL_HTOLE32 0
| #define HAVE_DECL_HTOLE64 0
| #define HAVE_DECL_BE32TOH 0
| #define HAVE_DECL_BE64TOH 0
| #define HAVE_DECL_HTOBE32 0
| #define HAVE_DECL_HTOBE64 0
| #define HAVE_VISIBILITY_ATTRIBUTE 1
| /* end confdefs.h.  */
| 
|       #include <bdb4.8/db_cxx.h>
| 
| int
| main ()
| {
| 
|       #if !((DB_VERSION_MAJOR == 4 && DB_VERSION_MINOR >= 8) || DB_VERSION_MAJOR > 4)
|         #error "failed to find bdb 4.8+"
|       #endif
| 
|   ;
|   return 0;
| }
configure:22642: /root/proxynode/depends/x86_64-apple-darwin11/native/bin/clang++ -target x86_64-apple-darwin11 -mmacosx-version-min=10.8 --sysroot /root/proxynode/depends/SDKs/MacOSX10.11.sdk -mlinker-version=253.9 -stdlib=libc++ -std=c++11 -c -pipe -O2   -Wstack-protector -fstack-protector-all -fPIC -I/root/proxynode/depends/x86_64-apple-darwin11/share/../include/  -DBOOST_SPIRIT_THREADSAFE -DHAVE_BUILD_INFO -D__STDC_FORMAT_MACROS -DMAC_OSX  -U_FORTIFY_SOURCE -D_FORTIFY_SOURCE=2 conftest.cpp >&5
conftest.cpp:46:16: fatal error: 'libdb4.8/db_cxx.h' file not found
      #include <libdb4.8/db_cxx.h>
               ^
1 error generated.
configure:22642: $? = 1
configure: failed program was:
| /* confdefs.h */
| #define PACKAGE_NAME "Prx Core"
| #define PACKAGE_TARNAME "prx"
| #define PACKAGE_VERSION "1.0.0"
| #define PACKAGE_STRING "Prx Core 1.0.0"
| #define PACKAGE_BUGREPORT "www.prx.org"
| #define PACKAGE_URL ""
| #define HAVE_CXX11 1
| #define STDC_HEADERS 1
| #define HAVE_SYS_TYPES_H 1
| #define HAVE_SYS_STAT_H 1
| #define HAVE_STDLIB_H 1
| #define HAVE_STRING_H 1
| #define HAVE_MEMORY_H 1
| #define HAVE_STRINGS_H 1
| #define HAVE_INTTYPES_H 1
| #define HAVE_STDINT_H 1
| #define HAVE_UNISTD_H 1
| #define HAVE_DLFCN_H 1
| #define LT_OBJDIR ".libs/"
| #define HAVE_PTHREAD_PRIO_INHERIT 1
| #define HAVE_PTHREAD 1
| #define HAVE_DECL_STRERROR_R 1
| #define HAVE_STRERROR_R 1
| #define HAVE_FUNC_ATTRIBUTE_VISIBILITY 1
| #define HAVE_STDIO_H 1
| #define HAVE_STDLIB_H 1
| #define HAVE_UNISTD_H 1
| #define HAVE_STRINGS_H 1
| #define HAVE_SYS_TYPES_H 1
| #define HAVE_SYS_STAT_H 1
| #define HAVE_SYS_SELECT_H 1
| #define HAVE_INET_PTON 1
| #define HAVE_DECL_STRNLEN 1
| #define HAVE_DECL_LE32TOH 0
| #define HAVE_DECL_LE64TOH 0
| #define HAVE_DECL_HTOLE32 0
| #define HAVE_DECL_HTOLE64 0
| #define HAVE_DECL_BE32TOH 0
| #define HAVE_DECL_BE64TOH 0
| #define HAVE_DECL_HTOBE32 0
| #define HAVE_DECL_HTOBE64 0
| #define HAVE_VISIBILITY_ATTRIBUTE 1
| /* end confdefs.h.  */
| 
|       #include <libdb4.8/db_cxx.h>
| 
| int
| main ()
| {
| 
|       #if !((DB_VERSION_MAJOR == 4 && DB_VERSION_MINOR >= 8) || DB_VERSION_MAJOR > 4)
|         #error "failed to find bdb 4.8+"
|       #endif
| 
|   ;
|   return 0;
| }
configure:22642: /root/proxynode/depends/x86_64-apple-darwin11/native/bin/clang++ -target x86_64-apple-darwin11 -mmacosx-version-min=10.8 --sysroot /root/proxynode/depends/SDKs/MacOSX10.11.sdk -mlinker-version=253.9 -stdlib=libc++ -std=c++11 -c -pipe -O2   -Wstack-protector -fstack-protector-all -fPIC -I/root/proxynode/depends/x86_64-apple-darwin11/share/../include/  -DBOOST_SPIRIT_THREADSAFE -DHAVE_BUILD_INFO -D__STDC_FORMAT_MACROS -DMAC_OSX  -U_FORTIFY_SOURCE -D_FORTIFY_SOURCE=2 conftest.cpp >&5
conftest.cpp:46:16: fatal error: 'db4.8/db_cxx.h' file not found
      #include <db4.8/db_cxx.h>
               ^
1 error generated.
configure:22642: $? = 1
configure: failed program was:
| /* confdefs.h */
| #define PACKAGE_NAME "Prx Core"
| #define PACKAGE_TARNAME "prx"
| #define PACKAGE_VERSION "1.0.0"
| #define PACKAGE_STRING "Prx Core 1.0.0"
| #define PACKAGE_BUGREPORT "www.prx.org"
| #define PACKAGE_URL ""
| #define HAVE_CXX11 1
| #define STDC_HEADERS 1
| #define HAVE_SYS_TYPES_H 1
| #define HAVE_SYS_STAT_H 1
| #define HAVE_STDLIB_H 1
| #define HAVE_STRING_H 1
| #define HAVE_MEMORY_H 1
| #define HAVE_STRINGS_H 1
| #define HAVE_INTTYPES_H 1
| #define HAVE_STDINT_H 1
| #define HAVE_UNISTD_H 1
| #define HAVE_DLFCN_H 1
| #define LT_OBJDIR ".libs/"
| #define HAVE_PTHREAD_PRIO_INHERIT 1
| #define HAVE_PTHREAD 1
| #define HAVE_DECL_STRERROR_R 1
| #define HAVE_STRERROR_R 1
| #define HAVE_FUNC_ATTRIBUTE_VISIBILITY 1
| #define HAVE_STDIO_H 1
| #define HAVE_STDLIB_H 1
| #define HAVE_UNISTD_H 1
| #define HAVE_STRINGS_H 1
| #define HAVE_SYS_TYPES_H 1
| #define HAVE_SYS_STAT_H 1
| #define HAVE_SYS_SELECT_H 1
| #define HAVE_INET_PTON 1
| #define HAVE_DECL_STRNLEN 1
| #define HAVE_DECL_LE32TOH 0
| #define HAVE_DECL_LE64TOH 0
| #define HAVE_DECL_HTOLE32 0
| #define HAVE_DECL_HTOLE64 0
| #define HAVE_DECL_BE32TOH 0
| #define HAVE_DECL_BE64TOH 0
| #define HAVE_DECL_HTOBE32 0
| #define HAVE_DECL_HTOBE64 0
| #define HAVE_VISIBILITY_ATTRIBUTE 1
| /* end confdefs.h.  */
| 
|       #include <db4.8/db_cxx.h>
| 
| int
| main ()
| {
| 
|       #if !((DB_VERSION_MAJOR == 4 && DB_VERSION_MINOR >= 8) || DB_VERSION_MAJOR > 4)
|         #error "failed to find bdb 4.8+"
|       #endif
| 
|   ;
|   return 0;
| }
configure:22642: /root/proxynode/depends/x86_64-apple-darwin11/native/bin/clang++ -target x86_64-apple-darwin11 -mmacosx-version-min=10.8 --sysroot /root/proxynode/depends/SDKs/MacOSX10.11.sdk -mlinker-version=253.9 -stdlib=libc++ -std=c++11 -c -pipe -O2   -Wstack-protector -fstack-protector-all -fPIC -I/root/proxynode/depends/x86_64-apple-darwin11/share/../include/  -DBOOST_SPIRIT_THREADSAFE -DHAVE_BUILD_INFO -D__STDC_FORMAT_MACROS -DMAC_OSX  -U_FORTIFY_SOURCE -D_FORTIFY_SOURCE=2 conftest.cpp >&5
conftest.cpp:46:16: fatal error: 'bdb48/db_cxx.h' file not found
      #include <bdb48/db_cxx.h>
               ^
1 error generated.
configure:22642: $? = 1
configure: failed program was:
| /* confdefs.h */
| #define PACKAGE_NAME "Prx Core"
| #define PACKAGE_TARNAME "prx"
| #define PACKAGE_VERSION "1.0.0"
| #define PACKAGE_STRING "Prx Core 1.0.0"
| #define PACKAGE_BUGREPORT "www.prx.org"
| #define PACKAGE_URL ""
| #define HAVE_CXX11 1
| #define STDC_HEADERS 1
| #define HAVE_SYS_TYPES_H 1
| #define HAVE_SYS_STAT_H 1
| #define HAVE_STDLIB_H 1
| #define HAVE_STRING_H 1
| #define HAVE_MEMORY_H 1
| #define HAVE_STRINGS_H 1
| #define HAVE_INTTYPES_H 1
| #define HAVE_STDINT_H 1
| #define HAVE_UNISTD_H 1
| #define HAVE_DLFCN_H 1
| #define LT_OBJDIR ".libs/"
| #define HAVE_PTHREAD_PRIO_INHERIT 1
| #define HAVE_PTHREAD 1
| #define HAVE_DECL_STRERROR_R 1
| #define HAVE_STRERROR_R 1
| #define HAVE_FUNC_ATTRIBUTE_VISIBILITY 1
| #define HAVE_STDIO_H 1
| #define HAVE_STDLIB_H 1
| #define HAVE_UNISTD_H 1
| #define HAVE_STRINGS_H 1
| #define HAVE_SYS_TYPES_H 1
| #define HAVE_SYS_STAT_H 1
| #define HAVE_SYS_SELECT_H 1
| #define HAVE_INET_PTON 1
| #define HAVE_DECL_STRNLEN 1
| #define HAVE_DECL_LE32TOH 0
| #define HAVE_DECL_LE64TOH 0
| #define HAVE_DECL_HTOLE32 0
| #define HAVE_DECL_HTOLE64 0
| #define HAVE_DECL_BE32TOH 0
| #define HAVE_DECL_BE64TOH 0
| #define HAVE_DECL_HTOBE32 0
| #define HAVE_DECL_HTOBE64 0
| #define HAVE_VISIBILITY_ATTRIBUTE 1
| /* end confdefs.h.  */
| 
|       #include <bdb48/db_cxx.h>
| 
| int
| main ()
| {
| 
|       #if !((DB_VERSION_MAJOR == 4 && DB_VERSION_MINOR >= 8) || DB_VERSION_MAJOR > 4)
|         #error "failed to find bdb 4.8+"
|       #endif
| 
|   ;
|   return 0;
| }
configure:22642: /root/proxynode/depends/x86_64-apple-darwin11/native/bin/clang++ -target x86_64-apple-darwin11 -mmacosx-version-min=10.8 --sysroot /root/proxynode/depends/SDKs/MacOSX10.11.sdk -mlinker-version=253.9 -stdlib=libc++ -std=c++11 -c -pipe -O2   -Wstack-protector -fstack-protector-all -fPIC -I/root/proxynode/depends/x86_64-apple-darwin11/share/../include/  -DBOOST_SPIRIT_THREADSAFE -DHAVE_BUILD_INFO -D__STDC_FORMAT_MACROS -DMAC_OSX  -U_FORTIFY_SOURCE -D_FORTIFY_SOURCE=2 conftest.cpp >&5
conftest.cpp:46:16: fatal error: 'libdb48/db_cxx.h' file not found
      #include <libdb48/db_cxx.h>
               ^
1 error generated.
configure:22642: $? = 1
configure: failed program was:
| /* confdefs.h */
| #define PACKAGE_NAME "Prx Core"
| #define PACKAGE_TARNAME "prx"
| #define PACKAGE_VERSION "1.0.0"
| #define PACKAGE_STRING "Prx Core 1.0.0"
| #define PACKAGE_BUGREPORT "www.prx.org"
| #define PACKAGE_URL ""
| #define HAVE_CXX11 1
| #define STDC_HEADERS 1
| #define HAVE_SYS_TYPES_H 1
| #define HAVE_SYS_STAT_H 1
| #define HAVE_STDLIB_H 1
| #define HAVE_STRING_H 1
| #define HAVE_MEMORY_H 1
| #define HAVE_STRINGS_H 1
| #define HAVE_INTTYPES_H 1
| #define HAVE_STDINT_H 1
| #define HAVE_UNISTD_H 1
| #define HAVE_DLFCN_H 1
| #define LT_OBJDIR ".libs/"
| #define HAVE_PTHREAD_PRIO_INHERIT 1
| #define HAVE_PTHREAD 1
| #define HAVE_DECL_STRERROR_R 1
| #define HAVE_STRERROR_R 1
| #define HAVE_FUNC_ATTRIBUTE_VISIBILITY 1
| #define HAVE_STDIO_H 1
| #define HAVE_STDLIB_H 1
| #define HAVE_UNISTD_H 1
| #define HAVE_STRINGS_H 1
| #define HAVE_SYS_TYPES_H 1
| #define HAVE_SYS_STAT_H 1
| #define HAVE_SYS_SELECT_H 1
| #define HAVE_INET_PTON 1
| #define HAVE_DECL_STRNLEN 1
| #define HAVE_DECL_LE32TOH 0
| #define HAVE_DECL_LE64TOH 0
| #define HAVE_DECL_HTOLE32 0
| #define HAVE_DECL_HTOLE64 0
| #define HAVE_DECL_BE32TOH 0
| #define HAVE_DECL_BE64TOH 0
| #define HAVE_DECL_HTOBE32 0
| #define HAVE_DECL_HTOBE64 0
| #define HAVE_VISIBILITY_ATTRIBUTE 1
| /* end confdefs.h.  */
| 
|       #include <libdb48/db_cxx.h>
| 
| int
| main ()
| {
| 
|       #if !((DB_VERSION_MAJOR == 4 && DB_VERSION_MINOR >= 8) || DB_VERSION_MAJOR > 4)
|         #error "failed to find bdb 4.8+"
|       #endif
| 
|   ;
|   return 0;
| }
configure:22642: /root/proxynode/depends/x86_64-apple-darwin11/native/bin/clang++ -target x86_64-apple-darwin11 -mmacosx-version-min=10.8 --sysroot /root/proxynode/depends/SDKs/MacOSX10.11.sdk -mlinker-version=253.9 -stdlib=libc++ -std=c++11 -c -pipe -O2   -Wstack-protector -fstack-protector-all -fPIC -I/root/proxynode/depends/x86_64-apple-darwin11/share/../include/  -DBOOST_SPIRIT_THREADSAFE -DHAVE_BUILD_INFO -D__STDC_FORMAT_MACROS -DMAC_OSX  -U_FORTIFY_SOURCE -D_FORTIFY_SOURCE=2 conftest.cpp >&5
conftest.cpp:46:16: fatal error: 'db48/db_cxx.h' file not found
      #include <db48/db_cxx.h>
               ^
1 error generated.
configure:22642: $? = 1
configure: failed program was:
| /* confdefs.h */
| #define PACKAGE_NAME "Prx Core"
| #define PACKAGE_TARNAME "prx"
| #define PACKAGE_VERSION "1.0.0"
| #define PACKAGE_STRING "Prx Core 1.0.0"
| #define PACKAGE_BUGREPORT "www.prx.org"
| #define PACKAGE_URL ""
| #define HAVE_CXX11 1
| #define STDC_HEADERS 1
| #define HAVE_SYS_TYPES_H 1
| #define HAVE_SYS_STAT_H 1
| #define HAVE_STDLIB_H 1
| #define HAVE_STRING_H 1
| #define HAVE_MEMORY_H 1
| #define HAVE_STRINGS_H 1
| #define HAVE_INTTYPES_H 1
| #define HAVE_STDINT_H 1
| #define HAVE_UNISTD_H 1
| #define HAVE_DLFCN_H 1
| #define LT_OBJDIR ".libs/"
| #define HAVE_PTHREAD_PRIO_INHERIT 1
| #define HAVE_PTHREAD 1
| #define HAVE_DECL_STRERROR_R 1
| #define HAVE_STRERROR_R 1
| #define HAVE_FUNC_ATTRIBUTE_VISIBILITY 1
| #define HAVE_STDIO_H 1
| #define HAVE_STDLIB_H 1
| #define HAVE_UNISTD_H 1
| #define HAVE_STRINGS_H 1
| #define HAVE_SYS_TYPES_H 1
| #define HAVE_SYS_STAT_H 1
| #define HAVE_SYS_SELECT_H 1
| #define HAVE_INET_PTON 1
| #define HAVE_DECL_STRNLEN 1
| #define HAVE_DECL_LE32TOH 0
| #define HAVE_DECL_LE64TOH 0
| #define HAVE_DECL_HTOLE32 0
| #define HAVE_DECL_HTOLE64 0
| #define HAVE_DECL_BE32TOH 0
| #define HAVE_DECL_BE64TOH 0
| #define HAVE_DECL_HTOBE32 0
| #define HAVE_DECL_HTOBE64 0
| #define HAVE_VISIBILITY_ATTRIBUTE 1
| /* end confdefs.h.  */
| 
|       #include <db48/db_cxx.h>
| 
| int
| main ()
| {
| 
|       #if !((DB_VERSION_MAJOR == 4 && DB_VERSION_MINOR >= 8) || DB_VERSION_MAJOR > 4)
|         #error "failed to find bdb 4.8+"
|       #endif
| 
|   ;
|   return 0;
| }
configure:22642: /root/proxynode/depends/x86_64-apple-darwin11/native/bin/clang++ -target x86_64-apple-darwin11 -mmacosx-version-min=10.8 --sysroot /root/proxynode/depends/SDKs/MacOSX10.11.sdk -mlinker-version=253.9 -stdlib=libc++ -std=c++11 -c -pipe -O2   -Wstack-protector -fstack-protector-all -fPIC -I/root/proxynode/depends/x86_64-apple-darwin11/share/../include/  -DBOOST_SPIRIT_THREADSAFE -DHAVE_BUILD_INFO -D__STDC_FORMAT_MACROS -DMAC_OSX  -U_FORTIFY_SOURCE -D_FORTIFY_SOURCE=2 conftest.cpp >&5
conftest.cpp:46:16: fatal error: 'bdb4/db_cxx.h' file not found
      #include <bdb4/db_cxx.h>
               ^
1 error generated.
configure:22642: $? = 1
configure: failed program was:
| /* confdefs.h */
| #define PACKAGE_NAME "Prx Core"
| #define PACKAGE_TARNAME "prx"
| #define PACKAGE_VERSION "1.0.0"
| #define PACKAGE_STRING "Prx Core 1.0.0"
| #define PACKAGE_BUGREPORT "www.prx.org"
| #define PACKAGE_URL ""
| #define HAVE_CXX11 1
| #define STDC_HEADERS 1
| #define HAVE_SYS_TYPES_H 1
| #define HAVE_SYS_STAT_H 1
| #define HAVE_STDLIB_H 1
| #define HAVE_STRING_H 1
| #define HAVE_MEMORY_H 1
| #define HAVE_STRINGS_H 1
| #define HAVE_INTTYPES_H 1
| #define HAVE_STDINT_H 1
| #define HAVE_UNISTD_H 1
| #define HAVE_DLFCN_H 1
| #define LT_OBJDIR ".libs/"
| #define HAVE_PTHREAD_PRIO_INHERIT 1
| #define HAVE_PTHREAD 1
| #define HAVE_DECL_STRERROR_R 1
| #define HAVE_STRERROR_R 1
| #define HAVE_FUNC_ATTRIBUTE_VISIBILITY 1
| #define HAVE_STDIO_H 1
| #define HAVE_STDLIB_H 1
| #define HAVE_UNISTD_H 1
| #define HAVE_STRINGS_H 1
| #define HAVE_SYS_TYPES_H 1
| #define HAVE_SYS_STAT_H 1
| #define HAVE_SYS_SELECT_H 1
| #define HAVE_INET_PTON 1
| #define HAVE_DECL_STRNLEN 1
| #define HAVE_DECL_LE32TOH 0
| #define HAVE_DECL_LE64TOH 0
| #define HAVE_DECL_HTOLE32 0
| #define HAVE_DECL_HTOLE64 0
| #define HAVE_DECL_BE32TOH 0
| #define HAVE_DECL_BE64TOH 0
| #define HAVE_DECL_HTOBE32 0
| #define HAVE_DECL_HTOBE64 0
| #define HAVE_VISIBILITY_ATTRIBUTE 1
| /* end confdefs.h.  */
| 
|       #include <bdb4/db_cxx.h>
| 
| int
| main ()
| {
| 
|       #if !((DB_VERSION_MAJOR == 4 && DB_VERSION_MINOR >= 8) || DB_VERSION_MAJOR > 4)
|         #error "failed to find bdb 4.8+"
|       #endif
| 
|   ;
|   return 0;
| }
configure:22642: /root/proxynode/depends/x86_64-apple-darwin11/native/bin/clang++ -target x86_64-apple-darwin11 -mmacosx-version-min=10.8 --sysroot /root/proxynode/depends/SDKs/MacOSX10.11.sdk -mlinker-version=253.9 -stdlib=libc++ -std=c++11 -c -pipe -O2   -Wstack-protector -fstack-protector-all -fPIC -I/root/proxynode/depends/x86_64-apple-darwin11/share/../include/  -DBOOST_SPIRIT_THREADSAFE -DHAVE_BUILD_INFO -D__STDC_FORMAT_MACROS -DMAC_OSX  -U_FORTIFY_SOURCE -D_FORTIFY_SOURCE=2 conftest.cpp >&5
conftest.cpp:46:16: fatal error: 'libdb4/db_cxx.h' file not found
      #include <libdb4/db_cxx.h>
               ^
1 error generated.
configure:22642: $? = 1
configure: failed program was:
| /* confdefs.h */
| #define PACKAGE_NAME "Prx Core"
| #define PACKAGE_TARNAME "prx"
| #define PACKAGE_VERSION "1.0.0"
| #define PACKAGE_STRING "Prx Core 1.0.0"
| #define PACKAGE_BUGREPORT "www.prx.org"
| #define PACKAGE_URL ""
| #define HAVE_CXX11 1
| #define STDC_HEADERS 1
| #define HAVE_SYS_TYPES_H 1
| #define HAVE_SYS_STAT_H 1
| #define HAVE_STDLIB_H 1
| #define HAVE_STRING_H 1
| #define HAVE_MEMORY_H 1
| #define HAVE_STRINGS_H 1
| #define HAVE_INTTYPES_H 1
| #define HAVE_STDINT_H 1
| #define HAVE_UNISTD_H 1
| #define HAVE_DLFCN_H 1
| #define LT_OBJDIR ".libs/"
| #define HAVE_PTHREAD_PRIO_INHERIT 1
| #define HAVE_PTHREAD 1
| #define HAVE_DECL_STRERROR_R 1
| #define HAVE_STRERROR_R 1
| #define HAVE_FUNC_ATTRIBUTE_VISIBILITY 1
| #define HAVE_STDIO_H 1
| #define HAVE_STDLIB_H 1
| #define HAVE_UNISTD_H 1
| #define HAVE_STRINGS_H 1
| #define HAVE_SYS_TYPES_H 1
| #define HAVE_SYS_STAT_H 1
| #define HAVE_SYS_SELECT_H 1
| #define HAVE_INET_PTON 1
| #define HAVE_DECL_STRNLEN 1
| #define HAVE_DECL_LE32TOH 0
| #define HAVE_DECL_LE64TOH 0
| #define HAVE_DECL_HTOLE32 0
| #define HAVE_DECL_HTOLE64 0
| #define HAVE_DECL_BE32TOH 0
| #define HAVE_DECL_BE64TOH 0
| #define HAVE_DECL_HTOBE32 0
| #define HAVE_DECL_HTOBE64 0
| #define HAVE_VISIBILITY_ATTRIBUTE 1
| /* end confdefs.h.  */
| 
|       #include <libdb4/db_cxx.h>
| 
| int
| main ()
| {
| 
|       #if !((DB_VERSION_MAJOR == 4 && DB_VERSION_MINOR >= 8) || DB_VERSION_MAJOR > 4)
|         #error "failed to find bdb 4.8+"
|       #endif
| 
|   ;
|   return 0;
| }
configure:22642: /root/proxynode/depends/x86_64-apple-darwin11/native/bin/clang++ -target x86_64-apple-darwin11 -mmacosx-version-min=10.8 --sysroot /root/proxynode/depends/SDKs/MacOSX10.11.sdk -mlinker-version=253.9 -stdlib=libc++ -std=c++11 -c -pipe -O2   -Wstack-protector -fstack-protector-all -fPIC -I/root/proxynode/depends/x86_64-apple-darwin11/share/../include/  -DBOOST_SPIRIT_THREADSAFE -DHAVE_BUILD_INFO -D__STDC_FORMAT_MACROS -DMAC_OSX  -U_FORTIFY_SOURCE -D_FORTIFY_SOURCE=2 conftest.cpp >&5
conftest.cpp:46:16: fatal error: 'db4/db_cxx.h' file not found
      #include <db4/db_cxx.h>
               ^
1 error generated.
configure:22642: $? = 1
configure: failed program was:
| /* confdefs.h */
| #define PACKAGE_NAME "Prx Core"
| #define PACKAGE_TARNAME "prx"
| #define PACKAGE_VERSION "1.0.0"
| #define PACKAGE_STRING "Prx Core 1.0.0"
| #define PACKAGE_BUGREPORT "www.prx.org"
| #define PACKAGE_URL ""
| #define HAVE_CXX11 1
| #define STDC_HEADERS 1
| #define HAVE_SYS_TYPES_H 1
| #define HAVE_SYS_STAT_H 1
| #define HAVE_STDLIB_H 1
| #define HAVE_STRING_H 1
| #define HAVE_MEMORY_H 1
| #define HAVE_STRINGS_H 1
| #define HAVE_INTTYPES_H 1
| #define HAVE_STDINT_H 1
| #define HAVE_UNISTD_H 1
| #define HAVE_DLFCN_H 1
| #define LT_OBJDIR ".libs/"
| #define HAVE_PTHREAD_PRIO_INHERIT 1
| #define HAVE_PTHREAD 1
| #define HAVE_DECL_STRERROR_R 1
| #define HAVE_STRERROR_R 1
| #define HAVE_FUNC_ATTRIBUTE_VISIBILITY 1
| #define HAVE_STDIO_H 1
| #define HAVE_STDLIB_H 1
| #define HAVE_UNISTD_H 1
| #define HAVE_STRINGS_H 1
| #define HAVE_SYS_TYPES_H 1
| #define HAVE_SYS_STAT_H 1
| #define HAVE_SYS_SELECT_H 1
| #define HAVE_INET_PTON 1
| #define HAVE_DECL_STRNLEN 1
| #define HAVE_DECL_LE32TOH 0
| #define HAVE_DECL_LE64TOH 0
| #define HAVE_DECL_HTOLE32 0
| #define HAVE_DECL_HTOLE64 0
| #define HAVE_DECL_BE32TOH 0
| #define HAVE_DECL_BE64TOH 0
| #define HAVE_DECL_HTOBE32 0
| #define HAVE_DECL_HTOBE64 0
| #define HAVE_VISIBILITY_ATTRIBUTE 1
| /* end confdefs.h.  */
| 
|       #include <db4/db_cxx.h>
| 
| int
| main ()
| {
| 
|       #if !((DB_VERSION_MAJOR == 4 && DB_VERSION_MINOR >= 8) || DB_VERSION_MAJOR > 4)
|         #error "failed to find bdb 4.8+"
|       #endif
| 
|   ;
|   return 0;
| }
configure:22642: /root/proxynode/depends/x86_64-apple-darwin11/native/bin/clang++ -target x86_64-apple-darwin11 -mmacosx-version-min=10.8 --sysroot /root/proxynode/depends/SDKs/MacOSX10.11.sdk -mlinker-version=253.9 -stdlib=libc++ -std=c++11 -c -pipe -O2   -Wstack-protector -fstack-protector-all -fPIC -I/root/proxynode/depends/x86_64-apple-darwin11/share/../include/  -DBOOST_SPIRIT_THREADSAFE -DHAVE_BUILD_INFO -D__STDC_FORMAT_MACROS -DMAC_OSX  -U_FORTIFY_SOURCE -D_FORTIFY_SOURCE=2 conftest.cpp >&5
conftest.cpp:46:16: fatal error: 'bdb5/db_cxx.h' file not found
      #include <bdb5/db_cxx.h>
               ^
1 error generated.
configure:22642: $? = 1
configure: failed program was:
| /* confdefs.h */
| #define PACKAGE_NAME "Prx Core"
| #define PACKAGE_TARNAME "prx"
| #define PACKAGE_VERSION "1.0.0"
| #define PACKAGE_STRING "Prx Core 1.0.0"
| #define PACKAGE_BUGREPORT "www.prx.org"
| #define PACKAGE_URL ""
| #define HAVE_CXX11 1
| #define STDC_HEADERS 1
| #define HAVE_SYS_TYPES_H 1
| #define HAVE_SYS_STAT_H 1
| #define HAVE_STDLIB_H 1
| #define HAVE_STRING_H 1
| #define HAVE_MEMORY_H 1
| #define HAVE_STRINGS_H 1
| #define HAVE_INTTYPES_H 1
| #define HAVE_STDINT_H 1
| #define HAVE_UNISTD_H 1
| #define HAVE_DLFCN_H 1
| #define LT_OBJDIR ".libs/"
| #define HAVE_PTHREAD_PRIO_INHERIT 1
| #define HAVE_PTHREAD 1
| #define HAVE_DECL_STRERROR_R 1
| #define HAVE_STRERROR_R 1
| #define HAVE_FUNC_ATTRIBUTE_VISIBILITY 1
| #define HAVE_STDIO_H 1
| #define HAVE_STDLIB_H 1
| #define HAVE_UNISTD_H 1
| #define HAVE_STRINGS_H 1
| #define HAVE_SYS_TYPES_H 1
| #define HAVE_SYS_STAT_H 1
| #define HAVE_SYS_SELECT_H 1
| #define HAVE_INET_PTON 1
| #define HAVE_DECL_STRNLEN 1
| #define HAVE_DECL_LE32TOH 0
| #define HAVE_DECL_LE64TOH 0
| #define HAVE_DECL_HTOLE32 0
| #define HAVE_DECL_HTOLE64 0
| #define HAVE_DECL_BE32TOH 0
| #define HAVE_DECL_BE64TOH 0
| #define HAVE_DECL_HTOBE32 0
| #define HAVE_DECL_HTOBE64 0
| #define HAVE_VISIBILITY_ATTRIBUTE 1
| /* end confdefs.h.  */
| 
|       #include <bdb5/db_cxx.h>
| 
| int
| main ()
| {
| 
|       #if !((DB_VERSION_MAJOR == 4 && DB_VERSION_MINOR >= 8) || DB_VERSION_MAJOR > 4)
|         #error "failed to find bdb 4.8+"
|       #endif
| 
|   ;
|   return 0;
| }
configure:22642: /root/proxynode/depends/x86_64-apple-darwin11/native/bin/clang++ -target x86_64-apple-darwin11 -mmacosx-version-min=10.8 --sysroot /root/proxynode/depends/SDKs/MacOSX10.11.sdk -mlinker-version=253.9 -stdlib=libc++ -std=c++11 -c -pipe -O2   -Wstack-protector -fstack-protector-all -fPIC -I/root/proxynode/depends/x86_64-apple-darwin11/share/../include/  -DBOOST_SPIRIT_THREADSAFE -DHAVE_BUILD_INFO -D__STDC_FORMAT_MACROS -DMAC_OSX  -U_FORTIFY_SOURCE -D_FORTIFY_SOURCE=2 conftest.cpp >&5
conftest.cpp:46:16: fatal error: 'libdb5/db_cxx.h' file not found
      #include <libdb5/db_cxx.h>
               ^
1 error generated.
configure:22642: $? = 1
configure: failed program was:
| /* confdefs.h */
| #define PACKAGE_NAME "Prx Core"
| #define PACKAGE_TARNAME "prx"
| #define PACKAGE_VERSION "1.0.0"
| #define PACKAGE_STRING "Prx Core 1.0.0"
| #define PACKAGE_BUGREPORT "www.prx.org"
| #define PACKAGE_URL ""
| #define HAVE_CXX11 1
| #define STDC_HEADERS 1
| #define HAVE_SYS_TYPES_H 1
| #define HAVE_SYS_STAT_H 1
| #define HAVE_STDLIB_H 1
| #define HAVE_STRING_H 1
| #define HAVE_MEMORY_H 1
| #define HAVE_STRINGS_H 1
| #define HAVE_INTTYPES_H 1
| #define HAVE_STDINT_H 1
| #define HAVE_UNISTD_H 1
| #define HAVE_DLFCN_H 1
| #define LT_OBJDIR ".libs/"
| #define HAVE_PTHREAD_PRIO_INHERIT 1
| #define HAVE_PTHREAD 1
| #define HAVE_DECL_STRERROR_R 1
| #define HAVE_STRERROR_R 1
| #define HAVE_FUNC_ATTRIBUTE_VISIBILITY 1
| #define HAVE_STDIO_H 1
| #define HAVE_STDLIB_H 1
| #define HAVE_UNISTD_H 1
| #define HAVE_STRINGS_H 1
| #define HAVE_SYS_TYPES_H 1
| #define HAVE_SYS_STAT_H 1
| #define HAVE_SYS_SELECT_H 1
| #define HAVE_INET_PTON 1
| #define HAVE_DECL_STRNLEN 1
| #define HAVE_DECL_LE32TOH 0
| #define HAVE_DECL_LE64TOH 0
| #define HAVE_DECL_HTOLE32 0
| #define HAVE_DECL_HTOLE64 0
| #define HAVE_DECL_BE32TOH 0
| #define HAVE_DECL_BE64TOH 0
| #define HAVE_DECL_HTOBE32 0
| #define HAVE_DECL_HTOBE64 0
| #define HAVE_VISIBILITY_ATTRIBUTE 1
| /* end confdefs.h.  */
| 
|       #include <libdb5/db_cxx.h>
| 
| int
| main ()
| {
| 
|       #if !((DB_VERSION_MAJOR == 4 && DB_VERSION_MINOR >= 8) || DB_VERSION_MAJOR > 4)
|         #error "failed to find bdb 4.8+"
|       #endif
| 
|   ;
|   return 0;
| }
configure:22642: /root/proxynode/depends/x86_64-apple-darwin11/native/bin/clang++ -target x86_64-apple-darwin11 -mmacosx-version-min=10.8 --sysroot /root/proxynode/depends/SDKs/MacOSX10.11.sdk -mlinker-version=253.9 -stdlib=libc++ -std=c++11 -c -pipe -O2   -Wstack-protector -fstack-protector-all -fPIC -I/root/proxynode/depends/x86_64-apple-darwin11/share/../include/  -DBOOST_SPIRIT_THREADSAFE -DHAVE_BUILD_INFO -D__STDC_FORMAT_MACROS -DMAC_OSX  -U_FORTIFY_SOURCE -D_FORTIFY_SOURCE=2 conftest.cpp >&5
conftest.cpp:46:16: fatal error: 'db5/db_cxx.h' file not found
      #include <db5/db_cxx.h>
               ^
1 error generated.
configure:22642: $? = 1
configure: failed program was:
| /* confdefs.h */
| #define PACKAGE_NAME "Prx Core"
| #define PACKAGE_TARNAME "prx"
| #define PACKAGE_VERSION "1.0.0"
| #define PACKAGE_STRING "Prx Core 1.0.0"
| #define PACKAGE_BUGREPORT "www.prx.org"
| #define PACKAGE_URL ""
| #define HAVE_CXX11 1
| #define STDC_HEADERS 1
| #define HAVE_SYS_TYPES_H 1
| #define HAVE_SYS_STAT_H 1
| #define HAVE_STDLIB_H 1
| #define HAVE_STRING_H 1
| #define HAVE_MEMORY_H 1
| #define HAVE_STRINGS_H 1
| #define HAVE_INTTYPES_H 1
| #define HAVE_STDINT_H 1
| #define HAVE_UNISTD_H 1
| #define HAVE_DLFCN_H 1
| #define LT_OBJDIR ".libs/"
| #define HAVE_PTHREAD_PRIO_INHERIT 1
| #define HAVE_PTHREAD 1
| #define HAVE_DECL_STRERROR_R 1
| #define HAVE_STRERROR_R 1
| #define HAVE_FUNC_ATTRIBUTE_VISIBILITY 1
| #define HAVE_STDIO_H 1
| #define HAVE_STDLIB_H 1
| #define HAVE_UNISTD_H 1
| #define HAVE_STRINGS_H 1
| #define HAVE_SYS_TYPES_H 1
| #define HAVE_SYS_STAT_H 1
| #define HAVE_SYS_SELECT_H 1
| #define HAVE_INET_PTON 1
| #define HAVE_DECL_STRNLEN 1
| #define HAVE_DECL_LE32TOH 0
| #define HAVE_DECL_LE64TOH 0
| #define HAVE_DECL_HTOLE32 0
| #define HAVE_DECL_HTOLE64 0
| #define HAVE_DECL_BE32TOH 0
| #define HAVE_DECL_BE64TOH 0
| #define HAVE_DECL_HTOBE32 0
| #define HAVE_DECL_HTOBE64 0
| #define HAVE_VISIBILITY_ATTRIBUTE 1
| /* end confdefs.h.  */
| 
|       #include <db5/db_cxx.h>
| 
| int
| main ()
| {
| 
|       #if !((DB_VERSION_MAJOR == 4 && DB_VERSION_MINOR >= 8) || DB_VERSION_MAJOR > 4)
|         #error "failed to find bdb 4.8+"
|       #endif
| 
|   ;
|   return 0;
| }
configure:22642: /root/proxynode/depends/x86_64-apple-darwin11/native/bin/clang++ -target x86_64-apple-darwin11 -mmacosx-version-min=10.8 --sysroot /root/proxynode/depends/SDKs/MacOSX10.11.sdk -mlinker-version=253.9 -stdlib=libc++ -std=c++11 -c -pipe -O2   -Wstack-protector -fstack-protector-all -fPIC -I/root/proxynode/depends/x86_64-apple-darwin11/share/../include/  -DBOOST_SPIRIT_THREADSAFE -DHAVE_BUILD_INFO -D__STDC_FORMAT_MACROS -DMAC_OSX  -U_FORTIFY_SOURCE -D_FORTIFY_SOURCE=2 conftest.cpp >&5
conftest.cpp:46:16: fatal error: 'bdb/db_cxx.h' file not found
      #include <bdb/db_cxx.h>
               ^
1 error generated.
configure:22642: $? = 1
configure: failed program was:
| /* confdefs.h */
| #define PACKAGE_NAME "Prx Core"
| #define PACKAGE_TARNAME "prx"
| #define PACKAGE_VERSION "1.0.0"
| #define PACKAGE_STRING "Prx Core 1.0.0"
| #define PACKAGE_BUGREPORT "www.prx.org"
| #define PACKAGE_URL ""
| #define HAVE_CXX11 1
| #define STDC_HEADERS 1
| #define HAVE_SYS_TYPES_H 1
| #define HAVE_SYS_STAT_H 1
| #define HAVE_STDLIB_H 1
| #define HAVE_STRING_H 1
| #define HAVE_MEMORY_H 1
| #define HAVE_STRINGS_H 1
| #define HAVE_INTTYPES_H 1
| #define HAVE_STDINT_H 1
| #define HAVE_UNISTD_H 1
| #define HAVE_DLFCN_H 1
| #define LT_OBJDIR ".libs/"
| #define HAVE_PTHREAD_PRIO_INHERIT 1
| #define HAVE_PTHREAD 1
| #define HAVE_DECL_STRERROR_R 1
| #define HAVE_STRERROR_R 1
| #define HAVE_FUNC_ATTRIBUTE_VISIBILITY 1
| #define HAVE_STDIO_H 1
| #define HAVE_STDLIB_H 1
| #define HAVE_UNISTD_H 1
| #define HAVE_STRINGS_H 1
| #define HAVE_SYS_TYPES_H 1
| #define HAVE_SYS_STAT_H 1
| #define HAVE_SYS_SELECT_H 1
| #define HAVE_INET_PTON 1
| #define HAVE_DECL_STRNLEN 1
| #define HAVE_DECL_LE32TOH 0
| #define HAVE_DECL_LE64TOH 0
| #define HAVE_DECL_HTOLE32 0
| #define HAVE_DECL_HTOLE64 0
| #define HAVE_DECL_BE32TOH 0
| #define HAVE_DECL_BE64TOH 0
| #define HAVE_DECL_HTOBE32 0
| #define HAVE_DECL_HTOBE64 0
| #define HAVE_VISIBILITY_ATTRIBUTE 1
| /* end confdefs.h.  */
| 
|       #include <bdb/db_cxx.h>
| 
| int
| main ()
| {
| 
|       #if !((DB_VERSION_MAJOR == 4 && DB_VERSION_MINOR >= 8) || DB_VERSION_MAJOR > 4)
|         #error "failed to find bdb 4.8+"
|       #endif
| 
|   ;
|   return 0;
| }
configure:22642: /root/proxynode/depends/x86_64-apple-darwin11/native/bin/clang++ -target x86_64-apple-darwin11 -mmacosx-version-min=10.8 --sysroot /root/proxynode/depends/SDKs/MacOSX10.11.sdk -mlinker-version=253.9 -stdlib=libc++ -std=c++11 -c -pipe -O2   -Wstack-protector -fstack-protector-all -fPIC -I/root/proxynode/depends/x86_64-apple-darwin11/share/../include/  -DBOOST_SPIRIT_THREADSAFE -DHAVE_BUILD_INFO -D__STDC_FORMAT_MACROS -DMAC_OSX  -U_FORTIFY_SOURCE -D_FORTIFY_SOURCE=2 conftest.cpp >&5
conftest.cpp:46:16: fatal error: 'libdb/db_cxx.h' file not found
      #include <libdb/db_cxx.h>
               ^
1 error generated.
configure:22642: $? = 1
configure: failed program was:
| /* confdefs.h */
| #define PACKAGE_NAME "Prx Core"
| #define PACKAGE_TARNAME "prx"
| #define PACKAGE_VERSION "1.0.0"
| #define PACKAGE_STRING "Prx Core 1.0.0"
| #define PACKAGE_BUGREPORT "www.prx.org"
| #define PACKAGE_URL ""
| #define HAVE_CXX11 1
| #define STDC_HEADERS 1
| #define HAVE_SYS_TYPES_H 1
| #define HAVE_SYS_STAT_H 1
| #define HAVE_STDLIB_H 1
| #define HAVE_STRING_H 1
| #define HAVE_MEMORY_H 1
| #define HAVE_STRINGS_H 1
| #define HAVE_INTTYPES_H 1
| #define HAVE_STDINT_H 1
| #define HAVE_UNISTD_H 1
| #define HAVE_DLFCN_H 1
| #define LT_OBJDIR ".libs/"
| #define HAVE_PTHREAD_PRIO_INHERIT 1
| #define HAVE_PTHREAD 1
| #define HAVE_DECL_STRERROR_R 1
| #define HAVE_STRERROR_R 1
| #define HAVE_FUNC_ATTRIBUTE_VISIBILITY 1
| #define HAVE_STDIO_H 1
| #define HAVE_STDLIB_H 1
| #define HAVE_UNISTD_H 1
| #define HAVE_STRINGS_H 1
| #define HAVE_SYS_TYPES_H 1
| #define HAVE_SYS_STAT_H 1
| #define HAVE_SYS_SELECT_H 1
| #define HAVE_INET_PTON 1
| #define HAVE_DECL_STRNLEN 1
| #define HAVE_DECL_LE32TOH 0
| #define HAVE_DECL_LE64TOH 0
| #define HAVE_DECL_HTOLE32 0
| #define HAVE_DECL_HTOLE64 0
| #define HAVE_DECL_BE32TOH 0
| #define HAVE_DECL_BE64TOH 0
| #define HAVE_DECL_HTOBE32 0
| #define HAVE_DECL_HTOBE64 0
| #define HAVE_VISIBILITY_ATTRIBUTE 1
| /* end confdefs.h.  */
| 
|       #include <libdb/db_cxx.h>
| 
| int
| main ()
| {
| 
|       #if !((DB_VERSION_MAJOR == 4 && DB_VERSION_MINOR >= 8) || DB_VERSION_MAJOR > 4)
|         #error "failed to find bdb 4.8+"
|       #endif
| 
|   ;
|   return 0;
| }
configure:22642: /root/proxynode/depends/x86_64-apple-darwin11/native/bin/clang++ -target x86_64-apple-darwin11 -mmacosx-version-min=10.8 --sysroot /root/proxynode/depends/SDKs/MacOSX10.11.sdk -mlinker-version=253.9 -stdlib=libc++ -std=c++11 -c -pipe -O2   -Wstack-protector -fstack-protector-all -fPIC -I/root/proxynode/depends/x86_64-apple-darwin11/share/../include/  -DBOOST_SPIRIT_THREADSAFE -DHAVE_BUILD_INFO -D__STDC_FORMAT_MACROS -DMAC_OSX  -U_FORTIFY_SOURCE -D_FORTIFY_SOURCE=2 conftest.cpp >&5
conftest.cpp:46:16: fatal error: 'db/db_cxx.h' file not found
      #include <db/db_cxx.h>
               ^
1 error generated.
configure:22642: $? = 1
configure: failed program was:
| /* confdefs.h */
| #define PACKAGE_NAME "Prx Core"
| #define PACKAGE_TARNAME "prx"
| #define PACKAGE_VERSION "1.0.0"
| #define PACKAGE_STRING "Prx Core 1.0.0"
| #define PACKAGE_BUGREPORT "www.prx.org"
| #define PACKAGE_URL ""
| #define HAVE_CXX11 1
| #define STDC_HEADERS 1
| #define HAVE_SYS_TYPES_H 1
| #define HAVE_SYS_STAT_H 1
| #define HAVE_STDLIB_H 1
| #define HAVE_STRING_H 1
| #define HAVE_MEMORY_H 1
| #define HAVE_STRINGS_H 1
| #define HAVE_INTTYPES_H 1
| #define HAVE_STDINT_H 1
| #define HAVE_UNISTD_H 1
| #define HAVE_DLFCN_H 1
| #define LT_OBJDIR ".libs/"
| #define HAVE_PTHREAD_PRIO_INHERIT 1
| #define HAVE_PTHREAD 1
| #define HAVE_DECL_STRERROR_R 1
| #define HAVE_STRERROR_R 1
| #define HAVE_FUNC_ATTRIBUTE_VISIBILITY 1
| #define HAVE_STDIO_H 1
| #define HAVE_STDLIB_H 1
| #define HAVE_UNISTD_H 1
| #define HAVE_STRINGS_H 1
| #define HAVE_SYS_TYPES_H 1
| #define HAVE_SYS_STAT_H 1
| #define HAVE_SYS_SELECT_H 1
| #define HAVE_INET_PTON 1
| #define HAVE_DECL_STRNLEN 1
| #define HAVE_DECL_LE32TOH 0
| #define HAVE_DECL_LE64TOH 0
| #define HAVE_DECL_HTOLE32 0
| #define HAVE_DECL_HTOLE64 0
| #define HAVE_DECL_BE32TOH 0
| #define HAVE_DECL_BE64TOH 0
| #define HAVE_DECL_HTOBE32 0
| #define HAVE_DECL_HTOBE64 0
| #define HAVE_VISIBILITY_ATTRIBUTE 1
| /* end confdefs.h.  */
| 
|       #include <db/db_cxx.h>
| 
| int
| main ()
| {
| 
|       #if !((DB_VERSION_MAJOR == 4 && DB_VERSION_MINOR >= 8) || DB_VERSION_MAJOR > 4)
|         #error "failed to find bdb 4.8+"
|       #endif
| 
|   ;
|   return 0;
| }
configure:22642: /root/proxynode/depends/x86_64-apple-darwin11/native/bin/clang++ -target x86_64-apple-darwin11 -mmacosx-version-min=10.8 --sysroot /root/proxynode/depends/SDKs/MacOSX10.11.sdk -mlinker-version=253.9 -stdlib=libc++ -std=c++11 -c -pipe -O2   -Wstack-protector -fstack-protector-all -fPIC -I/root/proxynode/depends/x86_64-apple-darwin11/share/../include/  -DBOOST_SPIRIT_THREADSAFE -DHAVE_BUILD_INFO -D__STDC_FORMAT_MACROS -DMAC_OSX  -U_FORTIFY_SOURCE -D_FORTIFY_SOURCE=2 conftest.cpp >&5
configure:22642: $? = 0
configure:22671: /root/proxynode/depends/x86_64-apple-darwin11/native/bin/clang++ -target x86_64-apple-darwin11 -mmacosx-version-min=10.8 --sysroot /root/proxynode/depends/SDKs/MacOSX10.11.sdk -mlinker-version=253.9 -stdlib=libc++ -std=c++11 -c -pipe -O2   -Wstack-protector -fstack-protector-all -fPIC -I/root/proxynode/depends/x86_64-apple-darwin11/share/../include/  -DBOOST_SPIRIT_THREADSAFE -DHAVE_BUILD_INFO -D__STDC_FORMAT_MACROS -DMAC_OSX  -U_FORTIFY_SOURCE -D_FORTIFY_SOURCE=2 conftest.cpp >&5
configure:22671: $? = 0
configure:22714: result: default
configure:22733: checking for main in -ldb_cxx-4.8
configure:22752: /root/proxynode/depends/x86_64-apple-darwin11/native/bin/clang++ -target x86_64-apple-darwin11 -mmacosx-version-min=10.8 --sysroot /root/proxynode/depends/SDKs/MacOSX10.11.sdk -mlinker-version=253.9 -stdlib=libc++ -std=c++11 -o conftest -pipe -O2   -Wstack-protector -fstack-protector-all -fPIC -I/root/proxynode/depends/x86_64-apple-darwin11/share/../include/  -DBOOST_SPIRIT_THREADSAFE -DHAVE_BUILD_INFO -D__STDC_FORMAT_MACROS -DMAC_OSX  -U_FORTIFY_SOURCE -D_FORTIFY_SOURCE=2 -L/root/proxynode/depends/x86_64-apple-darwin11/share/../lib  -Wl,-headerpad_max_install_names  -Wl,-dead_strip conftest.cpp -ldb_cxx-4.8   >&5
configure:22752: $? = 0
configure:22762: result: yes
configure:22783: checking miniupnpc/miniwget.h usability
configure:22783: /root/proxynode/depends/x86_64-apple-darwin11/native/bin/clang++ -target x86_64-apple-darwin11 -mmacosx-version-min=10.8 --sysroot /root/proxynode/depends/SDKs/MacOSX10.11.sdk -mlinker-version=253.9 -stdlib=libc++ -std=c++11 -c -pipe -O2   -Wstack-protector -fstack-protector-all -fPIC -I/root/proxynode/depends/x86_64-apple-darwin11/share/../include/  -DBOOST_SPIRIT_THREADSAFE -DHAVE_BUILD_INFO -D__STDC_FORMAT_MACROS -DMAC_OSX  -U_FORTIFY_SOURCE -D_FORTIFY_SOURCE=2 conftest.cpp >&5
configure:22783: $? = 0
configure:22783: result: yes
configure:22783: checking miniupnpc/miniwget.h presence
configure:22783: /root/proxynode/depends/x86_64-apple-darwin11/native/bin/clang++ -target x86_64-apple-darwin11 -mmacosx-version-min=10.8 --sysroot /root/proxynode/depends/SDKs/MacOSX10.11.sdk -mlinker-version=253.9 -stdlib=libc++ -std=c++11 -E -I/root/proxynode/depends/x86_64-apple-darwin11/share/../include/  -DBOOST_SPIRIT_THREADSAFE -DHAVE_BUILD_INFO -D__STDC_FORMAT_MACROS -DMAC_OSX  -U_FORTIFY_SOURCE -D_FORTIFY_SOURCE=2 conftest.cpp
configure:22783: $? = 0
configure:22783: result: yes
configure:22783: checking for miniupnpc/miniwget.h
configure:22783: result: yes
configure:22788: checking for main in -lminiupnpc
configure:22807: /root/proxynode/depends/x86_64-apple-darwin11/native/bin/clang++ -target x86_64-apple-darwin11 -mmacosx-version-min=10.8 --sysroot /root/proxynode/depends/SDKs/MacOSX10.11.sdk -mlinker-version=253.9 -stdlib=libc++ -std=c++11 -o conftest -pipe -O2   -Wstack-protector -fstack-protector-all -fPIC -I/root/proxynode/depends/x86_64-apple-darwin11/share/../include/  -DBOOST_SPIRIT_THREADSAFE -DHAVE_BUILD_INFO -D__STDC_FORMAT_MACROS -DMAC_OSX  -U_FORTIFY_SOURCE -D_FORTIFY_SOURCE=2 -L/root/proxynode/depends/x86_64-apple-darwin11/share/../lib  -Wl,-headerpad_max_install_names  -Wl,-dead_strip conftest.cpp -lminiupnpc   >&5
configure:22807: $? = 0
configure:22816: result: yes
configure:22783: checking miniupnpc/miniupnpc.h usability
configure:22783: /root/proxynode/depends/x86_64-apple-darwin11/native/bin/clang++ -target x86_64-apple-darwin11 -mmacosx-version-min=10.8 --sysroot /root/proxynode/depends/SDKs/MacOSX10.11.sdk -mlinker-version=253.9 -stdlib=libc++ -std=c++11 -c -pipe -O2   -Wstack-protector -fstack-protector-all -fPIC -I/root/proxynode/depends/x86_64-apple-darwin11/share/../include/  -DBOOST_SPIRIT_THREADSAFE -DHAVE_BUILD_INFO -D__STDC_FORMAT_MACROS -DMAC_OSX  -U_FORTIFY_SOURCE -D_FORTIFY_SOURCE=2 conftest.cpp >&5
configure:22783: $? = 0
configure:22783: result: yes
configure:22783: checking miniupnpc/miniupnpc.h presence
configure:22783: /root/proxynode/depends/x86_64-apple-darwin11/native/bin/clang++ -target x86_64-apple-darwin11 -mmacosx-version-min=10.8 --sysroot /root/proxynode/depends/SDKs/MacOSX10.11.sdk -mlinker-version=253.9 -stdlib=libc++ -std=c++11 -E -I/root/proxynode/depends/x86_64-apple-darwin11/share/../include/  -DBOOST_SPIRIT_THREADSAFE -DHAVE_BUILD_INFO -D__STDC_FORMAT_MACROS -DMAC_OSX  -U_FORTIFY_SOURCE -D_FORTIFY_SOURCE=2 conftest.cpp
configure:22783: $? = 0
configure:22783: result: yes
configure:22783: checking for miniupnpc/miniupnpc.h
configure:22783: result: yes
configure:22788: checking for main in -lminiupnpc
configure:22816: result: yes
configure:22783: checking miniupnpc/upnpcommands.h usability
configure:22783: /root/proxynode/depends/x86_64-apple-darwin11/native/bin/clang++ -target x86_64-apple-darwin11 -mmacosx-version-min=10.8 --sysroot /root/proxynode/depends/SDKs/MacOSX10.11.sdk -mlinker-version=253.9 -stdlib=libc++ -std=c++11 -c -pipe -O2   -Wstack-protector -fstack-protector-all -fPIC -I/root/proxynode/depends/x86_64-apple-darwin11/share/../include/  -DBOOST_SPIRIT_THREADSAFE -DHAVE_BUILD_INFO -D__STDC_FORMAT_MACROS -DMAC_OSX  -U_FORTIFY_SOURCE -D_FORTIFY_SOURCE=2 conftest.cpp >&5
configure:22783: $? = 0
configure:22783: result: yes
configure:22783: checking miniupnpc/upnpcommands.h presence
configure:22783: /root/proxynode/depends/x86_64-apple-darwin11/native/bin/clang++ -target x86_64-apple-darwin11 -mmacosx-version-min=10.8 --sysroot /root/proxynode/depends/SDKs/MacOSX10.11.sdk -mlinker-version=253.9 -stdlib=libc++ -std=c++11 -E -I/root/proxynode/depends/x86_64-apple-darwin11/share/../include/  -DBOOST_SPIRIT_THREADSAFE -DHAVE_BUILD_INFO -D__STDC_FORMAT_MACROS -DMAC_OSX  -U_FORTIFY_SOURCE -D_FORTIFY_SOURCE=2 conftest.cpp
configure:22783: $? = 0
configure:22783: result: yes
configure:22783: checking for miniupnpc/upnpcommands.h
configure:22783: result: yes
configure:22788: checking for main in -lminiupnpc
configure:22816: result: yes
configure:22783: checking miniupnpc/upnperrors.h usability
configure:22783: /root/proxynode/depends/x86_64-apple-darwin11/native/bin/clang++ -target x86_64-apple-darwin11 -mmacosx-version-min=10.8 --sysroot /root/proxynode/depends/SDKs/MacOSX10.11.sdk -mlinker-version=253.9 -stdlib=libc++ -std=c++11 -c -pipe -O2   -Wstack-protector -fstack-protector-all -fPIC -I/root/proxynode/depends/x86_64-apple-darwin11/share/../include/  -DBOOST_SPIRIT_THREADSAFE -DHAVE_BUILD_INFO -D__STDC_FORMAT_MACROS -DMAC_OSX  -U_FORTIFY_SOURCE -D_FORTIFY_SOURCE=2 conftest.cpp >&5
configure:22783: $? = 0
configure:22783: result: yes
configure:22783: checking miniupnpc/upnperrors.h presence
configure:22783: /root/proxynode/depends/x86_64-apple-darwin11/native/bin/clang++ -target x86_64-apple-darwin11 -mmacosx-version-min=10.8 --sysroot /root/proxynode/depends/SDKs/MacOSX10.11.sdk -mlinker-version=253.9 -stdlib=libc++ -std=c++11 -E -I/root/proxynode/depends/x86_64-apple-darwin11/share/../include/  -DBOOST_SPIRIT_THREADSAFE -DHAVE_BUILD_INFO -D__STDC_FORMAT_MACROS -DMAC_OSX  -U_FORTIFY_SOURCE -D_FORTIFY_SOURCE=2 conftest.cpp
configure:22783: $? = 0
configure:22783: result: yes
configure:22783: checking for miniupnpc/upnperrors.h
configure:22783: result: yes
configure:22788: checking for main in -lminiupnpc
configure:22816: result: yes
configure:22926: checking for QT
configure:22933: $PKG_CONFIG --exists --print-errors "$qt5_modules"
configure:22936: $? = 0
configure:22950: $PKG_CONFIG --exists --print-errors "$qt5_modules"
configure:22953: $? = 0
configure:22991: result: yes
configure:23243: checking for QT_TEST
configure:23250: $PKG_CONFIG --exists --print-errors "${QT_LIB_PREFIX}Test"
configure:23253: $? = 0
configure:23267: $PKG_CONFIG --exists --print-errors "${QT_LIB_PREFIX}Test"
configure:23270: $? = 0
configure:23308: result: yes
configure:23315: checking for QT_DBUS
configure:23322: $PKG_CONFIG --exists --print-errors "${QT_LIB_PREFIX}DBus"
configure:23325: $? = 0
configure:23339: $PKG_CONFIG --exists --print-errors "${QT_LIB_PREFIX}DBus"
configure:23342: $? = 0
configure:23380: result: yes
configure:24347: checking for static Qt
configure:24370: /root/proxynode/depends/x86_64-apple-darwin11/native/bin/clang++ -target x86_64-apple-darwin11 -mmacosx-version-min=10.8 --sysroot /root/proxynode/depends/SDKs/MacOSX10.11.sdk -mlinker-version=253.9 -stdlib=libc++ -std=c++11 -c  -pipe -O2   -Wstack-protector -fstack-protector-all -fPIC -I/root/proxynode/depends/x86_64-apple-darwin11/include/QtNetwork -I/root/proxynode/depends/x86_64-apple-darwin11/include/QtWidgets -I/root/proxynode/depends/x86_64-apple-darwin11/include/QtGui -I/root/proxynode/depends/x86_64-apple-darwin11/include/QtCore -I/root/proxynode/depends/x86_64-apple-darwin11/share/../include/  -DBOOST_SPIRIT_THREADSAFE -DHAVE_BUILD_INFO -D__STDC_FORMAT_MACROS -DMAC_OSX  -U_FORTIFY_SOURCE -D_FORTIFY_SOURCE=2 conftest.cpp >&5
configure:24370: $? = 0
configure:24378: result: yes
configure:24399: checking for QTPLATFORM
configure:24406: $PKG_CONFIG --exists --print-errors "Qt5PlatformSupport"
configure:24409: $? = 0
configure:24423: $PKG_CONFIG --exists --print-errors "Qt5PlatformSupport"
configure:24426: $? = 0
configure:24484: result: yes
configure:24676: checking for QTPRINT
configure:24683: $PKG_CONFIG --exists --print-errors "Qt5PrintSupport"
configure:24686: $? = 0
configure:24700: $PKG_CONFIG --exists --print-errors "Qt5PrintSupport"
configure:24703: $? = 0
configure:24761: result: yes
configure:24780: checking for Qt < 5.4
configure:24800: /root/proxynode/depends/x86_64-apple-darwin11/native/bin/clang++ -target x86_64-apple-darwin11 -mmacosx-version-min=10.8 --sysroot /root/proxynode/depends/SDKs/MacOSX10.11.sdk -mlinker-version=253.9 -stdlib=libc++ -std=c++11 -c  -pipe -O2   -Wstack-protector -fstack-protector-all -fPIC -I/root/proxynode/depends/x86_64-apple-darwin11/include/QtNetwork -I/root/proxynode/depends/x86_64-apple-darwin11/include/QtWidgets -I/root/proxynode/depends/x86_64-apple-darwin11/include/QtGui -I/root/proxynode/depends/x86_64-apple-darwin11/include/QtCore -I/root/proxynode/depends/x86_64-apple-darwin11/share/../include/  -DBOOST_SPIRIT_THREADSAFE -DHAVE_BUILD_INFO -D__STDC_FORMAT_MACROS -DMAC_OSX  -U_FORTIFY_SOURCE -D_FORTIFY_SOURCE=2 conftest.cpp >&5
conftest.cpp:56:11: error: use of undeclared identifier 'choke'
          choke;
          ^
1 error generated.
configure:24800: $? = 1
configure: failed program was:
| /* confdefs.h */
| #define PACKAGE_NAME "Prx Core"
| #define PACKAGE_TARNAME "prx"
| #define PACKAGE_VERSION "1.0.0"
| #define PACKAGE_STRING "Prx Core 1.0.0"
| #define PACKAGE_BUGREPORT "www.prx.org"
| #define PACKAGE_URL ""
| #define HAVE_CXX11 1
| #define STDC_HEADERS 1
| #define HAVE_SYS_TYPES_H 1
| #define HAVE_SYS_STAT_H 1
| #define HAVE_STDLIB_H 1
| #define HAVE_STRING_H 1
| #define HAVE_MEMORY_H 1
| #define HAVE_STRINGS_H 1
| #define HAVE_INTTYPES_H 1
| #define HAVE_STDINT_H 1
| #define HAVE_UNISTD_H 1
| #define HAVE_DLFCN_H 1
| #define LT_OBJDIR ".libs/"
| #define HAVE_PTHREAD_PRIO_INHERIT 1
| #define HAVE_PTHREAD 1
| #define HAVE_DECL_STRERROR_R 1
| #define HAVE_STRERROR_R 1
| #define HAVE_FUNC_ATTRIBUTE_VISIBILITY 1
| #define HAVE_STDIO_H 1
| #define HAVE_STDLIB_H 1
| #define HAVE_UNISTD_H 1
| #define HAVE_STRINGS_H 1
| #define HAVE_SYS_TYPES_H 1
| #define HAVE_SYS_STAT_H 1
| #define HAVE_SYS_SELECT_H 1
| #define HAVE_INET_PTON 1
| #define HAVE_DECL_STRNLEN 1
| #define HAVE_DECL_LE32TOH 0
| #define HAVE_DECL_LE64TOH 0
| #define HAVE_DECL_HTOLE32 0
| #define HAVE_DECL_HTOLE64 0
| #define HAVE_DECL_BE32TOH 0
| #define HAVE_DECL_BE64TOH 0
| #define HAVE_DECL_HTOBE32 0
| #define HAVE_DECL_HTOBE64 0
| #define HAVE_VISIBILITY_ATTRIBUTE 1
| #define HAVE_MINIUPNPC_MINIWGET_H 1
| #define HAVE_MINIUPNPC_MINIUPNPC_H 1
| #define HAVE_MINIUPNPC_UPNPCOMMANDS_H 1
| #define HAVE_MINIUPNPC_UPNPERRORS_H 1
| #define QT_STATICPLUGIN 1
| /* end confdefs.h.  */
| #include <QtCore>
| int
| main ()
| {
| 
|           #if QT_VERSION >= 0x050400
|           choke;
|           #endif
| 
|   ;
|   return 0;
| }
configure:24808: result: no
configure:24944: checking whether the linker accepts -framework IOKit
configure:24963: /root/proxynode/depends/x86_64-apple-darwin11/native/bin/clang++ -target x86_64-apple-darwin11 -mmacosx-version-min=10.8 --sysroot /root/proxynode/depends/SDKs/MacOSX10.11.sdk -mlinker-version=253.9 -stdlib=libc++ -std=c++11 -o conftest  -pipe -O2   -Wstack-protector -fstack-protector-all -fPIC -I/root/proxynode/depends/x86_64-apple-darwin11/include/QtNetwork -I/root/proxynode/depends/x86_64-apple-darwin11/include/QtWidgets -I/root/proxynode/depends/x86_64-apple-darwin11/include/QtGui -I/root/proxynode/depends/x86_64-apple-darwin11/include/QtCore -I/root/proxynode/depends/x86_64-apple-darwin11/share/../include/  -DBOOST_SPIRIT_THREADSAFE -DHAVE_BUILD_INFO -D__STDC_FORMAT_MACROS -DMAC_OSX  -U_FORTIFY_SOURCE -D_FORTIFY_SOURCE=2 -L/root/proxynode/depends/x86_64-apple-darwin11/share/../lib  -Wl,-headerpad_max_install_names  -Wl,-dead_strip  -framework IOKit conftest.cpp  >&5
configure:24963: $? = 0
configure:24972: result: yes
configure:24981: checking for static Qt plugins: -lqcocoa
configure:24999: /root/proxynode/depends/x86_64-apple-darwin11/native/bin/clang++ -target x86_64-apple-darwin11 -mmacosx-version-min=10.8 --sysroot /root/proxynode/depends/SDKs/MacOSX10.11.sdk -mlinker-version=253.9 -stdlib=libc++ -std=c++11 -o conftest  -pipe -O2   -Wstack-protector -fstack-protector-all -fPIC -I/root/proxynode/depends/x86_64-apple-darwin11/include/QtNetwork -I/root/proxynode/depends/x86_64-apple-darwin11/include/QtWidgets -I/root/proxynode/depends/x86_64-apple-darwin11/include/QtGui -I/root/proxynode/depends/x86_64-apple-darwin11/include/QtCore -I/root/proxynode/depends/x86_64-apple-darwin11/share/../include/  -DBOOST_SPIRIT_THREADSAFE -DHAVE_BUILD_INFO -D__STDC_FORMAT_MACROS -DMAC_OSX  -U_FORTIFY_SOURCE -D_FORTIFY_SOURCE=2 -L/root/proxynode/depends/x86_64-apple-darwin11/share/../lib  -Wl,-headerpad_max_install_names  -Wl,-dead_strip conftest.cpp -lqcocoa -L/root/proxynode/depends/x86_64-apple-darwin11/lib -lQt5PrintSupport -lQt5Widgets -framework DiskArbitration -framework IOKit -framework Foundation -framework CoreServices -framework AppKit -framework ApplicationServices -framework CoreFoundation -framework OpenGL -framework AGL -framework Carbon -lQt5Gui -lqtpng -lqtharfbuzzng -lQt5Core -lz -lqtpcre -lm -framework AppKit -framework OpenGL -framework AGL -lQt5Widgets -lQt5Gui -framework DiskArbitration -framework IOKit -framework Foundation -framework CoreServices -framework AppKit -framework ApplicationServices -framework CoreFoundation -lqtpng -lqtharfbuzzng -framework OpenGL -framework AGL -lQt5Core -lz -lqtpcre -lm -framework AppKit -lz -framework Carbon -framework OpenGL -framework AGL -lQt5Gui -lQt5Core -framework DiskArbitration -framework IOKit -lz -lqtpcre -lm -framework Foundation -framework CoreServices -framework AppKit -framework ApplicationServices -framework CoreFoundation -framework AppKit -framework Foundation -lqtpng -lqtharfbuzzng -framework ApplicationServices -lz -framework OpenGL -framework AGL -lQt5Core -framework DiskArbitration -framework IOKit -lz -lqtpcre -lm -framework Foundation -framework CoreServices -framework AppKit -framework ApplicationServices -framework CoreFoundation -L/root/proxynode/depends/x86_64-apple-darwin11/lib -lQt5PlatformSupport -lQt5Gui -framework DiskArbitration -framework IOKit -framework Foundation -framework CoreServices -framework AppKit -framework ApplicationServices -framework CoreFoundation -lqtpng -lqtharfbuzzng -framework OpenGL -framework AGL -lQt5Core -lz -lqtpcre -lm -lz -framework AppKit -framework OpenGL -framework ApplicationServices -framework AGL -lQt5Gui -lQt5Core -framework DiskArbitration -framework IOKit -lz -lqtpcre -lm -framework Foundation -framework CoreServices -framework AppKit -framework ApplicationServices -framework CoreFoundation -framework AppKit -framework Foundation -lqtpng -lqtharfbuzzng -framework ApplicationServices -lz -framework OpenGL -framework AGL -lQt5Core -framework DiskArbitration -framework IOKit -lz -lqtpcre -lm -framework Foundation -framework CoreServices -framework AppKit -framework ApplicationServices -framework CoreFoundation -L/root/proxynode/depends/x86_64-apple-darwin11/lib -lQt5Network -lQt5Core -framework DiskArbitration -framework IOKit -lz -lqtpcre -lm -framework Foundation -framework CoreServices -framework AppKit -framework ApplicationServices -framework CoreFoundation -framework Security -lz -framework SystemConfiguration -framework CoreFoundation -framework CoreServices -lssl -lcrypto -lQt5Widgets -lQt5Gui -framework DiskArbitration -framework IOKit -framework Foundation -framework CoreServices -framework AppKit -framework ApplicationServices -framework CoreFoundation -lqtpng -lqtharfbuzzng -framework OpenGL -framework AGL -lQt5Core -lz -lqtpcre -lm -framework AppKit -lz -framework Carbon -framework OpenGL -framework AGL -lQt5Gui -lQt5Core -framework DiskArbitration -framework IOKit -lz -lqtpcre -lm -framework Foundation -framework CoreServices -framework AppKit -framework ApplicationServices -framework CoreFoundation -framework AppKit -framework Foundation -lqtpng -lqtharfbuzzng -framework ApplicationServices -lz -framework OpenGL -framework AGL -lQt5Core -framework DiskArbitration -framework IOKit -lz -lqtpcre -lm -framework Foundation -framework CoreServices -framework AppKit -framework ApplicationServices -framework CoreFoundation -L/root/proxynode/depends/x86_64-apple-darwin11/share/../plugins/platforms -framework IOKit  >&5
conftest.cpp:51:13: warning: 'QT_STATICPLUGIN' macro redefined [-Wmacro-redefined]
    #define QT_STATICPLUGIN
            ^
conftest.cpp:48:9: note: previous definition is here
#define QT_STATICPLUGIN 1
        ^
1 warning generated.
configure:24999: $? = 0
configure:25000: result: yes
configure:25099: checking whether -fPIE can be used with this Qt config
configure:25120: /root/proxynode/depends/x86_64-apple-darwin11/native/bin/clang++ -target x86_64-apple-darwin11 -mmacosx-version-min=10.8 --sysroot /root/proxynode/depends/SDKs/MacOSX10.11.sdk -mlinker-version=253.9 -stdlib=libc++ -std=c++11 -c  -pipe -O2   -Wstack-protector -fstack-protector-all -fPIC -I/root/proxynode/depends/x86_64-apple-darwin11/include/QtNetwork -I/root/proxynode/depends/x86_64-apple-darwin11/include/QtWidgets -I/root/proxynode/depends/x86_64-apple-darwin11/include/QtGui -I/root/proxynode/depends/x86_64-apple-darwin11/include/QtCore -I/root/proxynode/depends/x86_64-apple-darwin11/share/../include/  -DBOOST_SPIRIT_THREADSAFE -DHAVE_BUILD_INFO -D__STDC_FORMAT_MACROS -DMAC_OSX  -U_FORTIFY_SOURCE -D_FORTIFY_SOURCE=2 -DHAVE_QT5 conftest.cpp >&5
configure:25120: $? = 0
configure:25121: result: yes
configure:25189: checking for moc-qt5
configure:25222: result: no
configure:25189: checking for moc5
configure:25222: result: no
configure:25189: checking for moc
configure:25207: found /root/proxynode/depends/x86_64-apple-darwin11/share/../native/bin/moc
configure:25219: result: /root/proxynode/depends/x86_64-apple-darwin11/share/../native/bin/moc
configure:25308: checking for uic-qt5
configure:25341: result: no
configure:25308: checking for uic5
configure:25341: result: no
configure:25308: checking for uic
configure:25326: found /root/proxynode/depends/x86_64-apple-darwin11/share/../native/bin/uic
configure:25338: result: /root/proxynode/depends/x86_64-apple-darwin11/share/../native/bin/uic
configure:25427: checking for rcc-qt5
configure:25460: result: no
configure:25427: checking for rcc5
configure:25460: result: no
configure:25427: checking for rcc
configure:25445: found /root/proxynode/depends/x86_64-apple-darwin11/share/../native/bin/rcc
configure:25457: result: /root/proxynode/depends/x86_64-apple-darwin11/share/../native/bin/rcc
configure:25546: checking for lrelease-qt5
configure:25579: result: no
configure:25546: checking for lrelease5
configure:25579: result: no
configure:25546: checking for lrelease
configure:25564: found /root/proxynode/depends/x86_64-apple-darwin11/share/../native/bin/lrelease
configure:25576: result: /root/proxynode/depends/x86_64-apple-darwin11/share/../native/bin/lrelease
configure:25665: checking for lupdate-qt5
configure:25698: result: no
configure:25665: checking for lupdate5
configure:25698: result: no
configure:25665: checking for lupdate
configure:25698: result: no
configure:25785: checking whether the linker accepts -framework Foundation -framework ApplicationServices -framework AppKit
configure:25804: /root/proxynode/depends/x86_64-apple-darwin11/native/bin/clang++ -target x86_64-apple-darwin11 -mmacosx-version-min=10.8 --sysroot /root/proxynode/depends/SDKs/MacOSX10.11.sdk -mlinker-version=253.9 -stdlib=libc++ -std=c++11 -o conftest -pipe -O2   -Wstack-protector -fstack-protector-all -fPIC -I/root/proxynode/depends/x86_64-apple-darwin11/share/../include/  -DBOOST_SPIRIT_THREADSAFE -DHAVE_BUILD_INFO -D__STDC_FORMAT_MACROS -DMAC_OSX  -U_FORTIFY_SOURCE -D_FORTIFY_SOURCE=2 -DHAVE_QT5 -L/root/proxynode/depends/x86_64-apple-darwin11/share/../lib  -Wl,-headerpad_max_install_names  -Wl,-dead_strip  -framework Foundation -framework ApplicationServices -framework AppKit conftest.cpp  >&5
configure:25804: $? = 0
configure:25814: result: yes
configure:25880: checking whether to build Prx Core GUI
configure:25899: WARNING: "lupdate is required to update qt translations"
configure:25910: result: yes (Qt5)
configure:25933: checking if the trading dialog should be enabled
configure:25936: result: yes
configure:26000: checking for boostlib >= 1.20.0
configure:26085: /root/proxynode/depends/x86_64-apple-darwin11/native/bin/clang++ -target x86_64-apple-darwin11 -mmacosx-version-min=10.8 --sysroot /root/proxynode/depends/SDKs/MacOSX10.11.sdk -mlinker-version=253.9 -stdlib=libc++ -std=c++11 -c -pipe -O2   -Wstack-protector -fstack-protector-all -fPIC -I/root/proxynode/depends/x86_64-apple-darwin11/share/../include/  -DBOOST_SPIRIT_THREADSAFE -DHAVE_BUILD_INFO -D__STDC_FORMAT_MACROS -DMAC_OSX  -U_FORTIFY_SOURCE -D_FORTIFY_SOURCE=2 -DHAVE_QT5 -I/root/proxynode/depends/x86_64-apple-darwin11/share/../include conftest.cpp >&5
configure:26085: $? = 0
configure:26087: result: yes
configure:26271: checking whether the Boost::System library is available
configure:26295: /root/proxynode/depends/x86_64-apple-darwin11/native/bin/clang++ -target x86_64-apple-darwin11 -mmacosx-version-min=10.8 --sysroot /root/proxynode/depends/SDKs/MacOSX10.11.sdk -mlinker-version=253.9 -stdlib=libc++ -std=c++11 -c -pipe -O2   -Wstack-protector -fstack-protector-all -fPIC -I/root/proxynode/depends/x86_64-apple-darwin11/share/../include/  -DBOOST_SPIRIT_THREADSAFE -DHAVE_BUILD_INFO -D__STDC_FORMAT_MACROS -DMAC_OSX  -U_FORTIFY_SOURCE -D_FORTIFY_SOURCE=2 -DHAVE_QT5 -I/root/proxynode/depends/x86_64-apple-darwin11/share/../include conftest.cpp >&5
conftest.cpp:57:1: warning: expression result unused [-Wunused-value]
boost::system::system_category
^~~~~~~~~~~~~~~~~~~~~~~~~~~~~~
1 warning generated.
configure:26295: $? = 0
configure:26310: result: yes
configure:26326: checking for exit in -lboost_system-mt
configure:26351: /root/proxynode/depends/x86_64-apple-darwin11/native/bin/clang++ -target x86_64-apple-darwin11 -mmacosx-version-min=10.8 --sysroot /root/proxynode/depends/SDKs/MacOSX10.11.sdk -mlinker-version=253.9 -stdlib=libc++ -std=c++11 -o conftest -pipe -O2   -Wstack-protector -fstack-protector-all -fPIC -I/root/proxynode/depends/x86_64-apple-darwin11/share/../include/  -DBOOST_SPIRIT_THREADSAFE -DHAVE_BUILD_INFO -D__STDC_FORMAT_MACROS -DMAC_OSX  -U_FORTIFY_SOURCE -D_FORTIFY_SOURCE=2 -DHAVE_QT5 -I/root/proxynode/depends/x86_64-apple-darwin11/share/../include -L/root/proxynode/depends/x86_64-apple-darwin11/share/../lib  -Wl,-headerpad_max_install_names  -Wl,-dead_strip -L/root/proxynode/depends/x86_64-apple-darwin11/share/../lib conftest.cpp -lboost_system-mt   >&5
configure:26351: $? = 0
configure:26361: result: yes
configure:26516: checking whether the Boost::Filesystem library is available
configure:26540: /root/proxynode/depends/x86_64-apple-darwin11/native/bin/clang++ -target x86_64-apple-darwin11 -mmacosx-version-min=10.8 --sysroot /root/proxynode/depends/SDKs/MacOSX10.11.sdk -mlinker-version=253.9 -stdlib=libc++ -std=c++11 -c -pipe -O2   -Wstack-protector -fstack-protector-all -fPIC -I/root/proxynode/depends/x86_64-apple-darwin11/share/../include/  -DBOOST_SPIRIT_THREADSAFE -DHAVE_BUILD_INFO -D__STDC_FORMAT_MACROS -DMAC_OSX  -U_FORTIFY_SOURCE -D_FORTIFY_SOURCE=2 -DHAVE_QT5 -I/root/proxynode/depends/x86_64-apple-darwin11/share/../include conftest.cpp >&5
configure:26540: $? = 0
configure:26554: result: yes
configure:26566: checking for exit in -lboost_filesystem-mt
configure:26591: /root/proxynode/depends/x86_64-apple-darwin11/native/bin/clang++ -target x86_64-apple-darwin11 -mmacosx-version-min=10.8 --sysroot /root/proxynode/depends/SDKs/MacOSX10.11.sdk -mlinker-version=253.9 -stdlib=libc++ -std=c++11 -o conftest -pipe -O2   -Wstack-protector -fstack-protector-all -fPIC -I/root/proxynode/depends/x86_64-apple-darwin11/share/../include/  -DBOOST_SPIRIT_THREADSAFE -DHAVE_BUILD_INFO -D__STDC_FORMAT_MACROS -DMAC_OSX  -U_FORTIFY_SOURCE -D_FORTIFY_SOURCE=2 -DHAVE_QT5 -I/root/proxynode/depends/x86_64-apple-darwin11/share/../include -L/root/proxynode/depends/x86_64-apple-darwin11/share/../lib  -Wl,-headerpad_max_install_names  -Wl,-dead_strip -L/root/proxynode/depends/x86_64-apple-darwin11/share/../lib conftest.cpp -lboost_filesystem-mt   -lboost_system-mt >&5
configure:26591: $? = 0
configure:26601: result: yes
configure:26751: checking whether the Boost::Program_Options library is available
configure:26775: /root/proxynode/depends/x86_64-apple-darwin11/native/bin/clang++ -target x86_64-apple-darwin11 -mmacosx-version-min=10.8 --sysroot /root/proxynode/depends/SDKs/MacOSX10.11.sdk -mlinker-version=253.9 -stdlib=libc++ -std=c++11 -c -pipe -O2   -Wstack-protector -fstack-protector-all -fPIC -I/root/proxynode/depends/x86_64-apple-darwin11/share/../include/  -DBOOST_SPIRIT_THREADSAFE -DHAVE_BUILD_INFO -D__STDC_FORMAT_MACROS -DMAC_OSX  -U_FORTIFY_SOURCE -D_FORTIFY_SOURCE=2 -DHAVE_QT5 -I/root/proxynode/depends/x86_64-apple-darwin11/share/../include conftest.cpp >&5
configure:26775: $? = 0
configure:26789: result: yes
configure:26801: checking for exit in -lboost_program_options-mt
configure:26826: /root/proxynode/depends/x86_64-apple-darwin11/native/bin/clang++ -target x86_64-apple-darwin11 -mmacosx-version-min=10.8 --sysroot /root/proxynode/depends/SDKs/MacOSX10.11.sdk -mlinker-version=253.9 -stdlib=libc++ -std=c++11 -o conftest -pipe -O2   -Wstack-protector -fstack-protector-all -fPIC -I/root/proxynode/depends/x86_64-apple-darwin11/share/../include/  -DBOOST_SPIRIT_THREADSAFE -DHAVE_BUILD_INFO -D__STDC_FORMAT_MACROS -DMAC_OSX  -U_FORTIFY_SOURCE -D_FORTIFY_SOURCE=2 -DHAVE_QT5 -I/root/proxynode/depends/x86_64-apple-darwin11/share/../include -L/root/proxynode/depends/x86_64-apple-darwin11/share/../lib  -Wl,-headerpad_max_install_names  -Wl,-dead_strip -L/root/proxynode/depends/x86_64-apple-darwin11/share/../lib conftest.cpp -lboost_program_options-mt   >&5
configure:26826: $? = 0
configure:26836: result: yes
configure:26979: checking whether the Boost::Thread library is available
configure:27011: /root/proxynode/depends/x86_64-apple-darwin11/native/bin/clang++ -target x86_64-apple-darwin11 -mmacosx-version-min=10.8 --sysroot /root/proxynode/depends/SDKs/MacOSX10.11.sdk -mlinker-version=253.9 -stdlib=libc++ -std=c++11 -c -pthread -pipe -O2   -Wstack-protector -fstack-protector-all -fPIC -I/root/proxynode/depends/x86_64-apple-darwin11/share/../include/  -DBOOST_SPIRIT_THREADSAFE -DHAVE_BUILD_INFO -D__STDC_FORMAT_MACROS -DMAC_OSX  -U_FORTIFY_SOURCE -D_FORTIFY_SOURCE=2 -DHAVE_QT5 -I/root/proxynode/depends/x86_64-apple-darwin11/share/../include conftest.cpp >&5
configure:27011: $? = 0
configure:27026: result: yes
configure:27056: checking for exit in -lboost_thread-mt
configure:27081: /root/proxynode/depends/x86_64-apple-darwin11/native/bin/clang++ -target x86_64-apple-darwin11 -mmacosx-version-min=10.8 --sysroot /root/proxynode/depends/SDKs/MacOSX10.11.sdk -mlinker-version=253.9 -stdlib=libc++ -std=c++11 -o conftest -pipe -O2   -Wstack-protector -fstack-protector-all -fPIC -I/root/proxynode/depends/x86_64-apple-darwin11/share/../include/  -DBOOST_SPIRIT_THREADSAFE -DHAVE_BUILD_INFO -D__STDC_FORMAT_MACROS -DMAC_OSX  -U_FORTIFY_SOURCE -D_FORTIFY_SOURCE=2 -DHAVE_QT5 -I/root/proxynode/depends/x86_64-apple-darwin11/share/../include -L/root/proxynode/depends/x86_64-apple-darwin11/share/../lib  -Wl,-headerpad_max_install_names  -Wl,-dead_strip -L/root/proxynode/depends/x86_64-apple-darwin11/share/../lib conftest.cpp -lboost_thread-mt   >&5
configure:27081: $? = 0
configure:27091: result: yes
configure:27251: checking whether the Boost::Chrono library is available
configure:27275: /root/proxynode/depends/x86_64-apple-darwin11/native/bin/clang++ -target x86_64-apple-darwin11 -mmacosx-version-min=10.8 --sysroot /root/proxynode/depends/SDKs/MacOSX10.11.sdk -mlinker-version=253.9 -stdlib=libc++ -std=c++11 -c -pipe -O2   -Wstack-protector -fstack-protector-all -fPIC -I/root/proxynode/depends/x86_64-apple-darwin11/share/../include/  -DBOOST_SPIRIT_THREADSAFE -DHAVE_BUILD_INFO -D__STDC_FORMAT_MACROS -DMAC_OSX  -U_FORTIFY_SOURCE -D_FORTIFY_SOURCE=2 -DHAVE_QT5 -pthread -I/root/proxynode/depends/x86_64-apple-darwin11/share/../include conftest.cpp >&5
configure:27275: $? = 0
configure:27290: result: yes
configure:27306: checking for exit in -lboost_chrono-mt
configure:27331: /root/proxynode/depends/x86_64-apple-darwin11/native/bin/clang++ -target x86_64-apple-darwin11 -mmacosx-version-min=10.8 --sysroot /root/proxynode/depends/SDKs/MacOSX10.11.sdk -mlinker-version=253.9 -stdlib=libc++ -std=c++11 -o conftest -pipe -O2   -Wstack-protector -fstack-protector-all -fPIC -I/root/proxynode/depends/x86_64-apple-darwin11/share/../include/  -DBOOST_SPIRIT_THREADSAFE -DHAVE_BUILD_INFO -D__STDC_FORMAT_MACROS -DMAC_OSX  -U_FORTIFY_SOURCE -D_FORTIFY_SOURCE=2 -DHAVE_QT5 -pthread -I/root/proxynode/depends/x86_64-apple-darwin11/share/../include -L/root/proxynode/depends/x86_64-apple-darwin11/share/../lib  -Wl,-headerpad_max_install_names  -Wl,-dead_strip -L/root/proxynode/depends/x86_64-apple-darwin11/share/../lib conftest.cpp -lboost_chrono-mt   >&5
configure:27331: $? = 0
configure:27341: result: yes
configure:27464: checking for working boost reduced exports
configure:27487: /root/proxynode/depends/x86_64-apple-darwin11/native/bin/clang++ -target x86_64-apple-darwin11 -mmacosx-version-min=10.8 --sysroot /root/proxynode/depends/SDKs/MacOSX10.11.sdk -mlinker-version=253.9 -stdlib=libc++ -std=c++11 -E -pthread -I/root/proxynode/depends/x86_64-apple-darwin11/share/../include -I/root/proxynode/depends/x86_64-apple-darwin11/share/../include/  -DBOOST_SPIRIT_THREADSAFE -DHAVE_BUILD_INFO -D__STDC_FORMAT_MACROS -DMAC_OSX  -U_FORTIFY_SOURCE -D_FORTIFY_SOURCE=2 -DHAVE_QT5 conftest.cpp
configure:27487: $? = 0
configure:27489: result: yes
configure:27517: checking whether the linker accepts -Wl,--exclude-libs,ALL
configure:27536: /root/proxynode/depends/x86_64-apple-darwin11/native/bin/clang++ -target x86_64-apple-darwin11 -mmacosx-version-min=10.8 --sysroot /root/proxynode/depends/SDKs/MacOSX10.11.sdk -mlinker-version=253.9 -stdlib=libc++ -std=c++11 -o conftest -pipe -O2   -Wstack-protector -fstack-protector-all -fPIC -fvisibility=hidden -I/root/proxynode/depends/x86_64-apple-darwin11/share/../include/  -DBOOST_SPIRIT_THREADSAFE -DHAVE_BUILD_INFO -D__STDC_FORMAT_MACROS -DMAC_OSX  -U_FORTIFY_SOURCE -D_FORTIFY_SOURCE=2 -DHAVE_QT5 -L/root/proxynode/depends/x86_64-apple-darwin11/share/../lib  -Wl,-headerpad_max_install_names  -Wl,-dead_strip  -Wl,--exclude-libs,ALL conftest.cpp  >&5
ld: unknown option: --exclude-libs
clang: error: linker command failed with exit code 1 (use -v to see invocation)
configure:27536: $? = 1
configure: failed program was:
| /* confdefs.h */
| #define PACKAGE_NAME "Prx Core"
| #define PACKAGE_TARNAME "prx"
| #define PACKAGE_VERSION "1.0.0"
| #define PACKAGE_STRING "Prx Core 1.0.0"
| #define PACKAGE_BUGREPORT "www.prx.org"
| #define PACKAGE_URL ""
| #define HAVE_CXX11 1
| #define STDC_HEADERS 1
| #define HAVE_SYS_TYPES_H 1
| #define HAVE_SYS_STAT_H 1
| #define HAVE_STDLIB_H 1
| #define HAVE_STRING_H 1
| #define HAVE_MEMORY_H 1
| #define HAVE_STRINGS_H 1
| #define HAVE_INTTYPES_H 1
| #define HAVE_STDINT_H 1
| #define HAVE_UNISTD_H 1
| #define HAVE_DLFCN_H 1
| #define LT_OBJDIR ".libs/"
| #define HAVE_PTHREAD_PRIO_INHERIT 1
| #define HAVE_PTHREAD 1
| #define HAVE_DECL_STRERROR_R 1
| #define HAVE_STRERROR_R 1
| #define HAVE_FUNC_ATTRIBUTE_VISIBILITY 1
| #define HAVE_STDIO_H 1
| #define HAVE_STDLIB_H 1
| #define HAVE_UNISTD_H 1
| #define HAVE_STRINGS_H 1
| #define HAVE_SYS_TYPES_H 1
| #define HAVE_SYS_STAT_H 1
| #define HAVE_SYS_SELECT_H 1
| #define HAVE_INET_PTON 1
| #define HAVE_DECL_STRNLEN 1
| #define HAVE_DECL_LE32TOH 0
| #define HAVE_DECL_LE64TOH 0
| #define HAVE_DECL_HTOLE32 0
| #define HAVE_DECL_HTOLE64 0
| #define HAVE_DECL_BE32TOH 0
| #define HAVE_DECL_BE64TOH 0
| #define HAVE_DECL_HTOBE32 0
| #define HAVE_DECL_HTOBE64 0
| #define HAVE_VISIBILITY_ATTRIBUTE 1
| #define HAVE_MINIUPNPC_MINIWGET_H 1
| #define HAVE_MINIUPNPC_MINIUPNPC_H 1
| #define HAVE_MINIUPNPC_UPNPCOMMANDS_H 1
| #define HAVE_MINIUPNPC_UPNPERRORS_H 1
| #define QT_STATICPLUGIN 1
| #define QT_QPA_PLATFORM_COCOA 1
| #define HAVE_QT5 1
| #define HAVE_BOOST /**/
| #define HAVE_BOOST_SYSTEM /**/
| #define HAVE_BOOST_FILESYSTEM /**/
| #define HAVE_BOOST_PROGRAM_OPTIONS /**/
| #define HAVE_BOOST_THREAD /**/
| #define HAVE_BOOST_CHRONO /**/
| /* end confdefs.h.  */
| 
| int
| main ()
| {
| 
|   ;
|   return 0;
| }
configure:27545: result: no
configure:27804: /root/proxynode/depends/x86_64-apple-darwin11/native/bin/clang++ -target x86_64-apple-darwin11 -mmacosx-version-min=10.8 --sysroot /root/proxynode/depends/SDKs/MacOSX10.11.sdk -mlinker-version=253.9 -stdlib=libc++ -std=c++11 -o conftest -pipe -O2   -Wstack-protector -fstack-protector-all -fPIC -fvisibility=hidden -I/root/proxynode/depends/x86_64-apple-darwin11/share/../include/  -DBOOST_SPIRIT_THREADSAFE -DHAVE_BUILD_INFO -D__STDC_FORMAT_MACROS -DMAC_OSX  -U_FORTIFY_SOURCE -D_FORTIFY_SOURCE=2 -DHAVE_QT5 -pthread -I/root/proxynode/depends/x86_64-apple-darwin11/share/../include -L/root/proxynode/depends/x86_64-apple-darwin11/share/../lib  -Wl,-headerpad_max_install_names  -Wl,-dead_strip conftest.cpp -L/root/proxynode/depends/x86_64-apple-darwin11/share/../lib -lboost_system-mt -lboost_filesystem-mt -lboost_program_options-mt -lboost_thread-mt -lboost_chrono-mt  >&5
configure:27804: $? = 0
configure:27873: checking for SSL
configure:27880: $PKG_CONFIG --exists --print-errors "libssl"
configure:27883: $? = 0
configure:27897: $PKG_CONFIG --exists --print-errors "libssl"
configure:27900: $? = 0
configure:27938: result: yes
configure:27944: checking for CRYPTO
configure:27951: $PKG_CONFIG --exists --print-errors "libcrypto"
configure:27954: $? = 0
configure:27968: $PKG_CONFIG --exists --print-errors "libcrypto"
configure:27971: $? = 0
configure:28009: result: yes
configure:28018: checking for PROTOBUF
configure:28025: $PKG_CONFIG --exists --print-errors "protobuf"
configure:28028: $? = 0
configure:28042: $PKG_CONFIG --exists --print-errors "protobuf"
configure:28045: $? = 0
configure:28105: result: yes
configure:28120: checking for QR
configure:28127: $PKG_CONFIG --exists --print-errors "libqrencode"
configure:28130: $? = 0
configure:28144: $PKG_CONFIG --exists --print-errors "libqrencode"
configure:28147: $? = 0
configure:28185: result: yes
configure:28573: checking for RAND_egd in -lcrypto
configure:28598: /root/proxynode/depends/x86_64-apple-darwin11/native/bin/clang++ -target x86_64-apple-darwin11 -mmacosx-version-min=10.8 --sysroot /root/proxynode/depends/SDKs/MacOSX10.11.sdk -mlinker-version=253.9 -stdlib=libc++ -std=c++11 -o conftest -pipe -O2   -Wstack-protector -fstack-protector-all -fPIC -fvisibility=hidden -I/root/proxynode/depends/x86_64-apple-darwin11/share/../include/  -DBOOST_SPIRIT_THREADSAFE -DHAVE_BUILD_INFO -D__STDC_FORMAT_MACROS -DMAC_OSX  -U_FORTIFY_SOURCE -D_FORTIFY_SOURCE=2 -DHAVE_QT5 -L/root/proxynode/depends/x86_64-apple-darwin11/share/../lib  -Wl,-headerpad_max_install_names  -Wl,-dead_strip conftest.cpp -lcrypto   >&5
configure:28598: $? = 0
configure:28607: result: yes
configure:28636: checking openssl/ec.h usability
configure:28636: /root/proxynode/depends/x86_64-apple-darwin11/native/bin/clang++ -target x86_64-apple-darwin11 -mmacosx-version-min=10.8 --sysroot /root/proxynode/depends/SDKs/MacOSX10.11.sdk -mlinker-version=253.9 -stdlib=libc++ -std=c++11 -c -pipe -O2   -Wstack-protector -fstack-protector-all -fPIC -fvisibility=hidden -I/root/proxynode/depends/x86_64-apple-darwin11/share/../include/  -DBOOST_SPIRIT_THREADSAFE -DHAVE_BUILD_INFO -D__STDC_FORMAT_MACROS -DMAC_OSX  -U_FORTIFY_SOURCE -D_FORTIFY_SOURCE=2 -DHAVE_QT5 conftest.cpp >&5
configure:28636: $? = 0
configure:28636: result: yes
configure:28636: checking openssl/ec.h presence
configure:28636: /root/proxynode/depends/x86_64-apple-darwin11/native/bin/clang++ -target x86_64-apple-darwin11 -mmacosx-version-min=10.8 --sysroot /root/proxynode/depends/SDKs/MacOSX10.11.sdk -mlinker-version=253.9 -stdlib=libc++ -std=c++11 -E -I/root/proxynode/depends/x86_64-apple-darwin11/share/../include/  -DBOOST_SPIRIT_THREADSAFE -DHAVE_BUILD_INFO -D__STDC_FORMAT_MACROS -DMAC_OSX  -U_FORTIFY_SOURCE -D_FORTIFY_SOURCE=2 -DHAVE_QT5 conftest.cpp
configure:28636: $? = 0
configure:28636: result: yes
configure:28636: checking for openssl/ec.h
configure:28636: result: yes
configure:28657: checking for protoc
configure:28675: found /root/proxynode/depends/x86_64-apple-darwin11/share/../native/bin/protoc
configure:28687: result: /root/proxynode/depends/x86_64-apple-darwin11/share/../native/bin/protoc
configure:28767: checking whether to build prxd
configure:28777: result: yes
configure:28780: checking whether to build utils (prx-cli prx-tx)
configure:28790: result: yes
configure:28793: checking whether to build libraries
configure:28808: result: yes
configure:28819: checking if ccache should be used
configure:28832: result: yes
configure:28836: checking whether C preprocessor accepts -Qunused-arguments
configure:28855: /root/proxynode/depends/x86_64-apple-darwin11/native/bin/clang -target x86_64-apple-darwin11 -mmacosx-version-min=10.8 --sysroot /root/proxynode/depends/SDKs/MacOSX10.11.sdk -mlinker-version=253.9 -E -I/root/proxynode/depends/x86_64-apple-darwin11/share/../include/  -DBOOST_SPIRIT_THREADSAFE -DHAVE_BUILD_INFO -D__STDC_FORMAT_MACROS -DMAC_OSX  -U_FORTIFY_SOURCE -D_FORTIFY_SOURCE=2 -DHAVE_QT5  -Qunused-arguments conftest.c
configure:28855: $? = 0
configure:28863: result: yes
configure:28873: checking if wallet should be enabled
configure:28876: result: yes
configure:28889: checking whether to build with support for UPnP
configure:28899: result: yes
configure:28901: checking whether to build with UPnP enabled by default
configure:28909: result: no
configure:28927: checking whether to build GUI with support for D-Bus
configure:28934: result: yes
configure:28937: checking whether to build GUI with support for QR codes
configure:28947: result: yes
configure:28960: WARNING: "xgettext is required to update qt translations"
configure:28964: checking whether to build test_prx-qt
configure:28971: result: no
configure:28985: checking whether to build test_prx
configure:28992: result: no
configure:28996: checking whether to reduce exports
configure:28999: result: yes
configure:29310: checking that generated files are newer than configure
configure:29316: result: done
configure:29428: creating ./config.status

## ---------------------- ##
## Running config.status. ##
## ---------------------- ##

This file was extended by Prx Core config.status 1.0.0, which was
generated by GNU Autoconf 2.69.  Invocation command line was

  CONFIG_FILES    = 
  CONFIG_HEADERS  = 
  CONFIG_LINKS    = 
  CONFIG_COMMANDS = 
  $ ./config.status 

on m5079.contaboserver.net

config.status:1407: creating Makefile
config.status:1407: creating src/Makefile
config.status:1407: creating share/setup.nsi
config.status:1407: creating share/qt/Info.plist
config.status:1407: creating src/test/buildenv.py
config.status:1407: creating qa/pull-tester/run-bitcoind-for-test.sh
config.status:1407: creating qa/pull-tester/tests-config.sh
config.status:1407: creating contrib/devtools/split-debug.sh
config.status:1407: creating src/config/prx-config.h
config.status:1636: executing depfiles commands
config.status:1636: executing libtool commands
configure:31912: === configuring in src/secp256k1 (/root/proxynode/src/secp256k1)
configure:31975: running /bin/bash ./configure --disable-option-checking '--prefix=/'  '--disable-tests' '--disable-zmq' '--disable-shared' '--with-pic' --cache-file=/dev/null --srcdir=.

## ---------------- ##
## Cache variables. ##
## ---------------- ##

ac_cv_build=x86_64-pc-linux-gnu
ac_cv_c_bigendian=no
ac_cv_c_compiler_gnu=yes
ac_cv_cxx_compiler_gnu=yes
ac_cv_env_CCC_set=
ac_cv_env_CCC_value=
ac_cv_env_CC_set=
ac_cv_env_CC_value=
ac_cv_env_CFLAGS_set=
ac_cv_env_CFLAGS_value=
ac_cv_env_CPPFLAGS_set=
ac_cv_env_CPPFLAGS_value=
ac_cv_env_CPP_set=
ac_cv_env_CPP_value=
ac_cv_env_CRYPTO_CFLAGS_set=
ac_cv_env_CRYPTO_CFLAGS_value=
ac_cv_env_CRYPTO_LIBS_set=
ac_cv_env_CRYPTO_LIBS_value=
ac_cv_env_CXXCPP_set=
ac_cv_env_CXXCPP_value=
ac_cv_env_CXXFLAGS_set=
ac_cv_env_CXXFLAGS_value=
ac_cv_env_CXX_set=
ac_cv_env_CXX_value=
ac_cv_env_LDFLAGS_set=
ac_cv_env_LDFLAGS_value=
ac_cv_env_LIBS_set=
ac_cv_env_LIBS_value=
ac_cv_env_LT_SYS_LIBRARY_PATH_set=
ac_cv_env_LT_SYS_LIBRARY_PATH_value=
ac_cv_env_OBJCXXFLAGS_set=
ac_cv_env_OBJCXXFLAGS_value=
ac_cv_env_OBJCXX_set=
ac_cv_env_OBJCXX_value=
ac_cv_env_PKG_CONFIG_LIBDIR_set=
ac_cv_env_PKG_CONFIG_LIBDIR_value=
ac_cv_env_PKG_CONFIG_PATH_set=
ac_cv_env_PKG_CONFIG_PATH_value=
ac_cv_env_PKG_CONFIG_set=
ac_cv_env_PKG_CONFIG_value=
ac_cv_env_PROTOBUF_CFLAGS_set=
ac_cv_env_PROTOBUF_CFLAGS_value=
ac_cv_env_PROTOBUF_LIBS_set=
ac_cv_env_PROTOBUF_LIBS_value=
ac_cv_env_PYTHONPATH_set=
ac_cv_env_PYTHONPATH_value=
ac_cv_env_QR_CFLAGS_set=
ac_cv_env_QR_CFLAGS_value=
ac_cv_env_QR_LIBS_set=
ac_cv_env_QR_LIBS_value=
ac_cv_env_QTPLATFORM_CFLAGS_set=
ac_cv_env_QTPLATFORM_CFLAGS_value=
ac_cv_env_QTPLATFORM_LIBS_set=
ac_cv_env_QTPLATFORM_LIBS_value=
ac_cv_env_QTPRINT_CFLAGS_set=
ac_cv_env_QTPRINT_CFLAGS_value=
ac_cv_env_QTPRINT_LIBS_set=
ac_cv_env_QTPRINT_LIBS_value=
ac_cv_env_QTXCBQPA_CFLAGS_set=
ac_cv_env_QTXCBQPA_CFLAGS_value=
ac_cv_env_QTXCBQPA_LIBS_set=
ac_cv_env_QTXCBQPA_LIBS_value=
ac_cv_env_QT_CFLAGS_set=
ac_cv_env_QT_CFLAGS_value=
ac_cv_env_QT_DBUS_CFLAGS_set=
ac_cv_env_QT_DBUS_CFLAGS_value=
ac_cv_env_QT_DBUS_LIBS_set=
ac_cv_env_QT_DBUS_LIBS_value=
ac_cv_env_QT_LIBS_set=
ac_cv_env_QT_LIBS_value=
ac_cv_env_QT_TEST_CFLAGS_set=
ac_cv_env_QT_TEST_CFLAGS_value=
ac_cv_env_QT_TEST_LIBS_set=
ac_cv_env_QT_TEST_LIBS_value=
ac_cv_env_SSL_CFLAGS_set=
ac_cv_env_SSL_CFLAGS_value=
ac_cv_env_SSL_LIBS_set=
ac_cv_env_SSL_LIBS_value=
ac_cv_env_X11XCB_CFLAGS_set=
ac_cv_env_X11XCB_CFLAGS_value=
ac_cv_env_X11XCB_LIBS_set=
ac_cv_env_X11XCB_LIBS_value=
ac_cv_env_ZMQ_CFLAGS_set=
ac_cv_env_ZMQ_CFLAGS_value=
ac_cv_env_ZMQ_LIBS_set=
ac_cv_env_ZMQ_LIBS_value=
ac_cv_env_build_alias_set=
ac_cv_env_build_alias_value=
ac_cv_env_host_alias_set=
ac_cv_env_host_alias_value=
ac_cv_env_target_alias_set=
ac_cv_env_target_alias_value=
ac_cv_func_strerror_r=yes
ac_cv_func_strerror_r_char_p=no
ac_cv_have_decl_be32toh=no
ac_cv_have_decl_be64toh=no
ac_cv_have_decl_htobe32=no
ac_cv_have_decl_htobe64=no
ac_cv_have_decl_htole32=no
ac_cv_have_decl_htole64=no
ac_cv_have_decl_le32toh=no
ac_cv_have_decl_le64toh=no
ac_cv_have_decl_strerror_r=yes
ac_cv_have_decl_strnlen=yes
ac_cv_header_dlfcn_h=yes
ac_cv_header_endian_h=no
ac_cv_header_inttypes_h=yes
ac_cv_header_memory_h=yes
ac_cv_header_miniupnpc_miniupnpc_h=yes
ac_cv_header_miniupnpc_miniwget_h=yes
ac_cv_header_miniupnpc_upnpcommands_h=yes
ac_cv_header_miniupnpc_upnperrors_h=yes
ac_cv_header_openssl_ec_h=yes
ac_cv_header_stdc=yes
ac_cv_header_stdint_h=yes
ac_cv_header_stdio_h=yes
ac_cv_header_stdlib_h=yes
ac_cv_header_string_h=yes
ac_cv_header_strings_h=yes
ac_cv_header_sys_prctl_h=no
ac_cv_header_sys_select_h=yes
ac_cv_header_sys_stat_h=yes
ac_cv_header_sys_types_h=yes
ac_cv_header_unistd_h=yes
ac_cv_host=x86_64-apple-darwin11
ac_cv_lib_boost_chrono_mt___exit=yes
ac_cv_lib_boost_filesystem_mt___exit=yes
ac_cv_lib_boost_program_options_mt___exit=yes
ac_cv_lib_boost_system_mt___exit=yes
ac_cv_lib_boost_thread_mt___exit=yes
ac_cv_lib_crypto_RAND_egd=yes
ac_cv_lib_db_cxx_4_8___main=yes
ac_cv_lib_miniupnpc_main=yes
ac_cv_objcxx_compiler_gnu=yes
ac_cv_objext=o
ac_cv_path_AR=/root/proxynode/depends/x86_64-apple-darwin11/native/bin/x86_64-apple-darwin11-ar
ac_cv_path_CCACHE=/root/proxynode/depends/x86_64-apple-darwin11/share/../native/bin/ccache
ac_cv_path_EGREP='/bin/grep -E'
ac_cv_path_FGREP='/bin/grep -F'
ac_cv_path_GENISOIMAGE=/root/proxynode/depends/x86_64-apple-darwin11/share/../native/bin/genisoimage
ac_cv_path_GIT=/usr/bin/git
ac_cv_path_GREP=/bin/grep
ac_cv_path_HEXDUMP=/usr/bin/hexdump
ac_cv_path_IMAGEMAGICK_CONVERT=/usr/bin/convert
ac_cv_path_INSTALLNAMETOOL=/root/proxynode/depends/x86_64-apple-darwin11/share/../native/bin/x86_64-apple-darwin11-install_name_tool
ac_cv_path_LRELEASE=/root/proxynode/depends/x86_64-apple-darwin11/share/../native/bin/lrelease
ac_cv_path_MOC=/root/proxynode/depends/x86_64-apple-darwin11/share/../native/bin/moc
ac_cv_path_OTOOL=/root/proxynode/depends/x86_64-apple-darwin11/share/../native/bin/x86_64-apple-darwin11-otool
ac_cv_path_PKG_CONFIG='/usr/bin/pkg-config --static'
ac_cv_path_PROTOC=/root/proxynode/depends/x86_64-apple-darwin11/share/../native/bin/protoc
ac_cv_path_PYTHON=/usr/bin/python3
ac_cv_path_RANLIB=/root/proxynode/depends/x86_64-apple-darwin11/native/bin/x86_64-apple-darwin11-ranlib
ac_cv_path_RCC=/root/proxynode/depends/x86_64-apple-darwin11/share/../native/bin/rcc
ac_cv_path_RSVG_CONVERT=/usr/bin/rsvg-convert
ac_cv_path_SED=/bin/sed
ac_cv_path_STRIP=/root/proxynode/depends/x86_64-apple-darwin11/share/../native/bin/x86_64-apple-darwin11-strip
ac_cv_path_TIFFCP=/usr/bin/tiffcp
ac_cv_path_UIC=/root/proxynode/depends/x86_64-apple-darwin11/share/../native/bin/uic
ac_cv_path_ac_pt_AR=/root/proxynode/depends/x86_64-apple-darwin11/native/bin/x86_64-apple-darwin11-ar
ac_cv_path_ac_pt_CPPFILT=/usr/bin/c++filt
ac_cv_path_ac_pt_GCOV=/usr/bin/gcov
ac_cv_path_ac_pt_NM=/root/proxynode/depends/x86_64-apple-darwin11/native/bin/x86_64-apple-darwin11-nm
ac_cv_path_ac_pt_OBJCOPY=/usr/bin/objcopy
ac_cv_path_ac_pt_RANLIB=/root/proxynode/depends/x86_64-apple-darwin11/native/bin/x86_64-apple-darwin11-ranlib
ac_cv_path_ac_pt_READELF=/usr/bin/readelf
ac_cv_path_install='/usr/bin/install -c'
ac_cv_path_lt_DD=/bin/dd
ac_cv_path_mkdir=/bin/mkdir
ac_cv_prog_AR=/root/proxynode/depends/x86_64-apple-darwin11/native/bin/x86_64-apple-darwin11-ar
ac_cv_prog_AWK=mawk
ac_cv_prog_CC='/root/proxynode/depends/x86_64-apple-darwin11/native/bin/clang -target x86_64-apple-darwin11 -mmacosx-version-min=10.8 --sysroot /root/proxynode/depends/SDKs/MacOSX10.11.sdk -mlinker-version=253.9'
ac_cv_prog_CPP='/root/proxynode/depends/x86_64-apple-darwin11/native/bin/clang -target x86_64-apple-darwin11 -mmacosx-version-min=10.8 --sysroot /root/proxynode/depends/SDKs/MacOSX10.11.sdk -mlinker-version=253.9 -E'
ac_cv_prog_CXXCPP='/root/proxynode/depends/x86_64-apple-darwin11/native/bin/clang++ -target x86_64-apple-darwin11 -mmacosx-version-min=10.8 --sysroot /root/proxynode/depends/SDKs/MacOSX10.11.sdk -mlinker-version=253.9 -stdlib=libc++ -std=c++11 -E'
ac_cv_prog_DSYMUTIL=x86_64-apple-darwin11-dsymutil
ac_cv_prog_LIPO=x86_64-apple-darwin11-lipo
ac_cv_prog_NMEDIT=x86_64-apple-darwin11-nmedit
ac_cv_prog_OBJCXX='/root/proxynode/depends/x86_64-apple-darwin11/native/bin/clang++ -target x86_64-apple-darwin11 -mmacosx-version-min=10.8 --sysroot /root/proxynode/depends/SDKs/MacOSX10.11.sdk -mlinker-version=253.9 -stdlib=libc++ -std=c++11'
ac_cv_prog_OTOOL=x86_64-apple-darwin11-otool
ac_cv_prog_RANLIB=/root/proxynode/depends/x86_64-apple-darwin11/native/bin/x86_64-apple-darwin11-ranlib
ac_cv_prog_STRIP=x86_64-apple-darwin11-strip
ac_cv_prog_ac_ct_MANIFEST_TOOL=mt
ac_cv_prog_ac_ct_OBJDUMP=objdump
ac_cv_prog_cc_c89=
ac_cv_prog_cc_g=yes
ac_cv_prog_cxx_g=yes
ac_cv_prog_make_make_set=yes
ac_cv_prog_objcxx_g=yes
ac_cv_search_clock_gettime=no
ac_cv_search_getaddrinfo_a=no
ac_cv_search_inet_pton='none required'
ac_cv_sys_file_offset_bits=no
ac_cv_sys_largefile_CC=no
am_cv_CC_dependencies_compiler_type=gcc3
am_cv_CXX_dependencies_compiler_type=gcc3
am_cv_OBJCXX_dependencies_compiler_type=gcc3
am_cv_make_support_nested_variables=yes
am_cv_prog_cc_c_o=yes
ax_cv_PTHREAD_PRIO_INHERIT=yes
ax_cv_boost_chrono=yes
ax_cv_boost_filesystem=yes
ax_cv_boost_program_options=yes
ax_cv_boost_system=yes
ax_cv_boost_thread=yes
ax_cv_check_ccppflags___Qunused_arguments=yes
ax_cv_check_cxxcppflags___D_FORTIFY_SOURCE_2=yes
ax_cv_check_cxxcppflags___U_FORTIFY_SOURCE=yes
ax_cv_check_cxxflags___Wstack_protector=yes
ax_cv_check_cxxflags___fPIC=yes
ax_cv_check_cxxflags___fstack_protector_all=yes
ax_cv_check_cxxflags___fvisibility_hidden=yes
ax_cv_check_ldflags___Wl___dynamicbase=no
ax_cv_check_ldflags___Wl___exclude_libs_ALL=no
ax_cv_check_ldflags___Wl___large_address_aware=no
ax_cv_check_ldflags___Wl___nxcompat=no
ax_cv_check_ldflags___Wl__dead_strip=yes
ax_cv_check_ldflags___Wl__headerpad_max_install_names=yes
ax_cv_check_ldflags___Wl__z_now=no
ax_cv_check_ldflags___Wl__z_relro=no
ax_cv_check_ldflags___framework_Foundation__framework_ApplicationServices__framework_AppKit=yes
ax_cv_check_ldflags___framework_IOKit=yes
ax_cv_check_ldflags___pic=no
ax_cv_cxx_compile_cxx11=no
ax_cv_cxx_compile_cxx11__std_cpp11=yes
ax_cv_have_func_attribute_dllexport=no
ax_cv_have_func_attribute_dllimport=no
ax_cv_have_func_attribute_visibility=yes
bitcoin_cv_need_acc_widget=no
bitcoin_cv_static_qt=yes
lt_cv_apple_cc_single_mod=yes
lt_cv_ar_at_file=no
lt_cv_deplibs_check_method=pass_all
lt_cv_file_magic_cmd='$MAGIC_CMD'
lt_cv_file_magic_test_file=
lt_cv_ld_exported_symbols_list=yes
lt_cv_ld_force_load=yes
lt_cv_ld_reload_flag=-r
lt_cv_nm_interface='BSD nm'
lt_cv_objdir=.libs
lt_cv_path_LD=/root/proxynode/depends/x86_64-apple-darwin11/native/bin/x86_64-apple-darwin11-ld
lt_cv_path_LDCXX=/root/proxynode/depends/x86_64-apple-darwin11/native/bin/x86_64-apple-darwin11-ld
lt_cv_path_NM=/root/proxynode/depends/x86_64-apple-darwin11/native/bin/x86_64-apple-darwin11-nm
lt_cv_path_mainfest_tool=no
lt_cv_prog_compiler_c_o=yes
lt_cv_prog_compiler_c_o_CXX=yes
lt_cv_prog_compiler_pic='-fno-common -DPIC'
lt_cv_prog_compiler_pic_CXX='-fno-common -DPIC'
lt_cv_prog_compiler_pic_works=yes
lt_cv_prog_compiler_pic_works_CXX=yes
lt_cv_prog_compiler_rtti_exceptions=yes
lt_cv_prog_compiler_static_works=no
lt_cv_prog_compiler_static_works_CXX=no
lt_cv_prog_gnu_ld=no
lt_cv_prog_gnu_ldcxx=no
lt_cv_sharedlib_from_linklib_cmd='printf %s\n'
lt_cv_sys_global_symbol_pipe='sed -n -e '\''s/^.*[	 ]\([BCDEGRST][BCDEGRST]*\)[	 ][	 ]*_\([_A-Za-z][_A-Za-z0-9]*\)$/\1 _\2 \2/p'\'' | sed '\''/ __gnu_lto/d'\'''
lt_cv_sys_global_symbol_to_c_name_address='sed -n -e '\''s/^: \(.*\) .*$/  {"\1", (void *) 0},/p'\'' -e '\''s/^[BCDEGRST][BCDEGRST]* .* \(.*\)$/  {"\1", (void *) \&\1},/p'\'''
lt_cv_sys_global_symbol_to_c_name_address_lib_prefix='sed -n -e '\''s/^: \(.*\) .*$/  {"\1", (void *) 0},/p'\'' -e '\''s/^[BCDEGRST][BCDEGRST]* .* \(lib.*\)$/  {"\1", (void *) \&\1},/p'\'' -e '\''s/^[BCDEGRST][BCDEGRST]* .* \(.*\)$/  {"lib\1", (void *) \&\1},/p'\'''
lt_cv_sys_global_symbol_to_cdecl='sed -n -e '\''s/^T .* \(.*\)$/extern int \1();/p'\'' -e '\''s/^[BCDEGRST][BCDEGRST]* .* \(.*\)$/extern char \1;/p'\'''
lt_cv_sys_global_symbol_to_import=
lt_cv_sys_max_cmd_len=1572864
lt_cv_to_host_file_cmd=func_convert_file_noop
lt_cv_to_tool_file_cmd=func_convert_file_noop
lt_cv_truncate_bin='/bin/dd bs=4096 count=1'
pkg_cv_CRYPTO_CFLAGS=-I/root/proxynode/depends/x86_64-apple-darwin11/include
pkg_cv_CRYPTO_LIBS='-L/root/proxynode/depends/x86_64-apple-darwin11/lib -lcrypto'
pkg_cv_PROTOBUF_CFLAGS='-D_THREAD_SAFE -I/root/proxynode/depends/x86_64-apple-darwin11/include'
pkg_cv_PROTOBUF_LIBS='-L/root/proxynode/depends/x86_64-apple-darwin11/lib -lprotobuf -D_THREAD_SAFE -lz'
pkg_cv_QR_CFLAGS=-I/root/proxynode/depends/x86_64-apple-darwin11/include
pkg_cv_QR_LIBS='-L/root/proxynode/depends/x86_64-apple-darwin11/lib -lqrencode -lpthread'
pkg_cv_QTPLATFORM_CFLAGS='-I/root/proxynode/depends/x86_64-apple-darwin11/include/QtPlatformSupport -I/root/proxynode/depends/x86_64-apple-darwin11/include/QtGui -I/root/proxynode/depends/x86_64-apple-darwin11/include/QtCore'
pkg_cv_QTPLATFORM_LIBS='-L/root/proxynode/depends/x86_64-apple-darwin11/lib -lQt5PlatformSupport -lQt5Gui -framework DiskArbitration -framework IOKit -framework Foundation -framework CoreServices -framework AppKit -framework ApplicationServices -framework CoreFoundation -lqtpng -lqtharfbuzzng -framework OpenGL -framework AGL -lQt5Core -lz -lqtpcre -lm -lz -framework AppKit -framework OpenGL -framework ApplicationServices -framework AGL -lQt5Gui -lQt5Core -framework DiskArbitration -framework IOKit -lz -lqtpcre -lm -framework Foundation -framework CoreServices -framework AppKit -framework ApplicationServices -framework CoreFoundation -framework AppKit -framework Foundation -lqtpng -lqtharfbuzzng -framework ApplicationServices -lz -framework OpenGL -framework AGL -lQt5Core -framework DiskArbitration -framework IOKit -lz -lqtpcre -lm -framework Foundation -framework CoreServices -framework AppKit -framework ApplicationServices -framework CoreFoundation'
pkg_cv_QTPRINT_CFLAGS='-I/root/proxynode/depends/x86_64-apple-darwin11/include/QtPrintSupport -I/root/proxynode/depends/x86_64-apple-darwin11/include/QtWidgets -I/root/proxynode/depends/x86_64-apple-darwin11/include/QtGui -I/root/proxynode/depends/x86_64-apple-darwin11/include/QtCore'
pkg_cv_QTPRINT_LIBS='-L/root/proxynode/depends/x86_64-apple-darwin11/lib -lQt5PrintSupport -lQt5Widgets -framework DiskArbitration -framework IOKit -framework Foundation -framework CoreServices -framework AppKit -framework ApplicationServices -framework CoreFoundation -framework OpenGL -framework AGL -framework Carbon -lQt5Gui -lqtpng -lqtharfbuzzng -lQt5Core -lz -lqtpcre -lm -framework AppKit -framework OpenGL -framework AGL -lQt5Widgets -lQt5Gui -framework DiskArbitration -framework IOKit -framework Foundation -framework CoreServices -framework AppKit -framework ApplicationServices -framework CoreFoundation -lqtpng -lqtharfbuzzng -framework OpenGL -framework AGL -lQt5Core -lz -lqtpcre -lm -framework AppKit -lz -framework Carbon -framework OpenGL -framework AGL -lQt5Gui -lQt5Core -framework DiskArbitration -framework IOKit -lz -lqtpcre -lm -framework Foundation -framework CoreServices -framework AppKit -framework ApplicationServices -framework CoreFoundation -framework AppKit -framework Foundation -lqtpng -lqtharfbuzzng -framework ApplicationServices -lz -framework OpenGL -framework AGL -lQt5Core -framework DiskArbitration -framework IOKit -lz -lqtpcre -lm -framework Foundation -framework CoreServices -framework AppKit -framework ApplicationServices -framework CoreFoundation'
pkg_cv_QT_CFLAGS='-I/root/proxynode/depends/x86_64-apple-darwin11/include/QtNetwork -I/root/proxynode/depends/x86_64-apple-darwin11/include/QtWidgets -I/root/proxynode/depends/x86_64-apple-darwin11/include/QtGui -I/root/proxynode/depends/x86_64-apple-darwin11/include/QtCore'
pkg_cv_QT_DBUS_CFLAGS='-I/root/proxynode/depends/x86_64-apple-darwin11/include/QtDBus -I/root/proxynode/depends/x86_64-apple-darwin11/include/QtCore'
pkg_cv_QT_DBUS_LIBS='-L/root/proxynode/depends/x86_64-apple-darwin11/lib -lQt5DBus -lQt5Core -framework DiskArbitration -framework IOKit -lz -lqtpcre -lm -framework Foundation -framework CoreServices -framework AppKit -framework ApplicationServices -framework CoreFoundation -lQt5Core -framework DiskArbitration -framework IOKit -lz -lqtpcre -lm -framework Foundation -framework CoreServices -framework AppKit -framework ApplicationServices -framework CoreFoundation'
pkg_cv_QT_LIBS='-L/root/proxynode/depends/x86_64-apple-darwin11/lib -lQt5Network -lQt5Core -framework DiskArbitration -framework IOKit -lz -lqtpcre -lm -framework Foundation -framework CoreServices -framework AppKit -framework ApplicationServices -framework CoreFoundation -framework Security -lz -framework SystemConfiguration -framework CoreFoundation -framework CoreServices -lssl -lcrypto -lQt5Widgets -lQt5Gui -framework DiskArbitration -framework IOKit -framework Foundation -framework CoreServices -framework AppKit -framework ApplicationServices -framework CoreFoundation -lqtpng -lqtharfbuzzng -framework OpenGL -framework AGL -lQt5Core -lz -lqtpcre -lm -framework AppKit -lz -framework Carbon -framework OpenGL -framework AGL -lQt5Gui -lQt5Core -framework DiskArbitration -framework IOKit -lz -lqtpcre -lm -framework Foundation -framework CoreServices -framework AppKit -framework ApplicationServices -framework CoreFoundation -framework AppKit -framework Foundation -lqtpng -lqtharfbuzzng -framework ApplicationServices -lz -framework OpenGL -framework AGL -lQt5Core -framework DiskArbitration -framework IOKit -lz -lqtpcre -lm -framework Foundation -framework CoreServices -framework AppKit -framework ApplicationServices -framework CoreFoundation'
pkg_cv_QT_TEST_CFLAGS='-I/root/proxynode/depends/x86_64-apple-darwin11/include/QtTest -I/root/proxynode/depends/x86_64-apple-darwin11/include/QtCore'
pkg_cv_QT_TEST_LIBS='-L/root/proxynode/depends/x86_64-apple-darwin11/lib -lQt5Test -framework Security -framework Foundation -framework ApplicationServices -framework IOKit -lQt5Core -framework DiskArbitration -lz -lqtpcre -lm -framework CoreServices -framework AppKit -framework CoreFoundation -lQt5Core -framework DiskArbitration -framework IOKit -lz -lqtpcre -lm -framework Foundation -framework CoreServices -framework AppKit -framework ApplicationServices -framework CoreFoundation'
pkg_cv_SSL_CFLAGS=-I/root/proxynode/depends/x86_64-apple-darwin11/include
pkg_cv_SSL_LIBS='-L/root/proxynode/depends/x86_64-apple-darwin11/lib -lssl -lcrypto'

## ----------------- ##
## Output variables. ##
## ----------------- ##

ACLOCAL='${SHELL} /root/proxynode/build-aux/missing aclocal-1.15'
AMDEPBACKSLASH='\'
AMDEP_FALSE='#'
AMDEP_TRUE=''
AMTAR='$${TAR-tar}'
AM_BACKSLASH='\'
AM_DEFAULT_V='$(AM_DEFAULT_VERBOSITY)'
AM_DEFAULT_VERBOSITY='0'
AM_V='$(V)'
AR='/root/proxynode/depends/x86_64-apple-darwin11/native/bin/x86_64-apple-darwin11-ar'
AUTOCONF='${SHELL} /root/proxynode/build-aux/missing autoconf'
AUTOHEADER='${SHELL} /root/proxynode/build-aux/missing autoheader'
AUTOMAKE='${SHELL} /root/proxynode/build-aux/missing automake-1.15'
AWK='mawk'
BDB_CPPFLAGS=''
BDB_LIBS='-ldb_cxx-4.8'
BOOST_CHRONO_LIB='-lboost_chrono-mt'
BOOST_CPPFLAGS='-pthread -I/root/proxynode/depends/x86_64-apple-darwin11/share/../include'
BOOST_FILESYSTEM_LIB='-lboost_filesystem-mt'
BOOST_LDFLAGS='-L/root/proxynode/depends/x86_64-apple-darwin11/share/../lib'
BOOST_LIBS='-L/root/proxynode/depends/x86_64-apple-darwin11/share/../lib -lboost_system-mt -lboost_filesystem-mt -lboost_program_options-mt -lboost_thread-mt -lboost_chrono-mt'
BOOST_PROGRAM_OPTIONS_LIB='-lboost_program_options-mt'
BOOST_SYSTEM_LIB='-lboost_system-mt'
BOOST_THREAD_LIB='-lboost_thread-mt'
BOOST_UNIT_TEST_FRAMEWORK_LIB=''
BREW='no'
BUILD_BITCOIND_FALSE='#'
BUILD_BITCOIND_TRUE=''
BUILD_BITCOIN_LIBS_FALSE='#'
BUILD_BITCOIN_LIBS_TRUE=''
BUILD_BITCOIN_UTILS_FALSE='#'
BUILD_BITCOIN_UTILS_TRUE=''
BUILD_DARWIN_FALSE=''
BUILD_DARWIN_TRUE='#'
BUILD_QT='qt'
BUILD_TEST=''
BUILD_TEST_QT=''
CC='/root/proxynode/depends/x86_64-apple-darwin11/share/../native/bin/ccache /root/proxynode/depends/x86_64-apple-darwin11/native/bin/clang -target x86_64-apple-darwin11 -mmacosx-version-min=10.8 --sysroot /root/proxynode/depends/SDKs/MacOSX10.11.sdk -mlinker-version=253.9'
CCACHE='/root/proxynode/depends/x86_64-apple-darwin11/share/../native/bin/ccache'
CCDEPMODE='depmode=gcc3'
CFLAGS='-pipe -O2 '
CLIENT_VERSION_BUILD='0'
CLIENT_VERSION_IS_RELEASE='true'
CLIENT_VERSION_MAJOR='1'
CLIENT_VERSION_MINOR='0'
CLIENT_VERSION_REVISION='0'
COMPARISON_TOOL_REORG_TESTS='0'
COPYRIGHT_YEAR='2018'
CPP='/root/proxynode/depends/x86_64-apple-darwin11/native/bin/clang -target x86_64-apple-darwin11 -mmacosx-version-min=10.8 --sysroot /root/proxynode/depends/SDKs/MacOSX10.11.sdk -mlinker-version=253.9 -E'
CPPFILT='/usr/bin/c++filt'
CPPFLAGS='-Qunused-arguments -I/root/proxynode/depends/x86_64-apple-darwin11/share/../include/  -DBOOST_SPIRIT_THREADSAFE -DHAVE_BUILD_INFO -D__STDC_FORMAT_MACROS -DMAC_OSX  -U_FORTIFY_SOURCE -D_FORTIFY_SOURCE=2 -DHAVE_QT5'
CRYPTO_CFLAGS='-I/root/proxynode/depends/x86_64-apple-darwin11/include'
CRYPTO_LIBS='-L/root/proxynode/depends/x86_64-apple-darwin11/lib -lcrypto'
CXX='/root/proxynode/depends/x86_64-apple-darwin11/share/../native/bin/ccache /root/proxynode/depends/x86_64-apple-darwin11/native/bin/clang++ -target x86_64-apple-darwin11 -mmacosx-version-min=10.8 --sysroot /root/proxynode/depends/SDKs/MacOSX10.11.sdk -mlinker-version=253.9 -stdlib=libc++ -std=c++11'
CXXCPP='/root/proxynode/depends/x86_64-apple-darwin11/native/bin/clang++ -target x86_64-apple-darwin11 -mmacosx-version-min=10.8 --sysroot /root/proxynode/depends/SDKs/MacOSX10.11.sdk -mlinker-version=253.9 -stdlib=libc++ -std=c++11 -E'
CXXDEPMODE='depmode=gcc3'
CXXFLAGS='-pipe -O2   -Wstack-protector -fstack-protector-all -fPIC -fvisibility=hidden'
CYGPATH_W='echo'
DEFS='-DHAVE_CONFIG_H'
DEPDIR='.deps'
DLLTOOL='false'
DSYMUTIL='x86_64-apple-darwin11-dsymutil'
DUMPBIN=''
ECHO_C=''
ECHO_N='-n'
ECHO_T=''
EGREP='/bin/grep -E'
EMBEDDED_LEVELDB_FALSE='#'
EMBEDDED_LEVELDB_TRUE=''
ENABLE_QT_FALSE='#'
ENABLE_QT_TESTS_FALSE=''
ENABLE_QT_TESTS_TRUE='#'
ENABLE_QT_TRUE=''
ENABLE_TESTS_FALSE=''
ENABLE_TESTS_TRUE='#'
ENABLE_WALLET_FALSE='#'
ENABLE_WALLET_TRUE=''
ENABLE_ZMQ_FALSE=''
ENABLE_ZMQ_TRUE='#'
EXEEXT=''
FGREP='/bin/grep -F'
GCOV='/usr/bin/gcov'
GENHTML=''
GENISOIMAGE='/root/proxynode/depends/x86_64-apple-darwin11/share/../native/bin/genisoimage'
GIT='/usr/bin/git'
GLIBC_BACK_COMPAT_FALSE=''
GLIBC_BACK_COMPAT_TRUE='#'
GREP='/bin/grep'
HAVE_CXX11='1'
HAVE_QT5_FALSE='#'
HAVE_QT5_TRUE=''
HEXDUMP='/usr/bin/hexdump'
IMAGEMAGICK_CONVERT='/usr/bin/convert'
INSTALLNAMETOOL='/root/proxynode/depends/x86_64-apple-darwin11/share/../native/bin/x86_64-apple-darwin11-install_name_tool'
INSTALL_DATA='${INSTALL} -m 644'
INSTALL_PROGRAM='${INSTALL}'
INSTALL_SCRIPT='${INSTALL}'
INSTALL_STRIP_PROGRAM='$(install_sh) -c -s'
JAVA=''
JAVA_COMPARISON_TOOL=''
LCOV=''
LD='/root/proxynode/depends/x86_64-apple-darwin11/native/bin/x86_64-apple-darwin11-ld'
LDFLAGS='-L/root/proxynode/depends/x86_64-apple-darwin11/share/../lib  -Wl,-headerpad_max_install_names  -Wl,-dead_strip'
LEVELDB_CPPFLAGS=''
LEVELDB_TARGET_FLAGS='TARGET_OS=Darwin'
LIBLEVELDB=''
LIBMEMENV=''
LIBOBJS=''
LIBS='-lcrypto '
LIBTOOL='$(SHELL) $(top_builddir)/libtool'
LIBTOOL_APP_LDFLAGS=''
LIPO='x86_64-apple-darwin11-lipo'
LN_S='ln -s'
LRELEASE='/root/proxynode/depends/x86_64-apple-darwin11/share/../native/bin/lrelease'
LTLIBOBJS=''
LT_SYS_LIBRARY_PATH=''
LUPDATE=''
MAINT=''
MAINTAINER_MODE_FALSE='#'
MAINTAINER_MODE_TRUE=''
MAKEINFO='${SHELL} /root/proxynode/build-aux/missing makeinfo'
MAKENSIS=''
MANIFEST_TOOL=':'
MINIUPNPC_CPPFLAGS=''
MINIUPNPC_LIBS='-lminiupnpc'
MKDIR_P='/bin/mkdir -p'
MOC='/root/proxynode/depends/x86_64-apple-darwin11/share/../native/bin/moc'
MOC_DEFS='-DHAVE_CONFIG_H -I$(srcdir) -DQ_OS_MAC'
NM='/root/proxynode/depends/x86_64-apple-darwin11/native/bin/x86_64-apple-darwin11-nm'
NMEDIT='x86_64-apple-darwin11-nmedit'
OBJCOPY='/usr/bin/objcopy'
OBJCXX='/root/proxynode/depends/x86_64-apple-darwin11/native/bin/clang++ -target x86_64-apple-darwin11 -mmacosx-version-min=10.8 --sysroot /root/proxynode/depends/SDKs/MacOSX10.11.sdk -mlinker-version=253.9 -stdlib=libc++ -std=c++11'
OBJCXXDEPMODE='depmode=gcc3'
OBJCXXFLAGS='-pipe -O2   -Wstack-protector -fstack-protector-all -fPIC'
OBJDUMP='objdump'
OBJEXT='o'
OTOOL64=':'
OTOOL='/root/proxynode/depends/x86_64-apple-darwin11/share/../native/bin/x86_64-apple-darwin11-otool'
PACKAGE='prx'
PACKAGE_BUGREPORT='www.prx.org'
PACKAGE_NAME='Prx Core'
PACKAGE_STRING='Prx Core 1.0.0'
PACKAGE_TARNAME='prx'
PACKAGE_URL=''
PACKAGE_VERSION='1.0.0'
PATH_SEPARATOR=':'
PKG_CONFIG='/usr/bin/pkg-config --static'
PKG_CONFIG_LIBDIR=''
PKG_CONFIG_PATH='/root/proxynode/depends/x86_64-apple-darwin11/share/../share/pkgconfig:/root/proxynode/depends/x86_64-apple-darwin11/share/../lib/pkgconfig'
PORT='no'
PROTOBUF_CFLAGS='-D_THREAD_SAFE -I/root/proxynode/depends/x86_64-apple-darwin11/include'
PROTOBUF_LIBS='-L/root/proxynode/depends/x86_64-apple-darwin11/lib -lprotobuf -D_THREAD_SAFE -lz'
PROTOC='/root/proxynode/depends/x86_64-apple-darwin11/share/../native/bin/protoc'
PTHREAD_CC='/root/proxynode/depends/x86_64-apple-darwin11/native/bin/clang -target x86_64-apple-darwin11 -mmacosx-version-min=10.8 --sysroot /root/proxynode/depends/SDKs/MacOSX10.11.sdk -mlinker-version=253.9'
PTHREAD_CFLAGS='-D_THREAD_SAFE -pthread'
PTHREAD_LIBS=''
PYTHON='/usr/bin/python3'
PYTHONPATH='/root/proxynode/depends/x86_64-apple-darwin11/share/../native/lib/python/dist-packages:'
QR_CFLAGS='-I/root/proxynode/depends/x86_64-apple-darwin11/include'
QR_LIBS='-L/root/proxynode/depends/x86_64-apple-darwin11/lib -lqrencode -lpthread'
QTPLATFORM_CFLAGS='-I/root/proxynode/depends/x86_64-apple-darwin11/include/QtPlatformSupport -I/root/proxynode/depends/x86_64-apple-darwin11/include/QtGui -I/root/proxynode/depends/x86_64-apple-darwin11/include/QtCore'
QTPLATFORM_LIBS='-L/root/proxynode/depends/x86_64-apple-darwin11/lib -lQt5PlatformSupport -lQt5Gui -framework DiskArbitration -framework IOKit -framework Foundation -framework CoreServices -framework AppKit -framework ApplicationServices -framework CoreFoundation -lqtpng -lqtharfbuzzng -framework OpenGL -framework AGL -lQt5Core -lz -lqtpcre -lm -lz -framework AppKit -framework OpenGL -framework ApplicationServices -framework AGL -lQt5Gui -lQt5Core -framework DiskArbitration -framework IOKit -lz -lqtpcre -lm -framework Foundation -framework CoreServices -framework AppKit -framework ApplicationServices -framework CoreFoundation -framework AppKit -framework Foundation -lqtpng -lqtharfbuzzng -framework ApplicationServices -lz -framework OpenGL -framework AGL -lQt5Core -framework DiskArbitration -framework IOKit -lz -lqtpcre -lm -framework Foundation -framework CoreServices -framework AppKit -framework ApplicationServices -framework CoreFoundation'
QTPRINT_CFLAGS='-I/root/proxynode/depends/x86_64-apple-darwin11/include/QtPrintSupport -I/root/proxynode/depends/x86_64-apple-darwin11/include/QtWidgets -I/root/proxynode/depends/x86_64-apple-darwin11/include/QtGui -I/root/proxynode/depends/x86_64-apple-darwin11/include/QtCore'
QTPRINT_LIBS='-L/root/proxynode/depends/x86_64-apple-darwin11/lib -lQt5PrintSupport -lQt5Widgets -framework DiskArbitration -framework IOKit -framework Foundation -framework CoreServices -framework AppKit -framework ApplicationServices -framework CoreFoundation -framework OpenGL -framework AGL -framework Carbon -lQt5Gui -lqtpng -lqtharfbuzzng -lQt5Core -lz -lqtpcre -lm -framework AppKit -framework OpenGL -framework AGL -lQt5Widgets -lQt5Gui -framework DiskArbitration -framework IOKit -framework Foundation -framework CoreServices -framework AppKit -framework ApplicationServices -framework CoreFoundation -lqtpng -lqtharfbuzzng -framework OpenGL -framework AGL -lQt5Core -lz -lqtpcre -lm -framework AppKit -lz -framework Carbon -framework OpenGL -framework AGL -lQt5Gui -lQt5Core -framework DiskArbitration -framework IOKit -lz -lqtpcre -lm -framework Foundation -framework CoreServices -framework AppKit -framework ApplicationServices -framework CoreFoundation -framework AppKit -framework Foundation -lqtpng -lqtharfbuzzng -framework ApplicationServices -lz -framework OpenGL -framework AGL -lQt5Core -framework DiskArbitration -framework IOKit -lz -lqtpcre -lm -framework Foundation -framework CoreServices -framework AppKit -framework ApplicationServices -framework CoreFoundation'
QTXCBQPA_CFLAGS=''
QTXCBQPA_LIBS=''
QT_CFLAGS='-I/root/proxynode/depends/x86_64-apple-darwin11/include/QtNetwork -I/root/proxynode/depends/x86_64-apple-darwin11/include/QtWidgets -I/root/proxynode/depends/x86_64-apple-darwin11/include/QtGui -I/root/proxynode/depends/x86_64-apple-darwin11/include/QtCore'
QT_DBUS_CFLAGS='-I/root/proxynode/depends/x86_64-apple-darwin11/include/QtDBus -I/root/proxynode/depends/x86_64-apple-darwin11/include/QtCore'
QT_DBUS_INCLUDES='-I/root/proxynode/depends/x86_64-apple-darwin11/include/QtDBus -I/root/proxynode/depends/x86_64-apple-darwin11/include/QtCore'
QT_DBUS_LIBS='-L/root/proxynode/depends/x86_64-apple-darwin11/lib -lQt5DBus -lQt5Core -framework DiskArbitration -framework IOKit -lz -lqtpcre -lm -framework Foundation -framework CoreServices -framework AppKit -framework ApplicationServices -framework CoreFoundation -lQt5Core -framework DiskArbitration -framework IOKit -lz -lqtpcre -lm -framework Foundation -framework CoreServices -framework AppKit -framework ApplicationServices -framework CoreFoundation'
QT_INCLUDES='-I/root/proxynode/depends/x86_64-apple-darwin11/include/QtNetwork -I/root/proxynode/depends/x86_64-apple-darwin11/include/QtWidgets -I/root/proxynode/depends/x86_64-apple-darwin11/include/QtGui -I/root/proxynode/depends/x86_64-apple-darwin11/include/QtCore'
QT_LDFLAGS=''
QT_LIBS='-lqcocoa -L/root/proxynode/depends/x86_64-apple-darwin11/lib -lQt5PrintSupport -lQt5Widgets -framework DiskArbitration -framework IOKit -framework Foundation -framework CoreServices -framework AppKit -framework ApplicationServices -framework CoreFoundation -framework OpenGL -framework AGL -framework Carbon -lQt5Gui -lqtpng -lqtharfbuzzng -lQt5Core -lz -lqtpcre -lm -framework AppKit -framework OpenGL -framework AGL -lQt5Widgets -lQt5Gui -framework DiskArbitration -framework IOKit -framework Foundation -framework CoreServices -framework AppKit -framework ApplicationServices -framework CoreFoundation -lqtpng -lqtharfbuzzng -framework OpenGL -framework AGL -lQt5Core -lz -lqtpcre -lm -framework AppKit -lz -framework Carbon -framework OpenGL -framework AGL -lQt5Gui -lQt5Core -framework DiskArbitration -framework IOKit -lz -lqtpcre -lm -framework Foundation -framework CoreServices -framework AppKit -framework ApplicationServices -framework CoreFoundation -framework AppKit -framework Foundation -lqtpng -lqtharfbuzzng -framework ApplicationServices -lz -framework OpenGL -framework AGL -lQt5Core -framework DiskArbitration -framework IOKit -lz -lqtpcre -lm -framework Foundation -framework CoreServices -framework AppKit -framework ApplicationServices -framework CoreFoundation -L/root/proxynode/depends/x86_64-apple-darwin11/lib -lQt5PlatformSupport -lQt5Gui -framework DiskArbitration -framework IOKit -framework Foundation -framework CoreServices -framework AppKit -framework ApplicationServices -framework CoreFoundation -lqtpng -lqtharfbuzzng -framework OpenGL -framework AGL -lQt5Core -lz -lqtpcre -lm -lz -framework AppKit -framework OpenGL -framework ApplicationServices -framework AGL -lQt5Gui -lQt5Core -framework DiskArbitration -framework IOKit -lz -lqtpcre -lm -framework Foundation -framework CoreServices -framework AppKit -framework ApplicationServices -framework CoreFoundation -framework AppKit -framework Foundation -lqtpng -lqtharfbuzzng -framework ApplicationServices -lz -framework OpenGL -framework AGL -lQt5Core -framework DiskArbitration -framework IOKit -lz -lqtpcre -lm -framework Foundation -framework CoreServices -framework AppKit -framework ApplicationServices -framework CoreFoundation -L/root/proxynode/depends/x86_64-apple-darwin11/lib -lQt5Network -lQt5Core -framework DiskArbitration -framework IOKit -lz -lqtpcre -lm -framework Foundation -framework CoreServices -framework AppKit -framework ApplicationServices -framework CoreFoundation -framework Security -lz -framework SystemConfiguration -framework CoreFoundation -framework CoreServices -lssl -lcrypto -lQt5Widgets -lQt5Gui -framework DiskArbitration -framework IOKit -framework Foundation -framework CoreServices -framework AppKit -framework ApplicationServices -framework CoreFoundation -lqtpng -lqtharfbuzzng -framework OpenGL -framework AGL -lQt5Core -lz -lqtpcre -lm -framework AppKit -lz -framework Carbon -framework OpenGL -framework AGL -lQt5Gui -lQt5Core -framework DiskArbitration -framework IOKit -lz -lqtpcre -lm -framework Foundation -framework CoreServices -framework AppKit -framework ApplicationServices -framework CoreFoundation -framework AppKit -framework Foundation -lqtpng -lqtharfbuzzng -framework ApplicationServices -lz -framework OpenGL -framework AGL -lQt5Core -framework DiskArbitration -framework IOKit -lz -lqtpcre -lm -framework Foundation -framework CoreServices -framework AppKit -framework ApplicationServices -framework CoreFoundation -L/root/proxynode/depends/x86_64-apple-darwin11/share/../plugins/platforms -framework IOKit -framework Foundation -framework ApplicationServices -framework AppKit'
QT_PIE_FLAGS=''
QT_SELECT='qt5'
QT_TEST_CFLAGS='-I/root/proxynode/depends/x86_64-apple-darwin11/include/QtTest -I/root/proxynode/depends/x86_64-apple-darwin11/include/QtCore'
QT_TEST_INCLUDES='-I/root/proxynode/depends/x86_64-apple-darwin11/include/QtTest -I/root/proxynode/depends/x86_64-apple-darwin11/include/QtCore'
QT_TEST_LIBS='-L/root/proxynode/depends/x86_64-apple-darwin11/lib -lQt5Test -framework Security -framework Foundation -framework ApplicationServices -framework IOKit -lQt5Core -framework DiskArbitration -lz -lqtpcre -lm -framework CoreServices -framework AppKit -framework CoreFoundation -lQt5Core -framework DiskArbitration -framework IOKit -lz -lqtpcre -lm -framework Foundation -framework CoreServices -framework AppKit -framework ApplicationServices -framework CoreFoundation'
QT_TRANSLATION_DIR='/root/proxynode/depends/x86_64-apple-darwin11/share/../translations'
RANLIB='/root/proxynode/depends/x86_64-apple-darwin11/native/bin/x86_64-apple-darwin11-ranlib'
RCC='/root/proxynode/depends/x86_64-apple-darwin11/share/../native/bin/rcc'
READELF='/usr/bin/readelf'
RELDFLAGS=''
RSVG_CONVERT='/usr/bin/rsvg-convert'
SED='/bin/sed'
SET_MAKE=''
SHELL='/bin/bash'
SSL_CFLAGS='-I/root/proxynode/depends/x86_64-apple-darwin11/include'
SSL_LIBS='-L/root/proxynode/depends/x86_64-apple-darwin11/lib -lssl -lcrypto'
STRIP='/root/proxynode/depends/x86_64-apple-darwin11/share/../native/bin/x86_64-apple-darwin11-strip'
TARGET_DARWIN_FALSE='#'
TARGET_DARWIN_TRUE=''
TARGET_WINDOWS_FALSE=''
TARGET_WINDOWS_TRUE='#'
TESTDEFS=''
TIFFCP='/usr/bin/tiffcp'
UIC='/root/proxynode/depends/x86_64-apple-darwin11/share/../native/bin/uic'
USE_COMPARISON_TOOL_FALSE=''
USE_COMPARISON_TOOL_REORG_TESTS_FALSE='#'
USE_COMPARISON_TOOL_REORG_TESTS_TRUE=''
USE_COMPARISON_TOOL_TRUE='#'
USE_LCOV_FALSE=''
USE_LCOV_TRUE='#'
USE_LIBSECP256K1_FALSE=''
USE_LIBSECP256K1_TRUE='#'
USE_QRCODE=''
USE_QRCODE_FALSE='#'
USE_QRCODE_TRUE=''
USE_UPNP=''
VERSION='1.0.0'
WINDOWS_BITS=''
WINDRES=''
X11XCB_CFLAGS=''
X11XCB_LIBS=''
XGETTEXT=''
ZMQ_CFLAGS=''
ZMQ_LIBS=''
ac_ct_AR=''
ac_ct_CC=''
ac_ct_CXX=''
ac_ct_DUMPBIN=''
ac_ct_OBJCXX=''
am__EXEEXT_FALSE=''
am__EXEEXT_TRUE='#'
am__fastdepCC_FALSE='#'
am__fastdepCC_TRUE=''
am__fastdepCXX_FALSE='#'
am__fastdepCXX_TRUE=''
am__fastdepOBJCXX_FALSE='#'
am__fastdepOBJCXX_TRUE=''
am__include='include'
am__isrc=''
am__leading_dot='.'
am__nodep='_no'
am__quote=''
am__tar='$${TAR-tar} chof - "$$tardir"'
am__untar='$${TAR-tar} xf -'
ax_pthread_config=''
bindir='${exec_prefix}/bin'
build='x86_64-pc-linux-gnu'
build_alias=''
build_cpu='x86_64'
build_os='linux-gnu'
build_vendor='pc'
datadir='${datarootdir}'
datarootdir='${prefix}/share'
docdir='${datarootdir}/doc/${PACKAGE_TARNAME}'
dvidir='${docdir}'
exec_prefix='${prefix}'
host='x86_64-apple-darwin11'
host_alias='x86_64-apple-darwin11'
host_cpu='x86_64'
host_os='darwin11'
host_vendor='apple'
htmldir='${docdir}'
includedir='${prefix}/include'
infodir='${datarootdir}/info'
install_sh='${SHELL} /root/proxynode/build-aux/install-sh'
libdir='${exec_prefix}/lib'
libexecdir='${exec_prefix}/libexec'
localedir='${datarootdir}/locale'
localstatedir='${prefix}/var'
mandir='${datarootdir}/man'
mkdir_p='$(MKDIR_P)'
oldincludedir='/usr/include'
pdfdir='${docdir}'
prefix='/'
program_transform_name='s,x,x,'
psdir='${docdir}'
runstatedir='${localstatedir}/run'
sbindir='${exec_prefix}/sbin'
sharedstatedir='${prefix}/com'
subdirs=' src/secp256k1'
sysconfdir='${prefix}/etc'
target_alias=''

## ----------- ##
## confdefs.h. ##
## ----------- ##

/* confdefs.h */
#define PACKAGE_NAME "Prx Core"
#define PACKAGE_TARNAME "prx"
#define PACKAGE_VERSION "1.0.0"
#define PACKAGE_STRING "Prx Core 1.0.0"
#define PACKAGE_BUGREPORT "www.prx.org"
#define PACKAGE_URL ""
#define HAVE_CXX11 1
#define STDC_HEADERS 1
#define HAVE_SYS_TYPES_H 1
#define HAVE_SYS_STAT_H 1
#define HAVE_STDLIB_H 1
#define HAVE_STRING_H 1
#define HAVE_MEMORY_H 1
#define HAVE_STRINGS_H 1
#define HAVE_INTTYPES_H 1
#define HAVE_STDINT_H 1
#define HAVE_UNISTD_H 1
#define HAVE_DLFCN_H 1
#define LT_OBJDIR ".libs/"
#define HAVE_PTHREAD_PRIO_INHERIT 1
#define HAVE_PTHREAD 1
#define HAVE_DECL_STRERROR_R 1
#define HAVE_STRERROR_R 1
#define HAVE_FUNC_ATTRIBUTE_VISIBILITY 1
#define HAVE_STDIO_H 1
#define HAVE_STDLIB_H 1
#define HAVE_UNISTD_H 1
#define HAVE_STRINGS_H 1
#define HAVE_SYS_TYPES_H 1
#define HAVE_SYS_STAT_H 1
#define HAVE_SYS_SELECT_H 1
#define HAVE_INET_PTON 1
#define HAVE_DECL_STRNLEN 1
#define HAVE_DECL_LE32TOH 0
#define HAVE_DECL_LE64TOH 0
#define HAVE_DECL_HTOLE32 0
#define HAVE_DECL_HTOLE64 0
#define HAVE_DECL_BE32TOH 0
#define HAVE_DECL_BE64TOH 0
#define HAVE_DECL_HTOBE32 0
#define HAVE_DECL_HTOBE64 0
#define HAVE_VISIBILITY_ATTRIBUTE 1
#define HAVE_MINIUPNPC_MINIWGET_H 1
#define HAVE_MINIUPNPC_MINIUPNPC_H 1
#define HAVE_MINIUPNPC_UPNPCOMMANDS_H 1
#define HAVE_MINIUPNPC_UPNPERRORS_H 1
#define QT_STATICPLUGIN 1
#define QT_QPA_PLATFORM_COCOA 1
#define HAVE_QT5 1
#define HAVE_BOOST /**/
#define HAVE_BOOST_SYSTEM /**/
#define HAVE_BOOST_FILESYSTEM /**/
#define HAVE_BOOST_PROGRAM_OPTIONS /**/
#define HAVE_BOOST_THREAD /**/
#define HAVE_BOOST_CHRONO /**/
#define HAVE_WORKING_BOOST_SLEEP_FOR 1
#define ENABLE_ZMQ 0
#define HAVE_LIBCRYPTO 1
#define HAVE_CONSENSUS_LIB 1
#define ENABLE_WALLET 1
#define USE_UPNP 0
#define USE_DBUS 1
#define USE_QRCODE 1
#define CLIENT_VERSION_MAJOR 1
#define CLIENT_VERSION_MINOR 0
#define CLIENT_VERSION_REVISION 0
#define CLIENT_VERSION_BUILD 0
#define CLIENT_VERSION_IS_RELEASE true
#define COPYRIGHT_YEAR 2018

configure: exit 0
